#! /Users/hambook/oss-cad-suite/bin/vvp
:ivl_version "13.0 (devel)" "(s20251012-54-g6651df6f2)";
:ivl_delay_selection "TYPICAL";
:vpi_time_precision - 12;
:vpi_module "/Users/hambook/oss-cad-suite/lib/ivl/system.vpi";
:vpi_module "/Users/hambook/oss-cad-suite/lib/ivl/vhdl_sys.vpi";
:vpi_module "/Users/hambook/oss-cad-suite/lib/ivl/vhdl_textio.vpi";
:vpi_module "/Users/hambook/oss-cad-suite/lib/ivl/v2005_math.vpi";
:vpi_module "/Users/hambook/oss-cad-suite/lib/ivl/va_math.vpi";
S_0x103000810 .scope module, "boot_path_tb" "boot_path_tb" 2 13;
 .timescale -9 -12;
P_0xc04c80000 .param/l "FLASH_OFFSET" 1 2 18, C4<010000000000000000000000>;
P_0xc04c80040 .param/l "IMAGE_SIZE" 1 2 19, C4<000000100011000000000000>;
L_0xc050f0000 .functor BUFZ 1, v0xc0511e080_0, C4<0>, C4<0>, C4<0>;
L_0xc050f0070 .functor BUFZ 1, v0xc051157c0_0, C4<0>, C4<0>, C4<0>;
v0xc05117480_0 .net *"_ivl_101", 0 0, L_0xc050a68a0;  1 drivers
v0xc05117520_0 .net *"_ivl_103", 6 0, L_0xc050a6940;  1 drivers
v0xc051175c0_0 .net *"_ivl_105", 9 0, L_0xc050a69e0;  1 drivers
v0xc05117660_0 .net *"_ivl_11", 0 0, L_0xc050a55e0;  1 drivers
o0xc048466b0 .functor BUFZ 1, c4<z>; HiZ drive
; Elide local net with no drivers, v0xc05117700_0 name=_ivl_12
v0xc051177a0_0 .net *"_ivl_17", 0 0, L_0xc050a5720;  1 drivers
o0xc04846710 .functor BUFZ 1, c4<z>; HiZ drive
; Elide local net with no drivers, v0xc05117840_0 name=_ivl_18
v0xc051178e0_0 .net *"_ivl_23", 0 0, L_0xc050a5860;  1 drivers
o0xc04846770 .functor BUFZ 1, c4<z>; HiZ drive
; Elide local net with no drivers, v0xc05117980_0 name=_ivl_24
v0xc05117a20_0 .net *"_ivl_29", 0 0, L_0xc050a59a0;  1 drivers
o0xc048467d0 .functor BUFZ 1, c4<z>; HiZ drive
; Elide local net with no drivers, v0xc05117ac0_0 name=_ivl_30
v0xc05117b60_0 .net *"_ivl_35", 0 0, L_0xc050a5ae0;  1 drivers
o0xc04846830 .functor BUFZ 1, c4<z>; HiZ drive
; Elide local net with no drivers, v0xc05117c00_0 name=_ivl_36
v0xc05117ca0_0 .net *"_ivl_41", 0 0, L_0xc050a5c20;  1 drivers
o0xc04846890 .functor BUFZ 1, c4<z>; HiZ drive
; Elide local net with no drivers, v0xc05117d40_0 name=_ivl_42
v0xc05117de0_0 .net *"_ivl_47", 0 0, L_0xc050a5d60;  1 drivers
o0xc048468f0 .functor BUFZ 1, c4<z>; HiZ drive
; Elide local net with no drivers, v0xc05117e80_0 name=_ivl_48
v0xc05117f20_0 .net *"_ivl_5", 0 0, L_0xc050a54a0;  1 drivers
v0xc0502fd40_0 .net *"_ivl_53", 0 0, L_0xc050a5ea0;  1 drivers
o0xc04846980 .functor BUFZ 1, c4<z>; HiZ drive
; Elide local net with no drivers, v0xc0511c000_0 name=_ivl_54
v0xc0511c0a0_0 .net *"_ivl_59", 0 0, L_0xc050a5fe0;  1 drivers
o0xc048469e0 .functor BUFZ 1, c4<z>; HiZ drive
; Elide local net with no drivers, v0xc0511c140_0 name=_ivl_6
o0xc04846a10 .functor BUFZ 1, c4<z>; HiZ drive
; Elide local net with no drivers, v0xc0511c1e0_0 name=_ivl_60
v0xc0511c280_0 .net *"_ivl_65", 0 0, L_0xc050a6120;  1 drivers
o0xc04846a70 .functor BUFZ 1, c4<z>; HiZ drive
; Elide local net with no drivers, v0xc0511c320_0 name=_ivl_66
v0xc0511c3c0_0 .net *"_ivl_71", 0 0, L_0xc050a6260;  1 drivers
o0xc04846ad0 .functor BUFZ 1, c4<z>; HiZ drive
; Elide local net with no drivers, v0xc0511c460_0 name=_ivl_72
v0xc0511c500_0 .net *"_ivl_77", 0 0, L_0xc050a63a0;  1 drivers
o0xc04846b30 .functor BUFZ 1, c4<z>; HiZ drive
; Elide local net with no drivers, v0xc0511c5a0_0 name=_ivl_78
v0xc0511c640_0 .net *"_ivl_83", 0 0, L_0xc050a64e0;  1 drivers
o0xc04846b90 .functor BUFZ 1, c4<z>; HiZ drive
; Elide local net with no drivers, v0xc0511c6e0_0 name=_ivl_84
v0xc0511c780_0 .net *"_ivl_89", 0 0, L_0xc050a6620;  1 drivers
o0xc04846bf0 .functor BUFZ 1, c4<z>; HiZ drive
; Elide local net with no drivers, v0xc0511c820_0 name=_ivl_90
v0xc0511c8c0_0 .net *"_ivl_95", 0 0, L_0xc050a6760;  1 drivers
o0xc04846c50 .functor BUFZ 1, c4<z>; HiZ drive
; Elide local net with no drivers, v0xc0511c960_0 name=_ivl_96
v0xc0511ca00_0 .var "actual_word", 15 0;
v0xc0511caa0_0 .net "arb_sdram_addr", 25 0, L_0xc050a6bc0;  1 drivers
v0xc0511cb40_0 .net "arb_sdram_req", 0 0, L_0xc050a6a80;  1 drivers
v0xc0511cbe0_0 .net "arb_sdram_wdata", 15 0, L_0xc050a6c60;  1 drivers
v0xc0511cc80_0 .net "arb_sdram_write", 0 0, L_0xc050a6b20;  1 drivers
v0xc0511cd20_0 .var/i "block_i", 31 0;
v0xc0511cdc0_0 .net "boot_done", 0 0, v0xc0502fde0_0;  1 drivers
v0xc0511ce60_0 .net "boot_sdram_addr", 25 0, v0xc05114780_0;  1 drivers
v0xc0511cf00_0 .net "boot_sdram_ready", 0 0, L_0xc050a6d00;  1 drivers
v0xc0511cfa0_0 .net "boot_sdram_req", 0 0, v0xc051146e0_0;  1 drivers
v0xc0511d040_0 .net "boot_sdram_wdata", 15 0, v0xc051148c0_0;  1 drivers
v0xc0511d0e0_0 .net "boot_sdram_write", 0 0, v0xc05114960_0;  1 drivers
v0xc0511d180_0 .net "buf_addr_a", 8 0, v0xc0502e760_0;  1 drivers
L_0xc048780a0 .functor BUFT 1, C4<00000000>, C4<0>, C4<0>, C4<0>;
v0xc0511d220_0 .net "buf_rdata_a", 7 0, L_0xc048780a0;  1 drivers
v0xc0511d2c0_0 .net "buf_wdata_a", 7 0, v0xc0502e8a0_0;  1 drivers
v0xc0511d360_0 .net "buf_we_a", 0 0, v0xc0502e940_0;  1 drivers
v0xc0511d400_0 .var "chip_active_bank", 1 0;
v0xc0511d4a0_0 .var "chip_active_row", 12 0;
v0xc0511d540_0 .var "chip_cas_delay", 2 0;
v0xc0511d5e0_0 .net "chip_cmd", 3 0, L_0xc04c8d900;  1 drivers
v0xc0511d680_0 .var "chip_dq_oe", 0 0;
v0xc0511d720_0 .var "chip_dq_out", 15 0;
v0xc0511d7c0_0 .var "chip_read_idx", 17 0;
v0xc0511d860_0 .net "chip_wr_idx", 17 0, L_0xc04c8d220;  1 drivers
v0xc0511d900_0 .var "clk", 0 0;
v0xc0511d9a0_0 .var/i "errors_in_block", 31 0;
v0xc0511da40_0 .var "expected_word", 15 0;
v0xc0511dae0_0 .var/i "fail_count", 31 0;
v0xc0511db80_0 .net "flash_busy", 0 0, v0xc05114be0_0;  1 drivers
v0xc0511dc20_0 .net "flash_byte_count", 23 0, v0xc051141e0_0;  1 drivers
v0xc0511dcc0_0 .net "flash_data_out", 7 0, v0xc05114f00_0;  1 drivers
v0xc0511dd60_0 .net "flash_data_ready", 0 0, v0xc05114320_0;  1 drivers
v0xc0511de00_0 .net "flash_data_valid", 0 0, v0xc05115040_0;  1 drivers
v0xc0511dea0_0 .net "flash_done", 0 0, v0xc051150e0_0;  1 drivers
v0xc0511df40_0 .var/i "flash_init_i", 31 0;
v0xc0511dfe0 .array "flash_mem", 262143 0, 7 0;
v0xc0511e080_0 .var "flash_miso_reg", 0 0;
v0xc0511e120_0 .net "flash_miso_reg_w", 0 0, L_0xc050f0000;  1 drivers
v0xc0511e1c0_0 .net "flash_mosi", 0 0, v0xc05115220_0;  1 drivers
v0xc0511e260_0 .net "flash_ncs", 0 0, v0xc051152c0_0;  1 drivers
L_0xc04878058 .functor BUFT 1, C4<1>, C4<0>, C4<0>, C4<0>;
v0xc0511e300_0 .net "flash_nhold", 0 0, L_0xc04878058;  1 drivers
L_0xc04878010 .functor BUFT 1, C4<1>, C4<0>, C4<0>, C4<0>;
v0xc0511e3a0_0 .net "flash_nwp", 0 0, L_0xc04878010;  1 drivers
v0xc0511e440_0 .net "flash_sck", 0 0, v0xc051157c0_0;  1 drivers
v0xc0511e4e0_0 .net "flash_start", 0 0, v0xc05114460_0;  1 drivers
v0xc0511e580_0 .net "flash_start_addr", 23 0, v0xc051140a0_0;  1 drivers
v0xc0511e620_0 .var "idx", 17 0;
v0xc0511e6c0_0 .var/i "pass_count", 31 0;
v0xc0511e760_0 .var "rst_n", 0 0;
v0xc0511e800_0 .net "sd0", 0 0, L_0xc050a5540;  1 drivers
v0xc0511e8a0_0 .net "sd1", 0 0, L_0xc050a5680;  1 drivers
v0xc0511e940_0 .net "sd10", 0 0, L_0xc050a61c0;  1 drivers
v0xc0511e9e0_0 .net "sd11", 0 0, L_0xc050a6300;  1 drivers
v0xc0511ea80_0 .net "sd12", 0 0, L_0xc050a6440;  1 drivers
v0xc0511eb20_0 .net "sd13", 0 0, L_0xc050a6580;  1 drivers
v0xc0511ebc0_0 .net "sd14", 0 0, L_0xc050a66c0;  1 drivers
v0xc0511ec60_0 .net "sd15", 0 0, L_0xc050a6800;  1 drivers
v0xc0511ed00_0 .net "sd2", 0 0, L_0xc050a57c0;  1 drivers
v0xc0511eda0_0 .net "sd3", 0 0, L_0xc050a5900;  1 drivers
v0xc0511ee40_0 .net "sd4", 0 0, L_0xc050a5a40;  1 drivers
v0xc0511eee0_0 .net "sd5", 0 0, L_0xc050a5b80;  1 drivers
v0xc0511ef80_0 .net "sd6", 0 0, L_0xc050a5cc0;  1 drivers
v0xc0511f020_0 .net "sd7", 0 0, L_0xc050a5e00;  1 drivers
v0xc0511f0c0_0 .net "sd8", 0 0, L_0xc050a5f40;  1 drivers
v0xc0511f160_0 .net "sd9", 0 0, L_0xc050a6080;  1 drivers
v0xc0511f200_0 .net "sdram_A", 12 0, v0xc05115ae0_0;  1 drivers
v0xc0511f2a0_0 .net "sdram_BA0", 0 0, L_0xc050a7020;  1 drivers
v0xc0511f340_0 .net "sdram_BA1", 0 0, L_0xc050a70c0;  1 drivers
v0xc0511f3e0_0 .net "sdram_CKE", 0 0, v0xc05115cc0_0;  1 drivers
v0xc0511f480_0 .net "sdram_CLK", 0 0, L_0xc050f0310;  1 drivers
RS_0xc04845cc0 .resolv tri, L_0xc04c8d7c0, L_0xc050a7160;
v0xc0511f520_0 .net8 "sdram_DQ", 15 0, RS_0xc04845cc0;  2 drivers
v0xc0511f5c0_0 .net "sdram_DQM0", 0 0, v0xc05115ea0_0;  1 drivers
v0xc0511f660_0 .net "sdram_DQM1", 0 0, v0xc05115f40_0;  1 drivers
v0xc0511f700_0 .net "sdram_init_done", 0 0, v0xc051164e0_0;  1 drivers
v0xc0511f7a0_0 .var/i "sdram_init_i", 31 0;
v0xc0511f840 .array "sdram_mem", 262143 0, 15 0;
v0xc0511f8e0_0 .net "sdram_nCAS", 0 0, L_0xc050a6ee0;  1 drivers
v0xc0511f980_0 .net "sdram_nCS", 0 0, L_0xc050a6da0;  1 drivers
v0xc0511fa20_0 .net "sdram_nRAS", 0 0, L_0xc050a6e40;  1 drivers
v0xc0511fac0_0 .net "sdram_nWE", 0 0, L_0xc050a6f80;  1 drivers
v0xc0511fb60_0 .net "sdram_req_rdata", 15 0, v0xc05116d00_0;  1 drivers
v0xc0511fc00_0 .net "sdram_req_rdata_valid", 0 0, v0xc05116da0_0;  1 drivers
v0xc0511fca0_0 .net "sdram_req_ready", 0 0, v0xc05116e40_0;  1 drivers
v0xc0511fd40_0 .var/i "sdram_write_count", 31 0;
v0xc0511fde0_0 .var "spi_addr_reg", 23 0;
v0xc0511fe80_0 .var "spi_bit_cnt", 5 0;
v0xc0511ff20_0 .var "spi_cmd_phase", 0 0;
v0xc05120000_0 .var "spi_cmd_reg", 7 0;
v0xc051200a0_0 .var "spi_data_byte", 7 0;
v0xc05120140_0 .var "spi_out_bit_cnt", 2 0;
v0xc051201e0_0 .var "spi_read_addr", 23 0;
v0xc05120280_0 .net "spi_sck", 0 0, L_0xc050f0070;  1 drivers
v0xc05120320 .array "test_blocks", 4 0, 15 0;
v0xc051203c0_0 .var/i "timeout", 31 0;
v0xc05120460_0 .var/i "word_i", 31 0;
E_0xc04c9d440 .event negedge, v0xc05120280_0;
E_0xc04c9d480 .event posedge, v0xc05120280_0;
E_0xc04c9d4c0 .event negedge, v0xc051152c0_0;
E_0xc04c9d500 .event posedge, v0xc051152c0_0;
E_0xc04c9d540 .event posedge, v0xc05115d60_0;
LS_0xc04c8d7c0_0_0 .concat [ 1 1 1 1], L_0xc050a5540, L_0xc050a5680, L_0xc050a57c0, L_0xc050a5900;
LS_0xc04c8d7c0_0_4 .concat [ 1 1 1 1], L_0xc050a5a40, L_0xc050a5b80, L_0xc050a5cc0, L_0xc050a5e00;
LS_0xc04c8d7c0_0_8 .concat [ 1 1 1 1], L_0xc050a5f40, L_0xc050a6080, L_0xc050a61c0, L_0xc050a6300;
LS_0xc04c8d7c0_0_12 .concat [ 1 1 1 1], L_0xc050a6440, L_0xc050a6580, L_0xc050a66c0, L_0xc050a6800;
L_0xc04c8d7c0 .concat [ 4 4 4 4], LS_0xc04c8d7c0_0_0, LS_0xc04c8d7c0_0_4, LS_0xc04c8d7c0_0_8, LS_0xc04c8d7c0_0_12;
L_0xc04c8d900 .concat [ 1 1 1 1], L_0xc050a6f80, L_0xc050a6ee0, L_0xc050a6e40, L_0xc050a6da0;
L_0xc050a54a0 .part v0xc0511d720_0, 0, 1;
L_0xc050a5540 .functor MUXZ 1, o0xc048469e0, L_0xc050a54a0, v0xc0511d680_0, C4<>;
L_0xc050a55e0 .part v0xc0511d720_0, 1, 1;
L_0xc050a5680 .functor MUXZ 1, o0xc048466b0, L_0xc050a55e0, v0xc0511d680_0, C4<>;
L_0xc050a5720 .part v0xc0511d720_0, 2, 1;
L_0xc050a57c0 .functor MUXZ 1, o0xc04846710, L_0xc050a5720, v0xc0511d680_0, C4<>;
L_0xc050a5860 .part v0xc0511d720_0, 3, 1;
L_0xc050a5900 .functor MUXZ 1, o0xc04846770, L_0xc050a5860, v0xc0511d680_0, C4<>;
L_0xc050a59a0 .part v0xc0511d720_0, 4, 1;
L_0xc050a5a40 .functor MUXZ 1, o0xc048467d0, L_0xc050a59a0, v0xc0511d680_0, C4<>;
L_0xc050a5ae0 .part v0xc0511d720_0, 5, 1;
L_0xc050a5b80 .functor MUXZ 1, o0xc04846830, L_0xc050a5ae0, v0xc0511d680_0, C4<>;
L_0xc050a5c20 .part v0xc0511d720_0, 6, 1;
L_0xc050a5cc0 .functor MUXZ 1, o0xc04846890, L_0xc050a5c20, v0xc0511d680_0, C4<>;
L_0xc050a5d60 .part v0xc0511d720_0, 7, 1;
L_0xc050a5e00 .functor MUXZ 1, o0xc048468f0, L_0xc050a5d60, v0xc0511d680_0, C4<>;
L_0xc050a5ea0 .part v0xc0511d720_0, 8, 1;
L_0xc050a5f40 .functor MUXZ 1, o0xc04846980, L_0xc050a5ea0, v0xc0511d680_0, C4<>;
L_0xc050a5fe0 .part v0xc0511d720_0, 9, 1;
L_0xc050a6080 .functor MUXZ 1, o0xc04846a10, L_0xc050a5fe0, v0xc0511d680_0, C4<>;
L_0xc050a6120 .part v0xc0511d720_0, 10, 1;
L_0xc050a61c0 .functor MUXZ 1, o0xc04846a70, L_0xc050a6120, v0xc0511d680_0, C4<>;
L_0xc050a6260 .part v0xc0511d720_0, 11, 1;
L_0xc050a6300 .functor MUXZ 1, o0xc04846ad0, L_0xc050a6260, v0xc0511d680_0, C4<>;
L_0xc050a63a0 .part v0xc0511d720_0, 12, 1;
L_0xc050a6440 .functor MUXZ 1, o0xc04846b30, L_0xc050a63a0, v0xc0511d680_0, C4<>;
L_0xc050a64e0 .part v0xc0511d720_0, 13, 1;
L_0xc050a6580 .functor MUXZ 1, o0xc04846b90, L_0xc050a64e0, v0xc0511d680_0, C4<>;
L_0xc050a6620 .part v0xc0511d720_0, 14, 1;
L_0xc050a66c0 .functor MUXZ 1, o0xc04846bf0, L_0xc050a6620, v0xc0511d680_0, C4<>;
L_0xc050a6760 .part v0xc0511d720_0, 15, 1;
L_0xc050a6800 .functor MUXZ 1, o0xc04846c50, L_0xc050a6760, v0xc0511d680_0, C4<>;
L_0xc050a68a0 .part v0xc0511d400_0, 0, 1;
L_0xc050a6940 .part v0xc0511d4a0_0, 0, 7;
L_0xc050a69e0 .part v0xc05115ae0_0, 0, 10;
L_0xc04c8d220 .concat [ 10 7 1 0], L_0xc050a69e0, L_0xc050a6940, L_0xc050a68a0;
S_0x102ff9b90 .scope function.vec4.s18, "block_to_idx" "block_to_idx" 2 371, 2 371 0, S_0x103000810;
 .timescale -9 -12;
v0xc0502d5e0_0 .var "bank", 1 0;
v0xc0502d680_0 .var "block_num", 15 0;
; Variable block_to_idx is vec4 return value of scope S_0x102ff9b90
v0xc0502d7c0_0 .var "byte_addr", 25 0;
v0xc0502d860_0 .var "col", 9 0;
v0xc0502d900_0 .var "row", 12 0;
v0xc0502d9a0_0 .var "word_offset", 8 0;
TD_boot_path_tb.block_to_idx ;
    %pushi/vec4 0, 0, 10;
    %load/vec4 v0xc0502d680_0;
    %concat/vec4; draw_concat_vec4
    %pad/u 27;
    %muli 512, 0, 27;
    %pushi/vec4 0, 0, 17;
    %load/vec4 v0xc0502d9a0_0;
    %concat/vec4; draw_concat_vec4
    %concati/vec4 0, 0, 1;
    %add;
    %pad/u 26;
    %store/vec4 v0xc0502d7c0_0, 0, 26;
    %load/vec4 v0xc0502d7c0_0;
    %parti/s 10, 1, 2;
    %store/vec4 v0xc0502d860_0, 0, 10;
    %load/vec4 v0xc0502d7c0_0;
    %parti/s 13, 11, 5;
    %store/vec4 v0xc0502d900_0, 0, 13;
    %load/vec4 v0xc0502d7c0_0;
    %parti/s 2, 24, 6;
    %store/vec4 v0xc0502d5e0_0, 0, 2;
    %load/vec4 v0xc0502d5e0_0;
    %parti/s 1, 0, 2;
    %load/vec4 v0xc0502d900_0;
    %parti/s 7, 0, 2;
    %concat/vec4; draw_concat_vec4
    %load/vec4 v0xc0502d860_0;
    %concat/vec4; draw_concat_vec4
    %ret/vec4 0, 0, 18;  Assign to block_to_idx (store_vec4_to_lval)
    %end;
S_0x102ff9d10 .scope task, "check" "check" 2 35, 2 35 0, S_0x103000810;
 .timescale -9 -12;
v0xc0502da40_0 .var "condition", 0 0;
v0xc0502dae0_0 .var "name", 511 0;
TD_boot_path_tb.check ;
    %load/vec4 v0xc0502da40_0;
    %flag_set/vec4 8;
    %jmp/0xz  T_1.0, 8;
    %vpi_call 2 38 "$display", "  PASS: %0s", v0xc0502dae0_0 {0 0 0};
    %load/vec4 v0xc0511e6c0_0;
    %addi 1, 0, 32;
    %store/vec4 v0xc0511e6c0_0, 0, 32;
    %jmp T_1.1;
T_1.0 ;
    %vpi_call 2 41 "$display", "  FAIL: %0s", v0xc0502dae0_0 {0 0 0};
    %load/vec4 v0xc0511dae0_0;
    %addi 1, 0, 32;
    %store/vec4 v0xc0511dae0_0, 0, 32;
T_1.1 ;
    %end;
S_0x102fec820 .scope begin, "full_scan" "full_scan" 2 519, 2 519 0, S_0x103000810;
 .timescale -9 -12;
v0xc0502db80_0 .var/i "block", 31 0;
v0xc0502dc20_0 .var "expected_byte", 7 0;
v0xc0502dcc0_0 .var/i "total_errors", 31 0;
v0xc0502dd60_0 .var/i "word_addr", 31 0;
S_0x102fec9a0 .scope module, "u_arbiter" "sdram_arbiter" 2 304, 3 5 0, S_0x103000810;
 .timescale -9 -12;
    .port_info 0 /INPUT 1 "clk";
    .port_info 1 /INPUT 1 "rst_n";
    .port_info 2 /INPUT 1 "boot_done";
    .port_info 3 /INPUT 1 "boot_req";
    .port_info 4 /INPUT 1 "boot_write";
    .port_info 5 /INPUT 26 "boot_addr";
    .port_info 6 /INPUT 16 "boot_wdata";
    .port_info 7 /OUTPUT 1 "boot_ready";
    .port_info 8 /INPUT 1 "dev_block_read_req";
    .port_info 9 /INPUT 1 "dev_block_write_req";
    .port_info 10 /INPUT 16 "dev_block_num";
    .port_info 11 /OUTPUT 1 "dev_block_ready";
    .port_info 12 /OUTPUT 9 "buf_addr_a";
    .port_info 13 /OUTPUT 8 "buf_wdata_a";
    .port_info 14 /OUTPUT 1 "buf_we_a";
    .port_info 15 /INPUT 8 "buf_rdata_a";
    .port_info 16 /OUTPUT 1 "sdram_req";
    .port_info 17 /OUTPUT 1 "sdram_write";
    .port_info 18 /OUTPUT 26 "sdram_addr";
    .port_info 19 /OUTPUT 16 "sdram_wdata";
    .port_info 20 /INPUT 1 "sdram_ready";
    .port_info 21 /INPUT 16 "sdram_rdata";
    .port_info 22 /INPUT 1 "sdram_rdata_valid";
P_0x102fffcf0 .param/l "S_BLOCK_READ_DONE" 1 3 86, C4<0101>;
P_0x102fffd30 .param/l "S_BLOCK_READ_ISSUE" 1 3 83, C4<0010>;
P_0x102fffd70 .param/l "S_BLOCK_READ_SETUP" 1 3 82, C4<0001>;
P_0x102fffdb0 .param/l "S_BLOCK_READ_STORE" 1 3 85, C4<0100>;
P_0x102fffdf0 .param/l "S_BLOCK_READ_WAIT" 1 3 84, C4<0011>;
P_0x102fffe30 .param/l "S_BLOCK_WRITE_DONE" 1 3 93, C4<1100>;
P_0x102fffe70 .param/l "S_BLOCK_WRITE_ISSUE" 1 3 91, C4<1010>;
P_0x102fffeb0 .param/l "S_BLOCK_WRITE_LOAD_HI" 1 3 89, C4<1000>;
P_0x102fffef0 .param/l "S_BLOCK_WRITE_LOAD_LO" 1 3 87, C4<0110>;
P_0x102ffff30 .param/l "S_BLOCK_WRITE_WAIT" 1 3 92, C4<1011>;
P_0x102ffff70 .param/l "S_BLOCK_WRITE_WAIT_HI" 1 3 90, C4<1001>;
P_0x102ffffb0 .param/l "S_BLOCK_WRITE_WAIT_LO" 1 3 88, C4<0111>;
P_0x102fffff0 .param/l "S_IDLE" 1 3 81, C4<0000>;
L_0xc050365a0 .functor NOT 1, v0xc0502ed00_0, C4<0>, C4<0>, C4<0>;
L_0xc05036990 .functor AND 1, v0xc0502ee40_0, L_0xc050365a0, C4<1>, C4<1>;
L_0xc05036a00 .functor NOT 1, v0xc0502f020_0, C4<0>, C4<0>, C4<0>;
L_0xc05036a70 .functor AND 1, v0xc0502f160_0, L_0xc05036a00, C4<1>, C4<1>;
v0xc0502de00_0 .net *"_ivl_13", 0 0, L_0xc05120500;  1 drivers
v0xc0502dea0_0 .net *"_ivl_17", 0 0, L_0xc051205a0;  1 drivers
v0xc0502df40_0 .net *"_ivl_21", 0 0, L_0xc05120640;  1 drivers
v0xc0502dfe0_0 .net *"_ivl_25", 0 0, L_0xc051206e0;  1 drivers
v0xc0502e080_0 .net *"_ivl_29", 0 0, L_0xc05120780;  1 drivers
L_0xc048780e8 .functor BUFT 1, C4<0>, C4<0>, C4<0>, C4<0>;
v0xc0502e120_0 .net/2u *"_ivl_30", 0 0, L_0xc048780e8;  1 drivers
v0xc0502e1c0_0 .net *"_ivl_4", 0 0, L_0xc050365a0;  1 drivers
v0xc0502e260_0 .net *"_ivl_8", 0 0, L_0xc05036a00;  1 drivers
v0xc0502e300_0 .var "base_addr", 25 0;
v0xc0502e3a0_0 .net "boot_addr", 25 0, v0xc05114780_0;  alias, 1 drivers
v0xc0502e440_0 .net "boot_done", 0 0, v0xc0502fde0_0;  alias, 1 drivers
v0xc0502e4e0_0 .net "boot_ready", 0 0, L_0xc050a6d00;  alias, 1 drivers
v0xc0502e580_0 .net "boot_req", 0 0, v0xc051146e0_0;  alias, 1 drivers
v0xc0502e620_0 .net "boot_wdata", 15 0, v0xc051148c0_0;  alias, 1 drivers
v0xc0502e6c0_0 .net "boot_write", 0 0, v0xc05114960_0;  alias, 1 drivers
v0xc0502e760_0 .var "buf_addr_a", 8 0;
v0xc0502e800_0 .net "buf_rdata_a", 7 0, L_0xc048780a0;  alias, 1 drivers
v0xc0502e8a0_0 .var "buf_wdata_a", 7 0;
v0xc0502e940_0 .var "buf_we_a", 0 0;
v0xc0502e9e0_0 .net "clk", 0 0, v0xc0511d900_0;  1 drivers
L_0xc048781c0 .functor BUFT 1, C4<0000000000000000>, C4<0>, C4<0>, C4<0>;
v0xc0502ea80_0 .net "dev_block_num", 15 0, L_0xc048781c0;  1 drivers
L_0xc04878130 .functor BUFT 1, C4<0>, C4<0>, C4<0>, C4<0>;
v0xc0502eb20_0 .net "dev_block_read_req", 0 0, L_0xc04878130;  1 drivers
v0xc0502ebc0_0 .var "dev_block_ready", 0 0;
L_0xc04878178 .functor BUFT 1, C4<0>, C4<0>, C4<0>, C4<0>;
v0xc0502ec60_0 .net "dev_block_write_req", 0 0, L_0xc04878178;  1 drivers
v0xc0502ed00_0 .var "dev_read_prev", 0 0;
v0xc0502eda0_0 .var "dev_read_r1", 0 0;
v0xc0502ee40_0 .var "dev_read_r2", 0 0;
v0xc0502eee0_0 .net "dev_read_rise", 0 0, L_0xc05036990;  1 drivers
v0xc0502ef80_0 .net "dev_read_sync", 0 0, v0xc0502ee40_0;  1 drivers
v0xc0502f020_0 .var "dev_write_prev", 0 0;
v0xc0502f0c0_0 .var "dev_write_r1", 0 0;
v0xc0502f160_0 .var "dev_write_r2", 0 0;
v0xc0502f200_0 .net "dev_write_rise", 0 0, L_0xc05036a70;  1 drivers
v0xc0502f2a0_0 .net "dev_write_sync", 0 0, v0xc0502f160_0;  1 drivers
v0xc0502f340_0 .var "rd_data_latch", 15 0;
v0xc0502f3e0_0 .net "rst_n", 0 0, v0xc0511e760_0;  1 drivers
v0xc0502f480_0 .var "rt_sdram_addr", 25 0;
v0xc0502f520_0 .var "rt_sdram_req", 0 0;
v0xc0502f5c0_0 .var "rt_sdram_wdata", 15 0;
v0xc0502f660_0 .var "rt_sdram_write", 0 0;
v0xc0502f700_0 .net "sdram_addr", 25 0, L_0xc050a6bc0;  alias, 1 drivers
v0xc0502f7a0_0 .net "sdram_rdata", 15 0, v0xc05116d00_0;  alias, 1 drivers
v0xc0502f840_0 .net "sdram_rdata_valid", 0 0, v0xc05116da0_0;  alias, 1 drivers
v0xc0502f8e0_0 .net "sdram_ready", 0 0, v0xc05116e40_0;  alias, 1 drivers
v0xc0502f980_0 .net "sdram_req", 0 0, L_0xc050a6a80;  alias, 1 drivers
v0xc0502fa20_0 .net "sdram_wdata", 15 0, L_0xc050a6c60;  alias, 1 drivers
v0xc0502fac0_0 .net "sdram_write", 0 0, L_0xc050a6b20;  alias, 1 drivers
v0xc0502fb60_0 .var "state", 3 0;
v0xc0502fc00_0 .var "wr_lo_byte", 7 0;
v0xc0502fca0_0 .var "xfer_cnt", 8 0;
E_0xc04c9d580/0 .event negedge, v0xc0502f3e0_0;
E_0xc04c9d580/1 .event posedge, v0xc0502e9e0_0;
E_0xc04c9d580 .event/or E_0xc04c9d580/0, E_0xc04c9d580/1;
L_0xc05120500 .reduce/nor v0xc0502fde0_0;
L_0xc050a6a80 .functor MUXZ 1, v0xc0502f520_0, v0xc051146e0_0, L_0xc05120500, C4<>;
L_0xc051205a0 .reduce/nor v0xc0502fde0_0;
L_0xc050a6b20 .functor MUXZ 1, v0xc0502f660_0, v0xc05114960_0, L_0xc051205a0, C4<>;
L_0xc05120640 .reduce/nor v0xc0502fde0_0;
L_0xc050a6bc0 .functor MUXZ 26, v0xc0502f480_0, v0xc05114780_0, L_0xc05120640, C4<>;
L_0xc051206e0 .reduce/nor v0xc0502fde0_0;
L_0xc050a6c60 .functor MUXZ 16, v0xc0502f5c0_0, v0xc051148c0_0, L_0xc051206e0, C4<>;
L_0xc05120780 .reduce/nor v0xc0502fde0_0;
L_0xc050a6d00 .functor MUXZ 1, L_0xc048780e8, v0xc05116e40_0, L_0xc05120780, C4<>;
S_0x103000070 .scope module, "u_boot_loader" "boot_loader" 2 276, 4 7 0, S_0x103000810;
 .timescale -9 -12;
    .port_info 0 /INPUT 1 "clk";
    .port_info 1 /INPUT 1 "rst_n";
    .port_info 2 /INPUT 1 "sdram_init_done";
    .port_info 3 /OUTPUT 1 "boot_done";
    .port_info 4 /OUTPUT 1 "flash_start";
    .port_info 5 /OUTPUT 24 "flash_addr";
    .port_info 6 /OUTPUT 24 "flash_count";
    .port_info 7 /INPUT 1 "flash_busy";
    .port_info 8 /INPUT 8 "flash_data";
    .port_info 9 /INPUT 1 "flash_data_valid";
    .port_info 10 /OUTPUT 1 "flash_data_ready";
    .port_info 11 /OUTPUT 1 "sdram_req";
    .port_info 12 /OUTPUT 1 "sdram_req_write";
    .port_info 13 /OUTPUT 26 "sdram_req_addr";
    .port_info 14 /OUTPUT 16 "sdram_req_wdata";
    .port_info 15 /INPUT 1 "sdram_req_ready";
    .port_info 16 /OUTPUT 3 "debug_state";
P_0x103006bd0 .param/l "FLASH_OFFSET" 0 4 8, C4<010000000000000000000000>;
P_0x103006c10 .param/l "IMAGE_SIZE" 0 4 9, C4<000000100011000000000000>;
P_0x103006c50 .param/l "ST_COPY_HI" 1 4 40, C4<011>;
P_0x103006c90 .param/l "ST_COPY_LO" 1 4 39, C4<010>;
P_0x103006cd0 .param/l "ST_DONE" 1 4 42, C4<101>;
P_0x103006d10 .param/l "ST_START_FLASH" 1 4 38, C4<001>;
P_0x103006d50 .param/l "ST_WAIT_INIT" 1 4 37, C4<000>;
P_0x103006d90 .param/l "ST_WRITE_SDRAM" 1 4 41, C4<100>;
L_0xc050f0150 .functor BUFZ 3, v0xc05114a00_0, C4<000>, C4<000>, C4<000>;
v0xc0502fde0_0 .var "boot_done", 0 0;
v0xc0502fe80_0 .var "bytes_remaining", 23 0;
v0xc0502ff20_0 .net "clk", 0 0, v0xc0511d900_0;  alias, 1 drivers
v0xc05114000_0 .net "debug_state", 2 0, L_0xc050f0150;  1 drivers
v0xc051140a0_0 .var "flash_addr", 23 0;
v0xc05114140_0 .net "flash_busy", 0 0, v0xc05114be0_0;  alias, 1 drivers
v0xc051141e0_0 .var "flash_count", 23 0;
v0xc05114280_0 .net "flash_data", 7 0, v0xc05114f00_0;  alias, 1 drivers
v0xc05114320_0 .var "flash_data_ready", 0 0;
v0xc051143c0_0 .net "flash_data_valid", 0 0, v0xc05115040_0;  alias, 1 drivers
v0xc05114460_0 .var "flash_start", 0 0;
v0xc05114500_0 .var "lo_byte", 7 0;
v0xc051145a0_0 .net "rst_n", 0 0, v0xc0511e760_0;  alias, 1 drivers
v0xc05114640_0 .net "sdram_init_done", 0 0, v0xc051164e0_0;  alias, 1 drivers
v0xc051146e0_0 .var "sdram_req", 0 0;
v0xc05114780_0 .var "sdram_req_addr", 25 0;
v0xc05114820_0 .net "sdram_req_ready", 0 0, L_0xc050a6d00;  alias, 1 drivers
v0xc051148c0_0 .var "sdram_req_wdata", 15 0;
v0xc05114960_0 .var "sdram_req_write", 0 0;
v0xc05114a00_0 .var "state", 2 0;
v0xc05114aa0_0 .var "write_addr", 25 0;
S_0x1030030d0 .scope module, "u_flash_reader" "flash_reader" 2 251, 5 6 0, S_0x103000810;
 .timescale -9 -12;
    .port_info 0 /INPUT 1 "clk";
    .port_info 1 /INPUT 1 "rst_n";
    .port_info 2 /INPUT 1 "start";
    .port_info 3 /INPUT 24 "start_addr";
    .port_info 4 /INPUT 24 "byte_count";
    .port_info 5 /OUTPUT 1 "busy";
    .port_info 6 /OUTPUT 1 "done";
    .port_info 7 /OUTPUT 8 "data_out";
    .port_info 8 /OUTPUT 1 "data_valid";
    .port_info 9 /INPUT 1 "data_ready";
    .port_info 10 /OUTPUT 1 "flash_ncs";
    .port_info 11 /OUTPUT 1 "flash_mosi";
    .port_info 12 /INPUT 1 "flash_miso";
    .port_info 13 /OUTPUT 1 "flash_nwp";
    .port_info 14 /OUTPUT 1 "flash_nhold";
    .port_info 15 /OUTPUT 1 "flash_sck_pin";
P_0x1030018d0 .param/l "S_DONE" 1 5 56, C4<100>;
P_0x103001910 .param/l "S_IDLE" 1 5 52, C4<000>;
P_0x103001950 .param/l "S_READ_DATA" 1 5 55, C4<011>;
P_0x103001990 .param/l "S_SEND_ADDR" 1 5 54, C4<010>;
P_0x1030019d0 .param/l "S_SEND_CMD" 1 5 53, C4<001>;
v0xc05114b40_0 .var "bit_cnt", 4 0;
v0xc05114be0_0 .var "busy", 0 0;
v0xc05114c80_0 .net "byte_count", 23 0, v0xc051141e0_0;  alias, 1 drivers
v0xc05114d20_0 .var "bytes_left", 23 0;
v0xc05114dc0_0 .net "clk", 0 0, v0xc0511d900_0;  alias, 1 drivers
v0xc05114e60_0 .var "cmd_addr", 31 0;
v0xc05114f00_0 .var "data_out", 7 0;
v0xc05114fa0_0 .net "data_ready", 0 0, v0xc05114320_0;  alias, 1 drivers
v0xc05115040_0 .var "data_valid", 0 0;
v0xc051150e0_0 .var "done", 0 0;
v0xc05115180_0 .net "flash_miso", 0 0, v0xc0511e080_0;  1 drivers
v0xc05115220_0 .var "flash_mosi", 0 0;
v0xc051152c0_0 .var "flash_ncs", 0 0;
v0xc05115360_0 .net "flash_nhold", 0 0, L_0xc04878058;  alias, 1 drivers
v0xc05115400_0 .net "flash_nwp", 0 0, L_0xc04878010;  alias, 1 drivers
v0xc051154a0_0 .net "flash_sck_pin", 0 0, v0xc051157c0_0;  alias, 1 drivers
v0xc05115540_0 .net "rst_n", 0 0, v0xc0511e760_0;  alias, 1 drivers
v0xc051155e0_0 .var "rx_bit_cnt", 2 0;
v0xc05115680_0 .var "shift_in", 7 0;
v0xc05115720_0 .var "spi_clk_phase", 0 0;
v0xc051157c0_0 .var "spi_sck", 0 0;
v0xc05115860_0 .net "start", 0 0, v0xc05114460_0;  alias, 1 drivers
v0xc05115900_0 .net "start_addr", 23 0, v0xc051140a0_0;  alias, 1 drivers
v0xc051159a0_0 .var "state", 2 0;
v0xc05115a40_0 .var "waiting_ack", 0 0;
S_0x102ffad90 .scope module, "u_sdram_ctrl" "sdram_controller" 2 337, 6 32 0, S_0x103000810;
 .timescale -9 -12;
    .port_info 0 /INPUT 1 "clk";
    .port_info 1 /INPUT 1 "rst_n";
    .port_info 2 /OUTPUT 1 "init_done";
    .port_info 3 /INPUT 1 "pause_refresh";
    .port_info 4 /INPUT 1 "req";
    .port_info 5 /INPUT 1 "req_write";
    .port_info 6 /INPUT 26 "req_addr";
    .port_info 7 /INPUT 16 "req_wdata";
    .port_info 8 /OUTPUT 1 "req_ready";
    .port_info 9 /OUTPUT 16 "req_rdata";
    .port_info 10 /OUTPUT 1 "req_rdata_valid";
    .port_info 11 /OUTPUT 1 "SDRAM_CLK";
    .port_info 12 /OUTPUT 1 "SDRAM_CKE";
    .port_info 13 /OUTPUT 1 "SDRAM_nCS";
    .port_info 14 /OUTPUT 1 "SDRAM_nRAS";
    .port_info 15 /OUTPUT 1 "SDRAM_nCAS";
    .port_info 16 /OUTPUT 1 "SDRAM_nWE";
    .port_info 17 /OUTPUT 1 "SDRAM_DQM0";
    .port_info 18 /OUTPUT 1 "SDRAM_DQM1";
    .port_info 19 /OUTPUT 1 "SDRAM_BA0";
    .port_info 20 /OUTPUT 1 "SDRAM_BA1";
    .port_info 21 /OUTPUT 13 "SDRAM_A";
    .port_info 22 /INOUT 16 "SDRAM_DQ";
P_0x10300a5d0 .param/l "CMD_ACTIVE" 1 6 71, C4<0011>;
P_0x10300a610 .param/l "CMD_LOAD_MODE" 1 6 76, C4<0000>;
P_0x10300a650 .param/l "CMD_NOP" 1 6 70, C4<0111>;
P_0x10300a690 .param/l "CMD_PRECHARGE" 1 6 74, C4<0010>;
P_0x10300a6d0 .param/l "CMD_READ" 1 6 72, C4<0101>;
P_0x10300a710 .param/l "CMD_REFRESH" 1 6 75, C4<0001>;
P_0x10300a750 .param/l "CMD_WRITE" 1 6 73, C4<0100>;
P_0x10300a790 .param/l "REFRESH_INTERVAL" 1 6 129, C4<10111110>;
P_0x10300a7d0 .param/l "ST_ACTIVATE" 1 6 89, C4<0110>;
P_0x10300a810 .param/l "ST_IDLE" 1 6 88, C4<0101>;
P_0x10300a850 .param/l "ST_INIT_WAIT" 1 6 83, C4<0000>;
P_0x10300a890 .param/l "ST_LOAD_MODE" 1 6 87, C4<0100>;
P_0x10300a8d0 .param/l "ST_PRECHARGE" 1 6 84, C4<0001>;
P_0x10300a910 .param/l "ST_READ_CMD" 1 6 90, C4<0111>;
P_0x10300a950 .param/l "ST_READ_WAIT" 1 6 91, C4<1000>;
P_0x10300a990 .param/l "ST_REFRESH" 1 6 94, C4<1011>;
P_0x10300a9d0 .param/l "ST_REFRESH1" 1 6 85, C4<0010>;
P_0x10300aa10 .param/l "ST_REFRESH2" 1 6 86, C4<0011>;
P_0x10300aa50 .param/l "ST_REFRESH_WAIT" 1 6 95, C4<1100>;
P_0x10300aa90 .param/l "ST_WRITE_CMD" 1 6 92, C4<1001>;
P_0x10300aad0 .param/l "ST_WRITE_WAIT" 1 6 93, C4<1010>;
L_0xc050f0310 .functor BUFZ 1, v0xc0511d900_0, C4<0>, C4<0>, C4<0>;
v0xc05115ae0_0 .var "SDRAM_A", 12 0;
v0xc05115b80_0 .net "SDRAM_BA0", 0 0, L_0xc050a7020;  alias, 1 drivers
v0xc05115c20_0 .net "SDRAM_BA1", 0 0, L_0xc050a70c0;  alias, 1 drivers
v0xc05115cc0_0 .var "SDRAM_CKE", 0 0;
v0xc05115d60_0 .net "SDRAM_CLK", 0 0, L_0xc050f0310;  alias, 1 drivers
v0xc05115e00_0 .net8 "SDRAM_DQ", 15 0, RS_0xc04845cc0;  alias, 2 drivers
v0xc05115ea0_0 .var "SDRAM_DQM0", 0 0;
v0xc05115f40_0 .var "SDRAM_DQM1", 0 0;
v0xc05115fe0_0 .net "SDRAM_nCAS", 0 0, L_0xc050a6ee0;  alias, 1 drivers
v0xc05116080_0 .net "SDRAM_nCS", 0 0, L_0xc050a6da0;  alias, 1 drivers
v0xc05116120_0 .net "SDRAM_nRAS", 0 0, L_0xc050a6e40;  alias, 1 drivers
v0xc051161c0_0 .net "SDRAM_nWE", 0 0, L_0xc050a6f80;  alias, 1 drivers
o0xc04845e10 .functor BUFZ 16, c4<zzzzzzzzzzzzzzzz>; HiZ drive
; Elide local net with no drivers, v0xc05116260_0 name=_ivl_13
v0xc05116300_0 .net *"_ivl_6", 3 0, v0xc05117160_0;  1 drivers
v0xc051163a0_0 .net "clk", 0 0, v0xc0511d900_0;  alias, 1 drivers
v0xc05116440_0 .var "delay_cnt", 15 0;
v0xc051164e0_0 .var "init_done", 0 0;
v0xc05116580_0 .var "latched_addr", 25 0;
v0xc05116620_0 .net "latched_bank", 1 0, L_0xc050a7200;  1 drivers
v0xc051166c0_0 .net "latched_col", 9 0, L_0xc050a7340;  1 drivers
v0xc05116760_0 .net "latched_row", 12 0, L_0xc050a72a0;  1 drivers
v0xc05116800_0 .var "latched_wdata", 15 0;
v0xc051168a0_0 .var "latched_write", 0 0;
L_0xc04878208 .functor BUFT 1, C4<0>, C4<0>, C4<0>, C4<0>;
v0xc05116940_0 .net "pause_refresh", 0 0, L_0xc04878208;  1 drivers
v0xc051169e0_0 .var "refresh_cnt", 7 0;
v0xc05116a80_0 .var "refresh_needed", 0 0;
v0xc05116b20_0 .var "refresh_pending", 0 0;
v0xc05116bc0_0 .net "req", 0 0, L_0xc050a6a80;  alias, 1 drivers
v0xc05116c60_0 .net "req_addr", 25 0, L_0xc050a6bc0;  alias, 1 drivers
v0xc05116d00_0 .var "req_rdata", 15 0;
v0xc05116da0_0 .var "req_rdata_valid", 0 0;
v0xc05116e40_0 .var "req_ready", 0 0;
v0xc05116ee0_0 .net "req_wdata", 15 0, L_0xc050a6c60;  alias, 1 drivers
v0xc05116f80_0 .net "req_write", 0 0, L_0xc050a6b20;  alias, 1 drivers
v0xc05117020_0 .net "rst_n", 0 0, v0xc0511e760_0;  alias, 1 drivers
v0xc051170c0_0 .var "sdram_ba", 1 0;
v0xc05117160_0 .var "sdram_cmd", 3 0;
v0xc05117200_0 .var "sdram_dq_oe", 0 0;
v0xc051172a0_0 .var "sdram_dq_out", 15 0;
v0xc05117340_0 .var "sdram_dq_sample", 15 0;
v0xc051173e0_0 .var "state", 3 0;
E_0xc04c9d680 .event posedge, v0xc0502e9e0_0;
L_0xc050a6da0 .part v0xc05117160_0, 3, 1;
L_0xc050a6e40 .part v0xc05117160_0, 2, 1;
L_0xc050a6ee0 .part v0xc05117160_0, 1, 1;
L_0xc050a6f80 .part v0xc05117160_0, 0, 1;
L_0xc050a7020 .part v0xc051170c0_0, 0, 1;
L_0xc050a70c0 .part v0xc051170c0_0, 1, 1;
L_0xc050a7160 .functor MUXZ 16, o0xc04845e10, v0xc051172a0_0, v0xc05117200_0, C4<>;
L_0xc050a7200 .part v0xc05116580_0, 24, 2;
L_0xc050a72a0 .part v0xc05116580_0, 11, 13;
L_0xc050a7340 .part v0xc05116580_0, 1, 10;
    .scope S_0x1030030d0;
T_2 ;
    %pushi/vec4 0, 0, 3;
    %store/vec4 v0xc051159a0_0, 0, 3;
    %pushi/vec4 0, 0, 5;
    %store/vec4 v0xc05114b40_0, 0, 5;
    %pushi/vec4 0, 0, 24;
    %store/vec4 v0xc05114d20_0, 0, 24;
    %pushi/vec4 0, 0, 32;
    %store/vec4 v0xc05114e60_0, 0, 32;
    %pushi/vec4 0, 0, 8;
    %store/vec4 v0xc05115680_0, 0, 8;
    %pushi/vec4 0, 0, 3;
    %store/vec4 v0xc051155e0_0, 0, 3;
    %pushi/vec4 0, 0, 1;
    %store/vec4 v0xc05115720_0, 0, 1;
    %end;
    .thread T_2;
    .scope S_0x1030030d0;
T_3 ;
    %wait E_0xc04c9d580;
    %load/vec4 v0xc05115540_0;
    %nor/r;
    %flag_set/vec4 8;
    %jmp/0xz  T_3.0, 8;
    %pushi/vec4 0, 0, 3;
    %assign/vec4 v0xc051159a0_0, 0;
    %pushi/vec4 0, 0, 1;
    %assign/vec4 v0xc051157c0_0, 0;
    %pushi/vec4 0, 0, 1;
    %assign/vec4 v0xc05115720_0, 0;
    %pushi/vec4 1, 0, 1;
    %assign/vec4 v0xc051152c0_0, 0;
    %pushi/vec4 0, 0, 1;
    %assign/vec4 v0xc05115220_0, 0;
    %pushi/vec4 0, 0, 1;
    %assign/vec4 v0xc05114be0_0, 0;
    %pushi/vec4 0, 0, 1;
    %assign/vec4 v0xc051150e0_0, 0;
    %pushi/vec4 0, 0, 8;
    %assign/vec4 v0xc05114f00_0, 0;
    %pushi/vec4 0, 0, 1;
    %assign/vec4 v0xc05115040_0, 0;
    %pushi/vec4 0, 0, 5;
    %assign/vec4 v0xc05114b40_0, 0;
    %pushi/vec4 0, 0, 24;
    %assign/vec4 v0xc05114d20_0, 0;
    %pushi/vec4 0, 0, 32;
    %assign/vec4 v0xc05114e60_0, 0;
    %pushi/vec4 0, 0, 8;
    %assign/vec4 v0xc05115680_0, 0;
    %pushi/vec4 0, 0, 3;
    %assign/vec4 v0xc051155e0_0, 0;
    %pushi/vec4 0, 0, 1;
    %assign/vec4 v0xc05115a40_0, 0;
    %jmp T_3.1;
T_3.0 ;
    %pushi/vec4 0, 0, 1;
    %assign/vec4 v0xc051150e0_0, 0;
    %pushi/vec4 0, 0, 1;
    %assign/vec4 v0xc05115040_0, 0;
    %load/vec4 v0xc051159a0_0;
    %dup/vec4;
    %pushi/vec4 0, 0, 3;
    %cmp/u;
    %jmp/1 T_3.2, 6;
    %dup/vec4;
    %pushi/vec4 1, 0, 3;
    %cmp/u;
    %jmp/1 T_3.3, 6;
    %dup/vec4;
    %pushi/vec4 2, 0, 3;
    %cmp/u;
    %jmp/1 T_3.4, 6;
    %dup/vec4;
    %pushi/vec4 3, 0, 3;
    %cmp/u;
    %jmp/1 T_3.5, 6;
    %dup/vec4;
    %pushi/vec4 4, 0, 3;
    %cmp/u;
    %jmp/1 T_3.6, 6;
    %pushi/vec4 0, 0, 3;
    %assign/vec4 v0xc051159a0_0, 0;
    %jmp T_3.8;
T_3.2 ;
    %pushi/vec4 1, 0, 1;
    %assign/vec4 v0xc051152c0_0, 0;
    %pushi/vec4 0, 0, 1;
    %assign/vec4 v0xc051157c0_0, 0;
    %pushi/vec4 0, 0, 1;
    %assign/vec4 v0xc05115720_0, 0;
    %pushi/vec4 0, 0, 1;
    %assign/vec4 v0xc05115220_0, 0;
    %pushi/vec4 0, 0, 1;
    %assign/vec4 v0xc05114be0_0, 0;
    %pushi/vec4 0, 0, 1;
    %assign/vec4 v0xc05115a40_0, 0;
    %load/vec4 v0xc05115860_0;
    %flag_set/vec4 8;
    %jmp/0xz  T_3.9, 8;
    %pushi/vec4 1, 0, 1;
    %assign/vec4 v0xc05114be0_0, 0;
    %pushi/vec4 0, 0, 1;
    %assign/vec4 v0xc051152c0_0, 0;
    %load/vec4 v0xc05114c80_0;
    %assign/vec4 v0xc05114d20_0, 0;
    %pushi/vec4 3, 0, 8;
    %load/vec4 v0xc05115900_0;
    %concat/vec4; draw_concat_vec4
    %assign/vec4 v0xc05114e60_0, 0;
    %pushi/vec4 0, 0, 5;
    %assign/vec4 v0xc05114b40_0, 0;
    %pushi/vec4 0, 0, 1;
    %assign/vec4 v0xc05115720_0, 0;
    %pushi/vec4 1, 0, 3;
    %assign/vec4 v0xc051159a0_0, 0;
T_3.9 ;
    %jmp T_3.8;
T_3.3 ;
    %load/vec4 v0xc05115720_0;
    %cmpi/e 0, 0, 1;
    %jmp/0xz  T_3.11, 4;
    %load/vec4 v0xc05114e60_0;
    %parti/s 1, 31, 6;
    %assign/vec4 v0xc05115220_0, 0;
    %pushi/vec4 0, 0, 1;
    %assign/vec4 v0xc051157c0_0, 0;
    %pushi/vec4 1, 0, 1;
    %assign/vec4 v0xc05115720_0, 0;
    %jmp T_3.12;
T_3.11 ;
    %pushi/vec4 1, 0, 1;
    %assign/vec4 v0xc051157c0_0, 0;
    %pushi/vec4 0, 0, 1;
    %assign/vec4 v0xc05115720_0, 0;
    %load/vec4 v0xc05114e60_0;
    %parti/s 31, 0, 2;
    %concati/vec4 0, 0, 1;
    %assign/vec4 v0xc05114e60_0, 0;
    %load/vec4 v0xc05114b40_0;
    %addi 1, 0, 5;
    %assign/vec4 v0xc05114b40_0, 0;
    %load/vec4 v0xc05114b40_0;
    %cmpi/e 7, 0, 5;
    %jmp/0xz  T_3.13, 4;
    %pushi/vec4 0, 0, 5;
    %assign/vec4 v0xc05114b40_0, 0;
    %pushi/vec4 2, 0, 3;
    %assign/vec4 v0xc051159a0_0, 0;
T_3.13 ;
T_3.12 ;
    %jmp T_3.8;
T_3.4 ;
    %load/vec4 v0xc05115720_0;
    %cmpi/e 0, 0, 1;
    %jmp/0xz  T_3.15, 4;
    %load/vec4 v0xc05114e60_0;
    %parti/s 1, 31, 6;
    %assign/vec4 v0xc05115220_0, 0;
    %pushi/vec4 0, 0, 1;
    %assign/vec4 v0xc051157c0_0, 0;
    %pushi/vec4 1, 0, 1;
    %assign/vec4 v0xc05115720_0, 0;
    %jmp T_3.16;
T_3.15 ;
    %pushi/vec4 1, 0, 1;
    %assign/vec4 v0xc051157c0_0, 0;
    %pushi/vec4 0, 0, 1;
    %assign/vec4 v0xc05115720_0, 0;
    %load/vec4 v0xc05114e60_0;
    %parti/s 31, 0, 2;
    %concati/vec4 0, 0, 1;
    %assign/vec4 v0xc05114e60_0, 0;
    %load/vec4 v0xc05114b40_0;
    %addi 1, 0, 5;
    %assign/vec4 v0xc05114b40_0, 0;
    %load/vec4 v0xc05114b40_0;
    %cmpi/e 23, 0, 5;
    %jmp/0xz  T_3.17, 4;
    %pushi/vec4 0, 0, 5;
    %assign/vec4 v0xc05114b40_0, 0;
    %pushi/vec4 0, 0, 3;
    %assign/vec4 v0xc051155e0_0, 0;
    %pushi/vec4 0, 0, 8;
    %assign/vec4 v0xc05115680_0, 0;
    %pushi/vec4 3, 0, 3;
    %assign/vec4 v0xc051159a0_0, 0;
T_3.17 ;
T_3.16 ;
    %jmp T_3.8;
T_3.5 ;
    %load/vec4 v0xc05115a40_0;
    %flag_set/vec4 8;
    %jmp/0xz  T_3.19, 8;
    %load/vec4 v0xc05114fa0_0;
    %flag_set/vec4 8;
    %jmp/0xz  T_3.21, 8;
    %pushi/vec4 0, 0, 1;
    %assign/vec4 v0xc05115a40_0, 0;
    %pushi/vec4 1, 0, 1;
    %assign/vec4 v0xc05115040_0, 0;
    %load/vec4 v0xc05114d20_0;
    %cmpi/e 0, 0, 24;
    %jmp/0xz  T_3.23, 4;
    %pushi/vec4 4, 0, 3;
    %assign/vec4 v0xc051159a0_0, 0;
T_3.23 ;
T_3.21 ;
    %jmp T_3.20;
T_3.19 ;
    %load/vec4 v0xc05115720_0;
    %cmpi/e 0, 0, 1;
    %jmp/0xz  T_3.25, 4;
    %pushi/vec4 0, 0, 1;
    %assign/vec4 v0xc051157c0_0, 0;
    %pushi/vec4 0, 0, 1;
    %assign/vec4 v0xc05115220_0, 0;
    %pushi/vec4 1, 0, 1;
    %assign/vec4 v0xc05115720_0, 0;
    %jmp T_3.26;
T_3.25 ;
    %pushi/vec4 1, 0, 1;
    %assign/vec4 v0xc051157c0_0, 0;
    %pushi/vec4 0, 0, 1;
    %assign/vec4 v0xc05115720_0, 0;
    %load/vec4 v0xc05115680_0;
    %parti/s 7, 0, 2;
    %load/vec4 v0xc05115180_0;
    %concat/vec4; draw_concat_vec4
    %assign/vec4 v0xc05115680_0, 0;
    %load/vec4 v0xc051155e0_0;
    %addi 1, 0, 3;
    %assign/vec4 v0xc051155e0_0, 0;
    %load/vec4 v0xc051155e0_0;
    %cmpi/e 7, 0, 3;
    %jmp/0xz  T_3.27, 4;
    %load/vec4 v0xc05115680_0;
    %parti/s 7, 0, 2;
    %load/vec4 v0xc05115180_0;
    %concat/vec4; draw_concat_vec4
    %assign/vec4 v0xc05114f00_0, 0;
    %load/vec4 v0xc05114d20_0;
    %subi 1, 0, 24;
    %assign/vec4 v0xc05114d20_0, 0;
    %pushi/vec4 0, 0, 3;
    %assign/vec4 v0xc051155e0_0, 0;
    %pushi/vec4 0, 0, 8;
    %assign/vec4 v0xc05115680_0, 0;
    %load/vec4 v0xc05114fa0_0;
    %flag_set/vec4 8;
    %jmp/0xz  T_3.29, 8;
    %pushi/vec4 1, 0, 1;
    %assign/vec4 v0xc05115040_0, 0;
    %load/vec4 v0xc05114d20_0;
    %cmpi/e 1, 0, 24;
    %jmp/0xz  T_3.31, 4;
    %pushi/vec4 4, 0, 3;
    %assign/vec4 v0xc051159a0_0, 0;
T_3.31 ;
    %jmp T_3.30;
T_3.29 ;
    %pushi/vec4 1, 0, 1;
    %assign/vec4 v0xc05115a40_0, 0;
T_3.30 ;
T_3.27 ;
T_3.26 ;
T_3.20 ;
    %jmp T_3.8;
T_3.6 ;
    %pushi/vec4 1, 0, 1;
    %assign/vec4 v0xc051152c0_0, 0;
    %pushi/vec4 0, 0, 1;
    %assign/vec4 v0xc051157c0_0, 0;
    %pushi/vec4 1, 0, 1;
    %assign/vec4 v0xc051150e0_0, 0;
    %pushi/vec4 0, 0, 1;
    %assign/vec4 v0xc05114be0_0, 0;
    %pushi/vec4 0, 0, 3;
    %assign/vec4 v0xc051159a0_0, 0;
    %jmp T_3.8;
T_3.8 ;
    %pop/vec4 1;
T_3.1 ;
    %jmp T_3;
    .thread T_3;
    .scope S_0x103000070;
T_4 ;
    %pushi/vec4 0, 0, 1;
    %store/vec4 v0xc0502fde0_0, 0, 1;
    %pushi/vec4 0, 0, 3;
    %store/vec4 v0xc05114a00_0, 0, 3;
    %pushi/vec4 0, 0, 8;
    %store/vec4 v0xc05114500_0, 0, 8;
    %pushi/vec4 0, 0, 24;
    %store/vec4 v0xc0502fe80_0, 0, 24;
    %pushi/vec4 0, 0, 26;
    %store/vec4 v0xc05114aa0_0, 0, 26;
    %end;
    .thread T_4;
    .scope S_0x103000070;
T_5 ;
    %wait E_0xc04c9d580;
    %load/vec4 v0xc051145a0_0;
    %nor/r;
    %flag_set/vec4 8;
    %jmp/0xz  T_5.0, 8;
    %pushi/vec4 0, 0, 3;
    %assign/vec4 v0xc05114a00_0, 0;
    %pushi/vec4 0, 0, 1;
    %assign/vec4 v0xc0502fde0_0, 0;
    %pushi/vec4 0, 0, 1;
    %assign/vec4 v0xc05114460_0, 0;
    %pushi/vec4 0, 0, 24;
    %assign/vec4 v0xc051140a0_0, 0;
    %pushi/vec4 0, 0, 24;
    %assign/vec4 v0xc051141e0_0, 0;
    %pushi/vec4 0, 0, 1;
    %assign/vec4 v0xc05114320_0, 0;
    %pushi/vec4 0, 0, 1;
    %assign/vec4 v0xc051146e0_0, 0;
    %pushi/vec4 0, 0, 1;
    %assign/vec4 v0xc05114960_0, 0;
    %pushi/vec4 0, 0, 26;
    %assign/vec4 v0xc05114780_0, 0;
    %pushi/vec4 0, 0, 16;
    %assign/vec4 v0xc051148c0_0, 0;
    %pushi/vec4 0, 0, 8;
    %assign/vec4 v0xc05114500_0, 0;
    %pushi/vec4 0, 0, 24;
    %assign/vec4 v0xc0502fe80_0, 0;
    %pushi/vec4 0, 0, 26;
    %assign/vec4 v0xc05114aa0_0, 0;
    %jmp T_5.1;
T_5.0 ;
    %pushi/vec4 0, 0, 1;
    %assign/vec4 v0xc05114460_0, 0;
    %load/vec4 v0xc05114a00_0;
    %dup/vec4;
    %pushi/vec4 0, 0, 3;
    %cmp/u;
    %jmp/1 T_5.2, 6;
    %dup/vec4;
    %pushi/vec4 1, 0, 3;
    %cmp/u;
    %jmp/1 T_5.3, 6;
    %dup/vec4;
    %pushi/vec4 2, 0, 3;
    %cmp/u;
    %jmp/1 T_5.4, 6;
    %dup/vec4;
    %pushi/vec4 3, 0, 3;
    %cmp/u;
    %jmp/1 T_5.5, 6;
    %dup/vec4;
    %pushi/vec4 4, 0, 3;
    %cmp/u;
    %jmp/1 T_5.6, 6;
    %dup/vec4;
    %pushi/vec4 5, 0, 3;
    %cmp/u;
    %jmp/1 T_5.7, 6;
    %pushi/vec4 0, 0, 3;
    %assign/vec4 v0xc05114a00_0, 0;
    %jmp T_5.9;
T_5.2 ;
    %pushi/vec4 0, 0, 1;
    %assign/vec4 v0xc0502fde0_0, 0;
    %pushi/vec4 0, 0, 1;
    %assign/vec4 v0xc05114320_0, 0;
    %pushi/vec4 0, 0, 1;
    %assign/vec4 v0xc051146e0_0, 0;
    %load/vec4 v0xc05114640_0;
    %flag_set/vec4 8;
    %jmp/0xz  T_5.10, 8;
    %pushi/vec4 1, 0, 3;
    %assign/vec4 v0xc05114a00_0, 0;
T_5.10 ;
    %jmp T_5.9;
T_5.3 ;
    %pushi/vec4 1, 0, 1;
    %assign/vec4 v0xc05114460_0, 0;
    %pushi/vec4 4194304, 0, 24;
    %assign/vec4 v0xc051140a0_0, 0;
    %pushi/vec4 143360, 0, 24;
    %assign/vec4 v0xc051141e0_0, 0;
    %pushi/vec4 1, 0, 1;
    %assign/vec4 v0xc05114320_0, 0;
    %pushi/vec4 143360, 0, 24;
    %assign/vec4 v0xc0502fe80_0, 0;
    %pushi/vec4 0, 0, 26;
    %assign/vec4 v0xc05114aa0_0, 0;
    %pushi/vec4 2, 0, 3;
    %assign/vec4 v0xc05114a00_0, 0;
    %jmp T_5.9;
T_5.4 ;
    %pushi/vec4 0, 0, 1;
    %assign/vec4 v0xc051146e0_0, 0;
    %load/vec4 v0xc051143c0_0;
    %flag_set/vec4 8;
    %jmp/0xz  T_5.12, 8;
    %load/vec4 v0xc05114280_0;
    %assign/vec4 v0xc05114500_0, 0;
    %load/vec4 v0xc0502fe80_0;
    %subi 1, 0, 24;
    %assign/vec4 v0xc0502fe80_0, 0;
    %pushi/vec4 0, 0, 1;
    %assign/vec4 v0xc05114320_0, 0;
    %load/vec4 v0xc0502fe80_0;
    %cmpi/e 1, 0, 24;
    %jmp/0xz  T_5.14, 4;
    %pushi/vec4 0, 0, 8;
    %load/vec4 v0xc05114280_0;
    %concat/vec4; draw_concat_vec4
    %assign/vec4 v0xc051148c0_0, 0;
    %load/vec4 v0xc05114aa0_0;
    %assign/vec4 v0xc05114780_0, 0;
    %pushi/vec4 1, 0, 1;
    %assign/vec4 v0xc051146e0_0, 0;
    %pushi/vec4 1, 0, 1;
    %assign/vec4 v0xc05114960_0, 0;
    %pushi/vec4 4, 0, 3;
    %assign/vec4 v0xc05114a00_0, 0;
    %jmp T_5.15;
T_5.14 ;
    %pushi/vec4 3, 0, 3;
    %assign/vec4 v0xc05114a00_0, 0;
T_5.15 ;
T_5.12 ;
    %jmp T_5.9;
T_5.5 ;
    %pushi/vec4 1, 0, 1;
    %assign/vec4 v0xc05114320_0, 0;
    %load/vec4 v0xc051143c0_0;
    %flag_set/vec4 8;
    %jmp/0xz  T_5.16, 8;
    %load/vec4 v0xc05114280_0;
    %load/vec4 v0xc05114500_0;
    %concat/vec4; draw_concat_vec4
    %assign/vec4 v0xc051148c0_0, 0;
    %load/vec4 v0xc05114aa0_0;
    %assign/vec4 v0xc05114780_0, 0;
    %pushi/vec4 1, 0, 1;
    %assign/vec4 v0xc051146e0_0, 0;
    %pushi/vec4 1, 0, 1;
    %assign/vec4 v0xc05114960_0, 0;
    %pushi/vec4 0, 0, 1;
    %assign/vec4 v0xc05114320_0, 0;
    %load/vec4 v0xc0502fe80_0;
    %subi 1, 0, 24;
    %assign/vec4 v0xc0502fe80_0, 0;
    %pushi/vec4 4, 0, 3;
    %assign/vec4 v0xc05114a00_0, 0;
T_5.16 ;
    %jmp T_5.9;
T_5.6 ;
    %load/vec4 v0xc05114820_0;
    %flag_set/vec4 8;
    %jmp/0xz  T_5.18, 8;
    %pushi/vec4 0, 0, 1;
    %assign/vec4 v0xc051146e0_0, 0;
    %load/vec4 v0xc05114aa0_0;
    %addi 2, 0, 26;
    %assign/vec4 v0xc05114aa0_0, 0;
    %load/vec4 v0xc0502fe80_0;
    %cmpi/e 0, 0, 24;
    %jmp/0xz  T_5.20, 4;
    %pushi/vec4 5, 0, 3;
    %assign/vec4 v0xc05114a00_0, 0;
    %jmp T_5.21;
T_5.20 ;
    %pushi/vec4 1, 0, 1;
    %assign/vec4 v0xc05114320_0, 0;
    %pushi/vec4 2, 0, 3;
    %assign/vec4 v0xc05114a00_0, 0;
T_5.21 ;
T_5.18 ;
    %jmp T_5.9;
T_5.7 ;
    %pushi/vec4 1, 0, 1;
    %assign/vec4 v0xc0502fde0_0, 0;
    %pushi/vec4 0, 0, 1;
    %assign/vec4 v0xc051146e0_0, 0;
    %pushi/vec4 0, 0, 1;
    %assign/vec4 v0xc05114320_0, 0;
    %jmp T_5.9;
T_5.9 ;
    %pop/vec4 1;
T_5.1 ;
    %jmp T_5;
    .thread T_5;
    .scope S_0x102fec9a0;
T_6 ;
    %pushi/vec4 0, 0, 1;
    %store/vec4 v0xc0502ebc0_0, 0, 1;
    %pushi/vec4 0, 0, 9;
    %store/vec4 v0xc0502e760_0, 0, 9;
    %pushi/vec4 0, 0, 8;
    %store/vec4 v0xc0502e8a0_0, 0, 8;
    %pushi/vec4 0, 0, 1;
    %store/vec4 v0xc0502e940_0, 0, 1;
    %pushi/vec4 0, 0, 1;
    %store/vec4 v0xc0502eda0_0, 0, 1;
    %pushi/vec4 0, 0, 1;
    %store/vec4 v0xc0502ee40_0, 0, 1;
    %pushi/vec4 0, 0, 1;
    %store/vec4 v0xc0502f0c0_0, 0, 1;
    %pushi/vec4 0, 0, 1;
    %store/vec4 v0xc0502f160_0, 0, 1;
    %pushi/vec4 0, 0, 1;
    %store/vec4 v0xc0502ed00_0, 0, 1;
    %pushi/vec4 0, 0, 1;
    %store/vec4 v0xc0502f020_0, 0, 1;
    %pushi/vec4 0, 0, 4;
    %store/vec4 v0xc0502fb60_0, 0, 4;
    %pushi/vec4 0, 0, 9;
    %store/vec4 v0xc0502fca0_0, 0, 9;
    %pushi/vec4 0, 0, 26;
    %store/vec4 v0xc0502e300_0, 0, 26;
    %pushi/vec4 0, 0, 8;
    %store/vec4 v0xc0502fc00_0, 0, 8;
    %pushi/vec4 0, 0, 16;
    %store/vec4 v0xc0502f340_0, 0, 16;
    %pushi/vec4 0, 0, 1;
    %store/vec4 v0xc0502f520_0, 0, 1;
    %pushi/vec4 0, 0, 1;
    %store/vec4 v0xc0502f660_0, 0, 1;
    %pushi/vec4 0, 0, 26;
    %store/vec4 v0xc0502f480_0, 0, 26;
    %pushi/vec4 0, 0, 16;
    %store/vec4 v0xc0502f5c0_0, 0, 16;
    %end;
    .thread T_6;
    .scope S_0x102fec9a0;
T_7 ;
    %wait E_0xc04c9d580;
    %load/vec4 v0xc0502f3e0_0;
    %nor/r;
    %flag_set/vec4 8;
    %jmp/0xz  T_7.0, 8;
    %pushi/vec4 0, 0, 1;
    %assign/vec4 v0xc0502eda0_0, 0;
    %pushi/vec4 0, 0, 1;
    %assign/vec4 v0xc0502ee40_0, 0;
    %pushi/vec4 0, 0, 1;
    %assign/vec4 v0xc0502f0c0_0, 0;
    %pushi/vec4 0, 0, 1;
    %assign/vec4 v0xc0502f160_0, 0;
    %jmp T_7.1;
T_7.0 ;
    %load/vec4 v0xc0502eb20_0;
    %assign/vec4 v0xc0502eda0_0, 0;
    %load/vec4 v0xc0502eda0_0;
    %assign/vec4 v0xc0502ee40_0, 0;
    %load/vec4 v0xc0502ec60_0;
    %assign/vec4 v0xc0502f0c0_0, 0;
    %load/vec4 v0xc0502f0c0_0;
    %assign/vec4 v0xc0502f160_0, 0;
T_7.1 ;
    %jmp T_7;
    .thread T_7;
    .scope S_0x102fec9a0;
T_8 ;
    %wait E_0xc04c9d580;
    %load/vec4 v0xc0502f3e0_0;
    %nor/r;
    %flag_set/vec4 8;
    %jmp/0xz  T_8.0, 8;
    %pushi/vec4 0, 0, 1;
    %assign/vec4 v0xc0502ed00_0, 0;
    %pushi/vec4 0, 0, 1;
    %assign/vec4 v0xc0502f020_0, 0;
    %jmp T_8.1;
T_8.0 ;
    %load/vec4 v0xc0502ef80_0;
    %assign/vec4 v0xc0502ed00_0, 0;
    %load/vec4 v0xc0502f2a0_0;
    %assign/vec4 v0xc0502f020_0, 0;
T_8.1 ;
    %jmp T_8;
    .thread T_8;
    .scope S_0x102fec9a0;
T_9 ;
    %wait E_0xc04c9d580;
    %load/vec4 v0xc0502f3e0_0;
    %nor/r;
    %flag_set/vec4 8;
    %jmp/0xz  T_9.0, 8;
    %pushi/vec4 0, 0, 4;
    %assign/vec4 v0xc0502fb60_0, 0;
    %pushi/vec4 0, 0, 9;
    %assign/vec4 v0xc0502fca0_0, 0;
    %pushi/vec4 0, 0, 26;
    %assign/vec4 v0xc0502e300_0, 0;
    %pushi/vec4 0, 0, 8;
    %assign/vec4 v0xc0502fc00_0, 0;
    %pushi/vec4 0, 0, 16;
    %assign/vec4 v0xc0502f340_0, 0;
    %pushi/vec4 0, 0, 1;
    %assign/vec4 v0xc0502ebc0_0, 0;
    %pushi/vec4 0, 0, 1;
    %assign/vec4 v0xc0502f520_0, 0;
    %pushi/vec4 0, 0, 1;
    %assign/vec4 v0xc0502f660_0, 0;
    %pushi/vec4 0, 0, 26;
    %assign/vec4 v0xc0502f480_0, 0;
    %pushi/vec4 0, 0, 16;
    %assign/vec4 v0xc0502f5c0_0, 0;
    %pushi/vec4 0, 0, 9;
    %assign/vec4 v0xc0502e760_0, 0;
    %pushi/vec4 0, 0, 8;
    %assign/vec4 v0xc0502e8a0_0, 0;
    %pushi/vec4 0, 0, 1;
    %assign/vec4 v0xc0502e940_0, 0;
    %jmp T_9.1;
T_9.0 ;
    %load/vec4 v0xc0502e440_0;
    %nor/r;
    %flag_set/vec4 8;
    %jmp/0xz  T_9.2, 8;
    %pushi/vec4 0, 0, 9;
    %assign/vec4 v0xc0502e760_0, 0;
    %pushi/vec4 0, 0, 8;
    %assign/vec4 v0xc0502e8a0_0, 0;
    %pushi/vec4 0, 0, 1;
    %assign/vec4 v0xc0502e940_0, 0;
    %pushi/vec4 0, 0, 1;
    %assign/vec4 v0xc0502ebc0_0, 0;
    %pushi/vec4 0, 0, 1;
    %assign/vec4 v0xc0502f520_0, 0;
    %pushi/vec4 0, 0, 1;
    %assign/vec4 v0xc0502f660_0, 0;
    %pushi/vec4 0, 0, 4;
    %assign/vec4 v0xc0502fb60_0, 0;
    %jmp T_9.3;
T_9.2 ;
    %pushi/vec4 0, 0, 1;
    %assign/vec4 v0xc0502e940_0, 0;
    %pushi/vec4 0, 0, 1;
    %assign/vec4 v0xc0502f520_0, 0;
    %load/vec4 v0xc0502fb60_0;
    %dup/vec4;
    %pushi/vec4 0, 0, 4;
    %cmp/u;
    %jmp/1 T_9.4, 6;
    %dup/vec4;
    %pushi/vec4 1, 0, 4;
    %cmp/u;
    %jmp/1 T_9.5, 6;
    %dup/vec4;
    %pushi/vec4 2, 0, 4;
    %cmp/u;
    %jmp/1 T_9.6, 6;
    %dup/vec4;
    %pushi/vec4 3, 0, 4;
    %cmp/u;
    %jmp/1 T_9.7, 6;
    %dup/vec4;
    %pushi/vec4 4, 0, 4;
    %cmp/u;
    %jmp/1 T_9.8, 6;
    %dup/vec4;
    %pushi/vec4 5, 0, 4;
    %cmp/u;
    %jmp/1 T_9.9, 6;
    %dup/vec4;
    %pushi/vec4 6, 0, 4;
    %cmp/u;
    %jmp/1 T_9.10, 6;
    %dup/vec4;
    %pushi/vec4 7, 0, 4;
    %cmp/u;
    %jmp/1 T_9.11, 6;
    %dup/vec4;
    %pushi/vec4 8, 0, 4;
    %cmp/u;
    %jmp/1 T_9.12, 6;
    %dup/vec4;
    %pushi/vec4 9, 0, 4;
    %cmp/u;
    %jmp/1 T_9.13, 6;
    %dup/vec4;
    %pushi/vec4 10, 0, 4;
    %cmp/u;
    %jmp/1 T_9.14, 6;
    %dup/vec4;
    %pushi/vec4 11, 0, 4;
    %cmp/u;
    %jmp/1 T_9.15, 6;
    %dup/vec4;
    %pushi/vec4 12, 0, 4;
    %cmp/u;
    %jmp/1 T_9.16, 6;
    %pushi/vec4 0, 0, 4;
    %assign/vec4 v0xc0502fb60_0, 0;
    %jmp T_9.18;
T_9.4 ;
    %load/vec4 v0xc0502eee0_0;
    %flag_set/vec4 8;
    %jmp/0xz  T_9.19, 8;
    %pushi/vec4 0, 0, 1;
    %assign/vec4 v0xc0502ebc0_0, 0;
    %pushi/vec4 0, 0, 1;
    %load/vec4 v0xc0502ea80_0;
    %concat/vec4; draw_concat_vec4
    %concati/vec4 0, 0, 9;
    %assign/vec4 v0xc0502e300_0, 0;
    %pushi/vec4 0, 0, 9;
    %assign/vec4 v0xc0502fca0_0, 0;
    %pushi/vec4 1, 0, 4;
    %assign/vec4 v0xc0502fb60_0, 0;
    %jmp T_9.20;
T_9.19 ;
    %load/vec4 v0xc0502f200_0;
    %flag_set/vec4 8;
    %jmp/0xz  T_9.21, 8;
    %pushi/vec4 0, 0, 1;
    %assign/vec4 v0xc0502ebc0_0, 0;
    %pushi/vec4 0, 0, 1;
    %load/vec4 v0xc0502ea80_0;
    %concat/vec4; draw_concat_vec4
    %concati/vec4 0, 0, 9;
    %assign/vec4 v0xc0502e300_0, 0;
    %pushi/vec4 0, 0, 9;
    %assign/vec4 v0xc0502fca0_0, 0;
    %pushi/vec4 6, 0, 4;
    %assign/vec4 v0xc0502fb60_0, 0;
T_9.21 ;
T_9.20 ;
    %jmp T_9.18;
T_9.5 ;
    %load/vec4 v0xc0502e300_0;
    %pushi/vec4 0, 0, 17;
    %load/vec4 v0xc0502fca0_0;
    %parti/s 8, 0, 2;
    %concat/vec4; draw_concat_vec4
    %concati/vec4 0, 0, 1;
    %add;
    %assign/vec4 v0xc0502f480_0, 0;
    %pushi/vec4 0, 0, 1;
    %assign/vec4 v0xc0502f660_0, 0;
    %pushi/vec4 1, 0, 1;
    %assign/vec4 v0xc0502f520_0, 0;
    %pushi/vec4 2, 0, 4;
    %assign/vec4 v0xc0502fb60_0, 0;
    %jmp T_9.18;
T_9.6 ;
    %pushi/vec4 1, 0, 1;
    %assign/vec4 v0xc0502f520_0, 0;
    %load/vec4 v0xc0502f8e0_0;
    %flag_set/vec4 8;
    %jmp/0xz  T_9.23, 8;
    %pushi/vec4 0, 0, 1;
    %assign/vec4 v0xc0502f520_0, 0;
    %pushi/vec4 3, 0, 4;
    %assign/vec4 v0xc0502fb60_0, 0;
T_9.23 ;
    %jmp T_9.18;
T_9.7 ;
    %load/vec4 v0xc0502f840_0;
    %flag_set/vec4 8;
    %jmp/0xz  T_9.25, 8;
    %load/vec4 v0xc0502f7a0_0;
    %assign/vec4 v0xc0502f340_0, 0;
    %load/vec4 v0xc0502fca0_0;
    %parti/s 8, 0, 2;
    %concati/vec4 0, 0, 1;
    %assign/vec4 v0xc0502e760_0, 0;
    %load/vec4 v0xc0502f7a0_0;
    %parti/s 8, 0, 2;
    %assign/vec4 v0xc0502e8a0_0, 0;
    %pushi/vec4 1, 0, 1;
    %assign/vec4 v0xc0502e940_0, 0;
    %pushi/vec4 4, 0, 4;
    %assign/vec4 v0xc0502fb60_0, 0;
T_9.25 ;
    %jmp T_9.18;
T_9.8 ;
    %load/vec4 v0xc0502fca0_0;
    %parti/s 8, 0, 2;
    %concati/vec4 1, 0, 1;
    %assign/vec4 v0xc0502e760_0, 0;
    %load/vec4 v0xc0502f340_0;
    %parti/s 8, 8, 5;
    %assign/vec4 v0xc0502e8a0_0, 0;
    %pushi/vec4 1, 0, 1;
    %assign/vec4 v0xc0502e940_0, 0;
    %load/vec4 v0xc0502fca0_0;
    %cmpi/e 255, 0, 9;
    %jmp/0xz  T_9.27, 4;
    %pushi/vec4 5, 0, 4;
    %assign/vec4 v0xc0502fb60_0, 0;
    %jmp T_9.28;
T_9.27 ;
    %load/vec4 v0xc0502fca0_0;
    %addi 1, 0, 9;
    %assign/vec4 v0xc0502fca0_0, 0;
    %pushi/vec4 1, 0, 4;
    %assign/vec4 v0xc0502fb60_0, 0;
T_9.28 ;
    %jmp T_9.18;
T_9.9 ;
    %pushi/vec4 0, 0, 1;
    %assign/vec4 v0xc0502e940_0, 0;
    %pushi/vec4 1, 0, 1;
    %assign/vec4 v0xc0502ebc0_0, 0;
    %pushi/vec4 0, 0, 4;
    %assign/vec4 v0xc0502fb60_0, 0;
    %jmp T_9.18;
T_9.10 ;
    %load/vec4 v0xc0502fca0_0;
    %parti/s 8, 0, 2;
    %concati/vec4 0, 0, 1;
    %assign/vec4 v0xc0502e760_0, 0;
    %pushi/vec4 7, 0, 4;
    %assign/vec4 v0xc0502fb60_0, 0;
    %jmp T_9.18;
T_9.11 ;
    %pushi/vec4 8, 0, 4;
    %assign/vec4 v0xc0502fb60_0, 0;
    %jmp T_9.18;
T_9.12 ;
    %load/vec4 v0xc0502e800_0;
    %assign/vec4 v0xc0502fc00_0, 0;
    %load/vec4 v0xc0502fca0_0;
    %parti/s 8, 0, 2;
    %concati/vec4 1, 0, 1;
    %assign/vec4 v0xc0502e760_0, 0;
    %pushi/vec4 9, 0, 4;
    %assign/vec4 v0xc0502fb60_0, 0;
    %jmp T_9.18;
T_9.13 ;
    %pushi/vec4 10, 0, 4;
    %assign/vec4 v0xc0502fb60_0, 0;
    %jmp T_9.18;
T_9.14 ;
    %load/vec4 v0xc0502e300_0;
    %pushi/vec4 0, 0, 17;
    %load/vec4 v0xc0502fca0_0;
    %parti/s 8, 0, 2;
    %concat/vec4; draw_concat_vec4
    %concati/vec4 0, 0, 1;
    %add;
    %assign/vec4 v0xc0502f480_0, 0;
    %load/vec4 v0xc0502e800_0;
    %load/vec4 v0xc0502fc00_0;
    %concat/vec4; draw_concat_vec4
    %assign/vec4 v0xc0502f5c0_0, 0;
    %pushi/vec4 1, 0, 1;
    %assign/vec4 v0xc0502f660_0, 0;
    %pushi/vec4 1, 0, 1;
    %assign/vec4 v0xc0502f520_0, 0;
    %pushi/vec4 11, 0, 4;
    %assign/vec4 v0xc0502fb60_0, 0;
    %jmp T_9.18;
T_9.15 ;
    %pushi/vec4 1, 0, 1;
    %assign/vec4 v0xc0502f520_0, 0;
    %pushi/vec4 1, 0, 1;
    %assign/vec4 v0xc0502f660_0, 0;
    %load/vec4 v0xc0502f8e0_0;
    %flag_set/vec4 8;
    %jmp/0xz  T_9.29, 8;
    %pushi/vec4 0, 0, 1;
    %assign/vec4 v0xc0502f520_0, 0;
    %pushi/vec4 0, 0, 1;
    %assign/vec4 v0xc0502f660_0, 0;
    %load/vec4 v0xc0502fca0_0;
    %cmpi/e 255, 0, 9;
    %jmp/0xz  T_9.31, 4;
    %pushi/vec4 12, 0, 4;
    %assign/vec4 v0xc0502fb60_0, 0;
    %jmp T_9.32;
T_9.31 ;
    %load/vec4 v0xc0502fca0_0;
    %addi 1, 0, 9;
    %assign/vec4 v0xc0502fca0_0, 0;
    %pushi/vec4 6, 0, 4;
    %assign/vec4 v0xc0502fb60_0, 0;
T_9.32 ;
T_9.29 ;
    %jmp T_9.18;
T_9.16 ;
    %pushi/vec4 1, 0, 1;
    %assign/vec4 v0xc0502ebc0_0, 0;
    %pushi/vec4 0, 0, 4;
    %assign/vec4 v0xc0502fb60_0, 0;
    %jmp T_9.18;
T_9.18 ;
    %pop/vec4 1;
T_9.3 ;
T_9.1 ;
    %jmp T_9;
    .thread T_9;
    .scope S_0x102ffad90;
T_10 ;
    %wait E_0xc04c9d680;
    %load/vec4 v0xc05115e00_0;
    %assign/vec4 v0xc05117340_0, 0;
    %jmp T_10;
    .thread T_10;
    .scope S_0x102ffad90;
T_11 ;
    %wait E_0xc04c9d580;
    %load/vec4 v0xc05117020_0;
    %nor/r;
    %flag_set/vec4 8;
    %jmp/0xz  T_11.0, 8;
    %pushi/vec4 190, 0, 8;
    %assign/vec4 v0xc051169e0_0, 0;
    %pushi/vec4 0, 0, 1;
    %assign/vec4 v0xc05116a80_0, 0;
    %pushi/vec4 0, 0, 1;
    %assign/vec4 v0xc05116b20_0, 0;
    %jmp T_11.1;
T_11.0 ;
    %load/vec4 v0xc051173e0_0;
    %cmpi/e 0, 0, 4;
    %jmp/1 T_11.4, 4;
    %flag_mov 8, 4;
    %load/vec4 v0xc051173e0_0;
    %cmpi/e 11, 0, 4;
    %flag_or 4, 8;
T_11.4;
    %jmp/0xz  T_11.2, 4;
    %pushi/vec4 190, 0, 8;
    %assign/vec4 v0xc051169e0_0, 0;
    %pushi/vec4 0, 0, 1;
    %assign/vec4 v0xc05116a80_0, 0;
    %pushi/vec4 0, 0, 1;
    %assign/vec4 v0xc05116b20_0, 0;
    %jmp T_11.3;
T_11.2 ;
    %load/vec4 v0xc051169e0_0;
    %pad/u 32;
    %cmpi/e 0, 0, 32;
    %jmp/0xz  T_11.5, 4;
    %load/vec4 v0xc05116940_0;
    %flag_set/vec4 8;
    %jmp/0xz  T_11.7, 8;
    %pushi/vec4 1, 0, 1;
    %assign/vec4 v0xc05116b20_0, 0;
    %jmp T_11.8;
T_11.7 ;
    %pushi/vec4 1, 0, 1;
    %assign/vec4 v0xc05116a80_0, 0;
T_11.8 ;
    %jmp T_11.6;
T_11.5 ;
    %load/vec4 v0xc051169e0_0;
    %subi 1, 0, 8;
    %assign/vec4 v0xc051169e0_0, 0;
    %load/vec4 v0xc05116940_0;
    %nor/r;
    %flag_set/vec4 9;
    %flag_get/vec4 9;
    %jmp/0 T_11.11, 9;
    %load/vec4 v0xc05116b20_0;
    %and;
T_11.11;
    %flag_set/vec4 8;
    %jmp/0xz  T_11.9, 8;
    %pushi/vec4 1, 0, 1;
    %assign/vec4 v0xc05116a80_0, 0;
    %pushi/vec4 0, 0, 1;
    %assign/vec4 v0xc05116b20_0, 0;
T_11.9 ;
T_11.6 ;
T_11.3 ;
T_11.1 ;
    %jmp T_11;
    .thread T_11;
    .scope S_0x102ffad90;
T_12 ;
    %wait E_0xc04c9d580;
    %load/vec4 v0xc05117020_0;
    %nor/r;
    %flag_set/vec4 8;
    %jmp/0xz  T_12.0, 8;
    %pushi/vec4 0, 0, 4;
    %assign/vec4 v0xc051173e0_0, 0;
    %pushi/vec4 5000, 0, 16;
    %assign/vec4 v0xc05116440_0, 0;
    %pushi/vec4 0, 0, 1;
    %assign/vec4 v0xc051164e0_0, 0;
    %pushi/vec4 0, 0, 1;
    %assign/vec4 v0xc05116e40_0, 0;
    %pushi/vec4 0, 0, 16;
    %assign/vec4 v0xc05116d00_0, 0;
    %pushi/vec4 0, 0, 1;
    %assign/vec4 v0xc05116da0_0, 0;
    %pushi/vec4 7, 0, 4;
    %assign/vec4 v0xc05117160_0, 0;
    %pushi/vec4 0, 0, 2;
    %assign/vec4 v0xc051170c0_0, 0;
    %pushi/vec4 0, 0, 13;
    %assign/vec4 v0xc05115ae0_0, 0;
    %pushi/vec4 0, 0, 1;
    %assign/vec4 v0xc05115cc0_0, 0;
    %pushi/vec4 1, 0, 1;
    %assign/vec4 v0xc05115ea0_0, 0;
    %pushi/vec4 1, 0, 1;
    %assign/vec4 v0xc05115f40_0, 0;
    %pushi/vec4 0, 0, 16;
    %assign/vec4 v0xc051172a0_0, 0;
    %pushi/vec4 0, 0, 1;
    %assign/vec4 v0xc05117200_0, 0;
    %pushi/vec4 0, 0, 1;
    %assign/vec4 v0xc051168a0_0, 0;
    %pushi/vec4 0, 0, 26;
    %assign/vec4 v0xc05116580_0, 0;
    %pushi/vec4 0, 0, 16;
    %assign/vec4 v0xc05116800_0, 0;
    %jmp T_12.1;
T_12.0 ;
    %pushi/vec4 7, 0, 4;
    %assign/vec4 v0xc05117160_0, 0;
    %pushi/vec4 0, 0, 1;
    %assign/vec4 v0xc05117200_0, 0;
    %pushi/vec4 0, 0, 1;
    %assign/vec4 v0xc05116da0_0, 0;
    %load/vec4 v0xc051173e0_0;
    %dup/vec4;
    %pushi/vec4 0, 0, 4;
    %cmp/u;
    %jmp/1 T_12.2, 6;
    %dup/vec4;
    %pushi/vec4 1, 0, 4;
    %cmp/u;
    %jmp/1 T_12.3, 6;
    %dup/vec4;
    %pushi/vec4 2, 0, 4;
    %cmp/u;
    %jmp/1 T_12.4, 6;
    %dup/vec4;
    %pushi/vec4 3, 0, 4;
    %cmp/u;
    %jmp/1 T_12.5, 6;
    %dup/vec4;
    %pushi/vec4 4, 0, 4;
    %cmp/u;
    %jmp/1 T_12.6, 6;
    %dup/vec4;
    %pushi/vec4 5, 0, 4;
    %cmp/u;
    %jmp/1 T_12.7, 6;
    %dup/vec4;
    %pushi/vec4 6, 0, 4;
    %cmp/u;
    %jmp/1 T_12.8, 6;
    %dup/vec4;
    %pushi/vec4 7, 0, 4;
    %cmp/u;
    %jmp/1 T_12.9, 6;
    %dup/vec4;
    %pushi/vec4 8, 0, 4;
    %cmp/u;
    %jmp/1 T_12.10, 6;
    %dup/vec4;
    %pushi/vec4 9, 0, 4;
    %cmp/u;
    %jmp/1 T_12.11, 6;
    %dup/vec4;
    %pushi/vec4 10, 0, 4;
    %cmp/u;
    %jmp/1 T_12.12, 6;
    %dup/vec4;
    %pushi/vec4 11, 0, 4;
    %cmp/u;
    %jmp/1 T_12.13, 6;
    %dup/vec4;
    %pushi/vec4 12, 0, 4;
    %cmp/u;
    %jmp/1 T_12.14, 6;
    %pushi/vec4 0, 0, 4;
    %assign/vec4 v0xc051173e0_0, 0;
    %jmp T_12.16;
T_12.2 ;
    %pushi/vec4 1, 0, 1;
    %assign/vec4 v0xc05115cc0_0, 0;
    %pushi/vec4 1, 0, 1;
    %assign/vec4 v0xc05115ea0_0, 0;
    %pushi/vec4 1, 0, 1;
    %assign/vec4 v0xc05115f40_0, 0;
    %pushi/vec4 0, 0, 1;
    %assign/vec4 v0xc05116e40_0, 0;
    %load/vec4 v0xc05116440_0;
    %pad/u 32;
    %cmpi/e 0, 0, 32;
    %jmp/0xz  T_12.17, 4;
    %pushi/vec4 1, 0, 4;
    %assign/vec4 v0xc051173e0_0, 0;
    %jmp T_12.18;
T_12.17 ;
    %load/vec4 v0xc05116440_0;
    %subi 1, 0, 16;
    %assign/vec4 v0xc05116440_0, 0;
T_12.18 ;
    %jmp T_12.16;
T_12.3 ;
    %pushi/vec4 2, 0, 4;
    %assign/vec4 v0xc05117160_0, 0;
    %pushi/vec4 1024, 0, 13;
    %assign/vec4 v0xc05115ae0_0, 0;
    %pushi/vec4 2, 0, 16;
    %assign/vec4 v0xc05116440_0, 0;
    %pushi/vec4 2, 0, 4;
    %assign/vec4 v0xc051173e0_0, 0;
    %jmp T_12.16;
T_12.4 ;
    %load/vec4 v0xc05116440_0;
    %pad/u 32;
    %cmpi/e 0, 0, 32;
    %jmp/0xz  T_12.19, 4;
    %pushi/vec4 1, 0, 4;
    %assign/vec4 v0xc05117160_0, 0;
    %pushi/vec4 8, 0, 16;
    %assign/vec4 v0xc05116440_0, 0;
    %pushi/vec4 3, 0, 4;
    %assign/vec4 v0xc051173e0_0, 0;
    %jmp T_12.20;
T_12.19 ;
    %load/vec4 v0xc05116440_0;
    %subi 1, 0, 16;
    %assign/vec4 v0xc05116440_0, 0;
T_12.20 ;
    %jmp T_12.16;
T_12.5 ;
    %load/vec4 v0xc05116440_0;
    %pad/u 32;
    %cmpi/e 0, 0, 32;
    %jmp/0xz  T_12.21, 4;
    %pushi/vec4 1, 0, 4;
    %assign/vec4 v0xc05117160_0, 0;
    %pushi/vec4 8, 0, 16;
    %assign/vec4 v0xc05116440_0, 0;
    %pushi/vec4 4, 0, 4;
    %assign/vec4 v0xc051173e0_0, 0;
    %jmp T_12.22;
T_12.21 ;
    %load/vec4 v0xc05116440_0;
    %subi 1, 0, 16;
    %assign/vec4 v0xc05116440_0, 0;
T_12.22 ;
    %jmp T_12.16;
T_12.6 ;
    %load/vec4 v0xc05116440_0;
    %pad/u 32;
    %cmpi/e 0, 0, 32;
    %jmp/0xz  T_12.23, 4;
    %pushi/vec4 0, 0, 4;
    %assign/vec4 v0xc05117160_0, 0;
    %pushi/vec4 0, 0, 2;
    %assign/vec4 v0xc051170c0_0, 0;
    %pushi/vec4 32, 0, 13;
    %assign/vec4 v0xc05115ae0_0, 0;
    %pushi/vec4 2, 0, 16;
    %assign/vec4 v0xc05116440_0, 0;
    %pushi/vec4 1, 0, 1;
    %assign/vec4 v0xc051164e0_0, 0;
    %pushi/vec4 5, 0, 4;
    %assign/vec4 v0xc051173e0_0, 0;
    %jmp T_12.24;
T_12.23 ;
    %load/vec4 v0xc05116440_0;
    %subi 1, 0, 16;
    %assign/vec4 v0xc05116440_0, 0;
T_12.24 ;
    %jmp T_12.16;
T_12.7 ;
    %pushi/vec4 1, 0, 1;
    %assign/vec4 v0xc05115ea0_0, 0;
    %pushi/vec4 1, 0, 1;
    %assign/vec4 v0xc05115f40_0, 0;
    %load/vec4 v0xc05116440_0;
    %pad/u 32;
    %cmpi/ne 0, 0, 32;
    %jmp/0xz  T_12.25, 4;
    %load/vec4 v0xc05116440_0;
    %subi 1, 0, 16;
    %assign/vec4 v0xc05116440_0, 0;
    %pushi/vec4 0, 0, 1;
    %assign/vec4 v0xc05116e40_0, 0;
    %jmp T_12.26;
T_12.25 ;
    %pushi/vec4 1, 0, 1;
    %assign/vec4 v0xc05116e40_0, 0;
    %load/vec4 v0xc05116bc0_0;
    %flag_set/vec4 9;
    %flag_get/vec4 9;
    %jmp/0 T_12.29, 9;
    %load/vec4 v0xc05116e40_0;
    %and;
T_12.29;
    %flag_set/vec4 8;
    %jmp/0xz  T_12.27, 8;
    %load/vec4 v0xc05116f80_0;
    %assign/vec4 v0xc051168a0_0, 0;
    %load/vec4 v0xc05116c60_0;
    %assign/vec4 v0xc05116580_0, 0;
    %load/vec4 v0xc05116ee0_0;
    %assign/vec4 v0xc05116800_0, 0;
    %pushi/vec4 0, 0, 1;
    %assign/vec4 v0xc05116e40_0, 0;
    %pushi/vec4 3, 0, 4;
    %assign/vec4 v0xc05117160_0, 0;
    %load/vec4 v0xc05116c60_0;
    %parti/s 2, 24, 6;
    %assign/vec4 v0xc051170c0_0, 0;
    %load/vec4 v0xc05116c60_0;
    %parti/s 13, 11, 5;
    %assign/vec4 v0xc05115ae0_0, 0;
    %pushi/vec4 2, 0, 16;
    %assign/vec4 v0xc05116440_0, 0;
    %pushi/vec4 6, 0, 4;
    %assign/vec4 v0xc051173e0_0, 0;
    %jmp T_12.28;
T_12.27 ;
    %load/vec4 v0xc05116a80_0;
    %flag_set/vec4 8;
    %jmp/0xz  T_12.30, 8;
    %pushi/vec4 0, 0, 1;
    %assign/vec4 v0xc05116e40_0, 0;
    %pushi/vec4 2, 0, 4;
    %assign/vec4 v0xc05117160_0, 0;
    %pushi/vec4 1024, 0, 13;
    %assign/vec4 v0xc05115ae0_0, 0;
    %pushi/vec4 2, 0, 16;
    %assign/vec4 v0xc05116440_0, 0;
    %pushi/vec4 11, 0, 4;
    %assign/vec4 v0xc051173e0_0, 0;
T_12.30 ;
T_12.28 ;
T_12.26 ;
    %jmp T_12.16;
T_12.8 ;
    %load/vec4 v0xc05116440_0;
    %pad/u 32;
    %cmpi/e 0, 0, 32;
    %jmp/0xz  T_12.32, 4;
    %load/vec4 v0xc051168a0_0;
    %flag_set/vec4 8;
    %jmp/0xz  T_12.34, 8;
    %pushi/vec4 9, 0, 4;
    %assign/vec4 v0xc051173e0_0, 0;
    %jmp T_12.35;
T_12.34 ;
    %pushi/vec4 7, 0, 4;
    %assign/vec4 v0xc051173e0_0, 0;
T_12.35 ;
    %jmp T_12.33;
T_12.32 ;
    %load/vec4 v0xc05116440_0;
    %subi 1, 0, 16;
    %assign/vec4 v0xc05116440_0, 0;
T_12.33 ;
    %jmp T_12.16;
T_12.9 ;
    %pushi/vec4 5, 0, 4;
    %assign/vec4 v0xc05117160_0, 0;
    %load/vec4 v0xc05116620_0;
    %assign/vec4 v0xc051170c0_0, 0;
    %pushi/vec4 0, 0, 2;
    %concati/vec4 1, 0, 1;
    %load/vec4 v0xc051166c0_0;
    %concat/vec4; draw_concat_vec4
    %assign/vec4 v0xc05115ae0_0, 0;
    %pushi/vec4 0, 0, 1;
    %assign/vec4 v0xc05115ea0_0, 0;
    %pushi/vec4 0, 0, 1;
    %assign/vec4 v0xc05115f40_0, 0;
    %pushi/vec4 3, 0, 16;
    %assign/vec4 v0xc05116440_0, 0;
    %pushi/vec4 8, 0, 4;
    %assign/vec4 v0xc051173e0_0, 0;
    %jmp T_12.16;
T_12.10 ;
    %load/vec4 v0xc05116440_0;
    %pad/u 32;
    %cmpi/e 0, 0, 32;
    %jmp/0xz  T_12.36, 4;
    %load/vec4 v0xc05117340_0;
    %assign/vec4 v0xc05116d00_0, 0;
    %pushi/vec4 1, 0, 1;
    %assign/vec4 v0xc05116da0_0, 0;
    %pushi/vec4 2, 0, 16;
    %assign/vec4 v0xc05116440_0, 0;
    %pushi/vec4 5, 0, 4;
    %assign/vec4 v0xc051173e0_0, 0;
    %jmp T_12.37;
T_12.36 ;
    %load/vec4 v0xc05116440_0;
    %subi 1, 0, 16;
    %assign/vec4 v0xc05116440_0, 0;
T_12.37 ;
    %jmp T_12.16;
T_12.11 ;
    %pushi/vec4 4, 0, 4;
    %assign/vec4 v0xc05117160_0, 0;
    %load/vec4 v0xc05116620_0;
    %assign/vec4 v0xc051170c0_0, 0;
    %pushi/vec4 0, 0, 2;
    %concati/vec4 1, 0, 1;
    %load/vec4 v0xc051166c0_0;
    %concat/vec4; draw_concat_vec4
    %assign/vec4 v0xc05115ae0_0, 0;
    %pushi/vec4 0, 0, 1;
    %assign/vec4 v0xc05115ea0_0, 0;
    %pushi/vec4 0, 0, 1;
    %assign/vec4 v0xc05115f40_0, 0;
    %load/vec4 v0xc05116800_0;
    %assign/vec4 v0xc051172a0_0, 0;
    %pushi/vec4 1, 0, 1;
    %assign/vec4 v0xc05117200_0, 0;
    %pushi/vec4 4, 0, 16;
    %assign/vec4 v0xc05116440_0, 0;
    %pushi/vec4 10, 0, 4;
    %assign/vec4 v0xc051173e0_0, 0;
    %jmp T_12.16;
T_12.12 ;
    %load/vec4 v0xc05116440_0;
    %pad/u 32;
    %cmpi/e 0, 0, 32;
    %jmp/0xz  T_12.38, 4;
    %pushi/vec4 5, 0, 4;
    %assign/vec4 v0xc051173e0_0, 0;
    %jmp T_12.39;
T_12.38 ;
    %load/vec4 v0xc05116440_0;
    %subi 1, 0, 16;
    %assign/vec4 v0xc05116440_0, 0;
T_12.39 ;
    %jmp T_12.16;
T_12.13 ;
    %load/vec4 v0xc05116440_0;
    %pad/u 32;
    %cmpi/e 0, 0, 32;
    %jmp/0xz  T_12.40, 4;
    %pushi/vec4 1, 0, 4;
    %assign/vec4 v0xc05117160_0, 0;
    %pushi/vec4 8, 0, 16;
    %assign/vec4 v0xc05116440_0, 0;
    %pushi/vec4 12, 0, 4;
    %assign/vec4 v0xc051173e0_0, 0;
    %jmp T_12.41;
T_12.40 ;
    %load/vec4 v0xc05116440_0;
    %subi 1, 0, 16;
    %assign/vec4 v0xc05116440_0, 0;
T_12.41 ;
    %jmp T_12.16;
T_12.14 ;
    %load/vec4 v0xc05116440_0;
    %pad/u 32;
    %cmpi/e 0, 0, 32;
    %jmp/0xz  T_12.42, 4;
    %pushi/vec4 5, 0, 4;
    %assign/vec4 v0xc051173e0_0, 0;
    %jmp T_12.43;
T_12.42 ;
    %load/vec4 v0xc05116440_0;
    %subi 1, 0, 16;
    %assign/vec4 v0xc05116440_0, 0;
T_12.43 ;
    %jmp T_12.16;
T_12.16 ;
    %pop/vec4 1;
T_12.1 ;
    %jmp T_12;
    .thread T_12;
    .scope S_0x102ffad90;
T_13 ;
    %pushi/vec4 0, 0, 4;
    %store/vec4 v0xc051173e0_0, 0, 4;
    %pushi/vec4 5000, 0, 16;
    %store/vec4 v0xc05116440_0, 0, 16;
    %pushi/vec4 0, 0, 1;
    %store/vec4 v0xc051164e0_0, 0, 1;
    %pushi/vec4 0, 0, 1;
    %store/vec4 v0xc05116e40_0, 0, 1;
    %pushi/vec4 0, 0, 16;
    %store/vec4 v0xc05116d00_0, 0, 16;
    %pushi/vec4 0, 0, 1;
    %store/vec4 v0xc05116da0_0, 0, 1;
    %pushi/vec4 7, 0, 4;
    %store/vec4 v0xc05117160_0, 0, 4;
    %pushi/vec4 0, 0, 2;
    %store/vec4 v0xc051170c0_0, 0, 2;
    %pushi/vec4 0, 0, 13;
    %store/vec4 v0xc05115ae0_0, 0, 13;
    %pushi/vec4 0, 0, 1;
    %store/vec4 v0xc05115cc0_0, 0, 1;
    %pushi/vec4 1, 0, 1;
    %store/vec4 v0xc05115ea0_0, 0, 1;
    %pushi/vec4 1, 0, 1;
    %store/vec4 v0xc05115f40_0, 0, 1;
    %pushi/vec4 0, 0, 16;
    %store/vec4 v0xc051172a0_0, 0, 16;
    %pushi/vec4 0, 0, 1;
    %store/vec4 v0xc05117200_0, 0, 1;
    %pushi/vec4 0, 0, 1;
    %store/vec4 v0xc051168a0_0, 0, 1;
    %pushi/vec4 0, 0, 26;
    %store/vec4 v0xc05116580_0, 0, 26;
    %pushi/vec4 0, 0, 16;
    %store/vec4 v0xc05116800_0, 0, 16;
    %pushi/vec4 190, 0, 8;
    %store/vec4 v0xc051169e0_0, 0, 8;
    %pushi/vec4 0, 0, 1;
    %store/vec4 v0xc05116a80_0, 0, 1;
    %pushi/vec4 0, 0, 1;
    %store/vec4 v0xc05116b20_0, 0, 1;
    %end;
    .thread T_13;
    .scope S_0x103000810;
T_14 ;
    %pushi/vec4 0, 0, 1;
    %store/vec4 v0xc0511d900_0, 0, 1;
    %pushi/vec4 0, 0, 1;
    %store/vec4 v0xc0511e760_0, 0, 1;
    %pushi/vec4 0, 0, 32;
    %store/vec4 v0xc0511e6c0_0, 0, 32;
    %pushi/vec4 0, 0, 32;
    %store/vec4 v0xc0511dae0_0, 0, 32;
    %pushi/vec4 0, 0, 1;
    %store/vec4 v0xc0511d680_0, 0, 1;
    %pushi/vec4 0, 0, 3;
    %store/vec4 v0xc0511d540_0, 0, 3;
    %pushi/vec4 0, 0, 13;
    %store/vec4 v0xc0511d4a0_0, 0, 13;
    %pushi/vec4 0, 0, 2;
    %store/vec4 v0xc0511d400_0, 0, 2;
    %pushi/vec4 0, 0, 32;
    %store/vec4 v0xc0511fd40_0, 0, 32;
    %pushi/vec4 0, 0, 8;
    %store/vec4 v0xc05120000_0, 0, 8;
    %pushi/vec4 0, 0, 24;
    %store/vec4 v0xc0511fde0_0, 0, 24;
    %pushi/vec4 0, 0, 6;
    %store/vec4 v0xc0511fe80_0, 0, 6;
    %pushi/vec4 1, 0, 1;
    %store/vec4 v0xc0511ff20_0, 0, 1;
    %pushi/vec4 0, 0, 8;
    %store/vec4 v0xc051200a0_0, 0, 8;
    %pushi/vec4 0, 0, 3;
    %store/vec4 v0xc05120140_0, 0, 3;
    %pushi/vec4 0, 0, 24;
    %store/vec4 v0xc051201e0_0, 0, 24;
    %end;
    .thread T_14;
    .scope S_0x103000810;
T_15 ;
    %delay 20000, 0;
    %load/vec4 v0xc0511d900_0;
    %inv;
    %store/vec4 v0xc0511d900_0, 0, 1;
    %jmp T_15;
    .thread T_15;
    .scope S_0x103000810;
T_16 ;
    %pushi/vec4 0, 0, 32;
    %store/vec4 v0xc0511f7a0_0, 0, 32;
T_16.0 ; Top of for-loop
    %load/vec4 v0xc0511f7a0_0;
    %cmpi/s 262144, 0, 32;
	  %jmp/0xz T_16.1, 5;
    %pushi/vec4 57005, 0, 16;
    %ix/getv/s 4, v0xc0511f7a0_0;
    %store/vec4a v0xc0511f840, 4, 0;
T_16.2 ; for-loop step statement
    %load/vec4 v0xc0511f7a0_0;
    %addi 1, 0, 32;
    %store/vec4 v0xc0511f7a0_0, 0, 32;
    %jmp T_16.0;
T_16.1 ; for-loop exit label
    %pushi/vec4 0, 0, 16;
    %store/vec4 v0xc0511d720_0, 0, 16;
    %end;
    .thread T_16;
    .scope S_0x103000810;
T_17 ;
    %wait E_0xc04c9d540;
    %load/vec4 v0xc0511d540_0;
    %pad/u 32;
    %cmpi/u 0, 0, 32;
    %flag_or 5, 4; GT is !LE
    %flag_inv 5;
    %jmp/0xz  T_17.0, 5;
    %load/vec4 v0xc0511d540_0;
    %subi 1, 0, 3;
    %assign/vec4 v0xc0511d540_0, 0;
    %load/vec4 v0xc0511d540_0;
    %cmpi/e 1, 0, 3;
    %jmp/0xz  T_17.2, 4;
    %pushi/vec4 1, 0, 1;
    %assign/vec4 v0xc0511d680_0, 0;
    %load/vec4 v0xc0511d7c0_0;
    %pad/u 20;
    %ix/vec4 4;
    %load/vec4a v0xc0511f840, 4;
    %assign/vec4 v0xc0511d720_0, 0;
T_17.2 ;
    %jmp T_17.1;
T_17.0 ;
    %pushi/vec4 0, 0, 1;
    %assign/vec4 v0xc0511d680_0, 0;
T_17.1 ;
    %load/vec4 v0xc0511d5e0_0;
    %dup/vec4;
    %pushi/vec4 3, 0, 4;
    %cmp/u;
    %jmp/1 T_17.4, 6;
    %dup/vec4;
    %pushi/vec4 4, 0, 4;
    %cmp/u;
    %jmp/1 T_17.5, 6;
    %dup/vec4;
    %pushi/vec4 5, 0, 4;
    %cmp/u;
    %jmp/1 T_17.6, 6;
    %jmp T_17.8;
T_17.4 ;
    %load/vec4 v0xc0511f200_0;
    %assign/vec4 v0xc0511d4a0_0, 0;
    %load/vec4 v0xc0511f340_0;
    %load/vec4 v0xc0511f2a0_0;
    %concat/vec4; draw_concat_vec4
    %assign/vec4 v0xc0511d400_0, 0;
    %jmp T_17.8;
T_17.5 ;
    %load/vec4 v0xc0511f520_0;
    %load/vec4 v0xc0511d860_0;
    %pad/u 20;
    %ix/vec4 3;
    %ix/load 4, 0, 0; Constant delay
    %assign/vec4/a/d v0xc0511f840, 0, 4;
    %load/vec4 v0xc0511fd40_0;
    %addi 1, 0, 32;
    %store/vec4 v0xc0511fd40_0, 0, 32;
    %jmp T_17.8;
T_17.6 ;
    %load/vec4 v0xc0511d860_0;
    %assign/vec4 v0xc0511d7c0_0, 0;
    %pushi/vec4 1, 0, 3;
    %assign/vec4 v0xc0511d540_0, 0;
    %jmp T_17.8;
T_17.8 ;
    %pop/vec4 1;
    %jmp T_17;
    .thread T_17;
    .scope S_0x103000810;
T_18 ;
    %pushi/vec4 0, 0, 32;
    %store/vec4 v0xc0511df40_0, 0, 32;
T_18.0 ; Top of for-loop
    %load/vec4 v0xc0511df40_0;
    %cmpi/s 262144, 0, 32;
	  %jmp/0xz T_18.1, 5;
    %load/vec4 v0xc0511df40_0;
    %ix/load 4, 9, 0;
    %flag_set/imm 4, 0;
    %shiftr 4;
    %pushi/vec4 255, 0, 32;
    %and;
    %pad/u 8;
    %ix/getv/s 4, v0xc0511df40_0;
    %store/vec4a v0xc0511dfe0, 4, 0;
T_18.2 ; for-loop step statement
    %load/vec4 v0xc0511df40_0;
    %addi 1, 0, 32;
    %store/vec4 v0xc0511df40_0, 0, 32;
    %jmp T_18.0;
T_18.1 ; for-loop exit label
    %end;
    .thread T_18;
    .scope S_0x103000810;
T_19 ;
    %wait E_0xc04c9d500;
    %pushi/vec4 0, 0, 6;
    %assign/vec4 v0xc0511fe80_0, 0;
    %pushi/vec4 1, 0, 1;
    %assign/vec4 v0xc0511ff20_0, 0;
    %jmp T_19;
    .thread T_19;
    .scope S_0x103000810;
T_20 ;
    %wait E_0xc04c9d4c0;
    %pushi/vec4 0, 0, 6;
    %assign/vec4 v0xc0511fe80_0, 0;
    %pushi/vec4 1, 0, 1;
    %assign/vec4 v0xc0511ff20_0, 0;
    %pushi/vec4 0, 0, 8;
    %assign/vec4 v0xc05120000_0, 0;
    %pushi/vec4 0, 0, 24;
    %assign/vec4 v0xc0511fde0_0, 0;
    %jmp T_20;
    .thread T_20;
    .scope S_0x103000810;
T_21 ;
    %wait E_0xc04c9d480;
    %load/vec4 v0xc0511e260_0;
    %nor/r;
    %flag_set/vec4 9;
    %flag_get/vec4 9;
    %jmp/0 T_21.2, 9;
    %load/vec4 v0xc0511ff20_0;
    %and;
T_21.2;
    %flag_set/vec4 8;
    %jmp/0xz  T_21.0, 8;
    %load/vec4 v0xc0511fe80_0;
    %cmpi/u 8, 0, 6;
    %jmp/0xz  T_21.3, 5;
    %load/vec4 v0xc05120000_0;
    %parti/s 7, 0, 2;
    %load/vec4 v0xc0511e1c0_0;
    %concat/vec4; draw_concat_vec4
    %assign/vec4 v0xc05120000_0, 0;
    %jmp T_21.4;
T_21.3 ;
    %load/vec4 v0xc0511fe80_0;
    %cmpi/u 32, 0, 6;
    %jmp/0xz  T_21.5, 5;
    %load/vec4 v0xc0511fde0_0;
    %parti/s 23, 0, 2;
    %load/vec4 v0xc0511e1c0_0;
    %concat/vec4; draw_concat_vec4
    %assign/vec4 v0xc0511fde0_0, 0;
T_21.5 ;
T_21.4 ;
    %load/vec4 v0xc0511fe80_0;
    %addi 1, 0, 6;
    %assign/vec4 v0xc0511fe80_0, 0;
    %load/vec4 v0xc0511fe80_0;
    %cmpi/e 31, 0, 6;
    %jmp/0xz  T_21.7, 4;
    %pushi/vec4 0, 0, 1;
    %assign/vec4 v0xc0511ff20_0, 0;
    %load/vec4 v0xc0511fde0_0;
    %parti/s 23, 0, 2;
    %load/vec4 v0xc0511e1c0_0;
    %concat/vec4; draw_concat_vec4
    %subi 4194304, 0, 24;
    %assign/vec4 v0xc051201e0_0, 0;
    %pushi/vec4 0, 0, 3;
    %assign/vec4 v0xc05120140_0, 0;
T_21.7 ;
T_21.0 ;
    %jmp T_21;
    .thread T_21;
    .scope S_0x103000810;
T_22 ;
    %wait E_0xc04c9d440;
    %load/vec4 v0xc0511e260_0;
    %nor/r;
    %flag_set/vec4 9;
    %flag_get/vec4 9;
    %jmp/0 T_22.2, 9;
    %load/vec4 v0xc0511ff20_0;
    %nor/r;
    %and;
T_22.2;
    %flag_set/vec4 8;
    %jmp/0xz  T_22.0, 8;
    %load/vec4 v0xc05120140_0;
    %cmpi/e 0, 0, 3;
    %jmp/0xz  T_22.3, 4;
    %load/vec4 v0xc051201e0_0;
    %parti/s 18, 0, 2;
    %pad/u 20;
    %ix/vec4 4;
    %load/vec4a v0xc0511dfe0, 4;
    %assign/vec4 v0xc051200a0_0, 0;
T_22.3 ;
    %load/vec4 v0xc05120140_0;
    %cmpi/e 0, 0, 3;
    %flag_mov 8, 4;
    %jmp/0 T_22.5, 8;
    %load/vec4 v0xc051201e0_0;
    %parti/s 18, 0, 2;
    %pad/u 20;
    %ix/vec4 4;
    %load/vec4a v0xc0511dfe0, 4;
    %parti/s 1, 7, 4;
    %jmp/1 T_22.6, 8;
T_22.5 ; End of true expr.
    %load/vec4 v0xc051200a0_0;
    %pushi/vec4 7, 0, 32;
    %load/vec4 v0xc05120140_0;
    %pad/u 32;
    %sub;
    %part/u 1;
    %jmp/0 T_22.6, 8;
 ; End of false expr.
    %blend;
T_22.6;
    %assign/vec4 v0xc0511e080_0, 0;
    %load/vec4 v0xc05120140_0;
    %addi 1, 0, 3;
    %assign/vec4 v0xc05120140_0, 0;
    %load/vec4 v0xc05120140_0;
    %cmpi/e 7, 0, 3;
    %jmp/0xz  T_22.7, 4;
    %load/vec4 v0xc051201e0_0;
    %addi 1, 0, 24;
    %assign/vec4 v0xc051201e0_0, 0;
    %pushi/vec4 0, 0, 3;
    %assign/vec4 v0xc05120140_0, 0;
T_22.7 ;
T_22.0 ;
    %jmp T_22;
    .thread T_22;
    .scope S_0x103000810;
T_23 ;
    %pushi/vec4 7, 0, 16;
    %ix/load 4, 0, 0;
    %flag_set/imm 4, 0;
    %store/vec4a v0xc05120320, 4, 0;
    %pushi/vec4 64, 0, 16;
    %ix/load 4, 1, 0;
    %flag_set/imm 4, 0;
    %store/vec4a v0xc05120320, 4, 0;
    %pushi/vec4 117, 0, 16;
    %ix/load 4, 2, 0;
    %flag_set/imm 4, 0;
    %store/vec4a v0xc05120320, 4, 0;
    %pushi/vec4 167, 0, 16;
    %ix/load 4, 3, 0;
    %flag_set/imm 4, 0;
    %store/vec4a v0xc05120320, 4, 0;
    %pushi/vec4 217, 0, 16;
    %ix/load 4, 4, 0;
    %flag_set/imm 4, 0;
    %store/vec4a v0xc05120320, 4, 0;
    %end;
    .thread T_23;
    .scope S_0x103000810;
T_24 ;
    %vpi_call 2 408 "$dumpfile", "boot_path_tb.vcd" {0 0 0};
    %vpi_call 2 409 "$dumpvars", 32'sb00000000000000000000000000000000, S_0x103000810 {0 0 0};
    %vpi_call 2 411 "$display", "\000" {0 0 0};
    %vpi_call 2 412 "$display", "==============================================" {0 0 0};
    %vpi_call 2 413 "$display", "Boot Path Verification Testbench" {0 0 0};
    %vpi_call 2 414 "$display", "==============================================" {0 0 0};
    %vpi_call 2 415 "$display", "Image: %0d bytes (%0d blocks) from flash 0x%06h", P_0xc04c80040, 32'b00000000000000000000000100011000, P_0xc04c80000 {0 0 0};
    %pushi/vec4 0, 0, 1;
    %store/vec4 v0xc0511e760_0, 0, 1;
    %delay 200000, 0;
    %pushi/vec4 1, 0, 1;
    %store/vec4 v0xc0511e760_0, 0, 1;
    %vpi_call 2 426 "$display", "\012--- Test 1: SDRAM Initialization ---" {0 0 0};
    %pushi/vec4 0, 0, 32;
    %store/vec4 v0xc051203c0_0, 0, 32;
T_24.0 ;
    %load/vec4 v0xc0511f700_0;
    %nor/r;
    %flag_set/vec4 9;
    %flag_get/vec4 9;
    %jmp/0 T_24.2, 9;
    %load/vec4 v0xc051203c0_0;
    %cmpi/s 300000, 0, 32;
    %flag_get/vec4 5;
    %and;
T_24.2;
    %flag_set/vec4 8;
    %jmp/0xz T_24.1, 8;
    %wait E_0xc04c9d680;
    %load/vec4 v0xc051203c0_0;
    %addi 1, 0, 32;
    %store/vec4 v0xc051203c0_0, 0, 32;
    %jmp T_24.0;
T_24.1 ;
    %pushi/vec4 0, 0, 32; draw_string_vec4
    %pushi/vec4 0, 0, 32; draw_string_vec4
    %concat/vec4; draw_string_vec4
    %pushi/vec4 0, 0, 32; draw_string_vec4
    %concat/vec4; draw_string_vec4
    %pushi/vec4 0, 0, 32; draw_string_vec4
    %concat/vec4; draw_string_vec4
    %pushi/vec4 0, 0, 32; draw_string_vec4
    %concat/vec4; draw_string_vec4
    %pushi/vec4 0, 0, 32; draw_string_vec4
    %concat/vec4; draw_string_vec4
    %pushi/vec4 0, 0, 32; draw_string_vec4
    %concat/vec4; draw_string_vec4
    %pushi/vec4 0, 0, 32; draw_string_vec4
    %concat/vec4; draw_string_vec4
    %pushi/vec4 0, 0, 32; draw_string_vec4
    %concat/vec4; draw_string_vec4
    %pushi/vec4 0, 0, 32; draw_string_vec4
    %concat/vec4; draw_string_vec4
    %pushi/vec4 1396986433, 0, 32; draw_string_vec4
    %concat/vec4; draw_string_vec4
    %pushi/vec4 1293969774, 0, 32; draw_string_vec4
    %concat/vec4; draw_string_vec4
    %pushi/vec4 1769234276, 0, 32; draw_string_vec4
    %concat/vec4; draw_string_vec4
    %pushi/vec4 1869505824, 0, 32; draw_string_vec4
    %concat/vec4; draw_string_vec4
    %pushi/vec4 1634956133, 0, 32; draw_string_vec4
    %concat/vec4; draw_string_vec4
    %pushi/vec4 1920230756, 0, 32; draw_string_vec4
    %concat/vec4; draw_string_vec4
    %store/vec4 v0xc0502dae0_0, 0, 512;
    %load/vec4 v0xc0511f700_0;
    %pushi/vec4 1, 0, 1;
    %cmp/e;
    %flag_get/vec4 6;
    %store/vec4 v0xc0502da40_0, 0, 1;
    %fork TD_boot_path_tb.check, S_0x102ff9d10;
    %join;
    %vpi_call 2 437 "$display", "\012--- Test 2: Boot Completion ---" {0 0 0};
    %pushi/vec4 0, 0, 32;
    %store/vec4 v0xc051203c0_0, 0, 32;
T_24.3 ;
    %load/vec4 v0xc0511cdc0_0;
    %nor/r;
    %flag_set/vec4 9;
    %flag_get/vec4 9;
    %jmp/0 T_24.5, 9;
    %load/vec4 v0xc051203c0_0;
    %cmpi/s 10000000, 0, 32;
    %flag_get/vec4 5;
    %and;
T_24.5;
    %flag_set/vec4 8;
    %jmp/0xz T_24.4, 8;
    %wait E_0xc04c9d680;
    %load/vec4 v0xc051203c0_0;
    %addi 1, 0, 32;
    %store/vec4 v0xc051203c0_0, 0, 32;
    %load/vec4 v0xc051203c0_0;
    %pushi/vec4 1000000, 0, 32;
    %mod/s;
    %cmpi/e 0, 0, 32;
    %jmp/0xz  T_24.6, 4;
    %load/vec4 v0xc051203c0_0;
    %pushi/vec4 1000000, 0, 32;
    %div/s;
    %vpi_call 2 444 "$display", "    ... %0d M clocks, %0d SDRAM writes so far", S<0,vec4,s32>, v0xc0511fd40_0 {1 0 0};
T_24.6 ;
    %jmp T_24.3;
T_24.4 ;
    %pushi/vec4 0, 0, 32; draw_string_vec4
    %pushi/vec4 0, 0, 32; draw_string_vec4
    %concat/vec4; draw_string_vec4
    %pushi/vec4 0, 0, 32; draw_string_vec4
    %concat/vec4; draw_string_vec4
    %pushi/vec4 0, 0, 32; draw_string_vec4
    %concat/vec4; draw_string_vec4
    %pushi/vec4 0, 0, 32; draw_string_vec4
    %concat/vec4; draw_string_vec4
    %pushi/vec4 0, 0, 32; draw_string_vec4
    %concat/vec4; draw_string_vec4
    %pushi/vec4 0, 0, 32; draw_string_vec4
    %concat/vec4; draw_string_vec4
    %pushi/vec4 0, 0, 32; draw_string_vec4
    %concat/vec4; draw_string_vec4
    %pushi/vec4 0, 0, 32; draw_string_vec4
    %concat/vec4; draw_string_vec4
    %pushi/vec4 0, 0, 32; draw_string_vec4
    %concat/vec4; draw_string_vec4
    %pushi/vec4 0, 0, 32; draw_string_vec4
    %concat/vec4; draw_string_vec4
    %pushi/vec4 25199, 0, 32; draw_string_vec4
    %concat/vec4; draw_string_vec4
    %pushi/vec4 1869897572, 0, 32; draw_string_vec4
    %concat/vec4; draw_string_vec4
    %pushi/vec4 1869505824, 0, 32; draw_string_vec4
    %concat/vec4; draw_string_vec4
    %pushi/vec4 1634956133, 0, 32; draw_string_vec4
    %concat/vec4; draw_string_vec4
    %pushi/vec4 1920230756, 0, 32; draw_string_vec4
    %concat/vec4; draw_string_vec4
    %store/vec4 v0xc0502dae0_0, 0, 512;
    %load/vec4 v0xc0511cdc0_0;
    %pushi/vec4 1, 0, 1;
    %cmp/e;
    %flag_get/vec4 6;
    %store/vec4 v0xc0502da40_0, 0, 1;
    %fork TD_boot_path_tb.check, S_0x102ff9d10;
    %join;
    %pushi/vec4 20, 0, 32;
T_24.8 %dup/vec4;
    %cmpi/s 0, 0, 32;
    %jmp/1xz T_24.9, 5;
    %jmp/1 T_24.9, 4;
    %subi 1, 0, 32;
    %wait E_0xc04c9d680;
    %jmp T_24.8;
T_24.9 ;
    %pop/vec4 1;
    %load/vec4 v0xc051203c0_0;
    %pushi/vec4 25, 0, 32;
    %div/s;
    %vpi_call 2 454 "$display", "    Boot completed after %0d clocks (%0d us), %0d SDRAM writes", v0xc051203c0_0, S<0,vec4,s32>, v0xc0511fd40_0 {1 0 0};
    %pushi/vec4 0, 0, 32; draw_string_vec4
    %pushi/vec4 0, 0, 32; draw_string_vec4
    %concat/vec4; draw_string_vec4
    %pushi/vec4 0, 0, 32; draw_string_vec4
    %concat/vec4; draw_string_vec4
    %pushi/vec4 0, 0, 32; draw_string_vec4
    %concat/vec4; draw_string_vec4
    %pushi/vec4 0, 0, 32; draw_string_vec4
    %concat/vec4; draw_string_vec4
    %pushi/vec4 0, 0, 32; draw_string_vec4
    %concat/vec4; draw_string_vec4
    %pushi/vec4 17263, 0, 32; draw_string_vec4
    %concat/vec4; draw_string_vec4
    %pushi/vec4 1920099683, 0, 32; draw_string_vec4
    %concat/vec4; draw_string_vec4
    %pushi/vec4 1948282485, 0, 32; draw_string_vec4
    %concat/vec4; draw_string_vec4
    %pushi/vec4 1835165042, 0, 32; draw_string_vec4
    %concat/vec4; draw_string_vec4
    %pushi/vec4 544171552, 0, 32; draw_string_vec4
    %concat/vec4; draw_string_vec4
    %pushi/vec4 1396986433, 0, 32; draw_string_vec4
    %concat/vec4; draw_string_vec4
    %pushi/vec4 1293973362, 0, 32; draw_string_vec4
    %concat/vec4; draw_string_vec4
    %pushi/vec4 1769235827, 0, 32; draw_string_vec4
    %concat/vec4; draw_string_vec4
    %pushi/vec4 539506481, 0, 32; draw_string_vec4
    %concat/vec4; draw_string_vec4
    %pushi/vec4 909652009, 0, 32; draw_string_vec4
    %concat/vec4; draw_string_vec4
    %store/vec4 v0xc0502dae0_0, 0, 512;
    %load/vec4 v0xc0511fd40_0;
    %pushi/vec4 71680, 0, 32;
    %cmp/e;
    %flag_get/vec4 4;
    %store/vec4 v0xc0502da40_0, 0, 1;
    %fork TD_boot_path_tb.check, S_0x102ff9d10;
    %join;
    %vpi_call 2 464 "$display", "\012--- Test 3: Block Data Verification ---" {0 0 0};
    %pushi/vec4 0, 0, 32;
    %store/vec4 v0xc0511cd20_0, 0, 32;
T_24.10 ; Top of for-loop
    %load/vec4 v0xc0511cd20_0;
    %cmpi/s 5, 0, 32;
	  %jmp/0xz T_24.11, 5;
    %pushi/vec4 0, 0, 32;
    %store/vec4 v0xc0511d9a0_0, 0, 32;
    %ix/getv/s 4, v0xc0511cd20_0;
    %load/vec4a v0xc05120320, 4;
    %parti/s 8, 0, 2;
    %ix/getv/s 4, v0xc0511cd20_0;
    %load/vec4a v0xc05120320, 4;
    %parti/s 8, 0, 2;
    %concat/vec4; draw_concat_vec4
    %store/vec4 v0xc0511da40_0, 0, 16;
    %pushi/vec4 0, 0, 32;
    %store/vec4 v0xc05120460_0, 0, 32;
T_24.13 ; Top of for-loop
    %load/vec4 v0xc05120460_0;
    %cmpi/s 256, 0, 32;
	  %jmp/0xz T_24.14, 5;
    %ix/getv/s 4, v0xc0511cd20_0;
    %load/vec4a v0xc05120320, 4;
    %load/vec4 v0xc05120460_0;
    %parti/s 9, 0, 2;
    %store/vec4 v0xc0502d9a0_0, 0, 9;
    %store/vec4 v0xc0502d680_0, 0, 16;
    %callf/vec4 TD_boot_path_tb.block_to_idx, S_0x102ff9b90;
    %store/vec4 v0xc0511e620_0, 0, 18;
    %load/vec4 v0xc0511e620_0;
    %pad/u 20;
    %ix/vec4 4;
    %load/vec4a v0xc0511f840, 4;
    %store/vec4 v0xc0511ca00_0, 0, 16;
    %load/vec4 v0xc0511ca00_0;
    %load/vec4 v0xc0511da40_0;
    %cmp/ne;
    %jmp/0xz  T_24.16, 6;
    %load/vec4 v0xc0511d9a0_0;
    %cmpi/s 3, 0, 32;
    %jmp/0xz  T_24.18, 5;
    %vpi_call 2 476 "$display", "    Block %0d word %0d: got 0x%04h, expected 0x%04h (idx=%0d)", &A<v0xc05120320, v0xc0511cd20_0 >, v0xc05120460_0, v0xc0511ca00_0, v0xc0511da40_0, v0xc0511e620_0 {0 0 0};
T_24.18 ;
    %load/vec4 v0xc0511d9a0_0;
    %addi 1, 0, 32;
    %store/vec4 v0xc0511d9a0_0, 0, 32;
T_24.16 ;
T_24.15 ; for-loop step statement
    %load/vec4 v0xc05120460_0;
    %addi 1, 0, 32;
    %store/vec4 v0xc05120460_0, 0, 32;
    %jmp T_24.13;
T_24.14 ; for-loop exit label
    %load/vec4 v0xc0511d9a0_0;
    %cmpi/e 0, 0, 32;
    %jmp/0xz  T_24.20, 4;
    %vpi_call 2 483 "$display", "  PASS: Block %0d \342\200\224 all 256 words = 0x%04h", &A<v0xc05120320, v0xc0511cd20_0 >, v0xc0511da40_0 {0 0 0};
    %load/vec4 v0xc0511e6c0_0;
    %addi 1, 0, 32;
    %store/vec4 v0xc0511e6c0_0, 0, 32;
    %jmp T_24.21;
T_24.20 ;
    %vpi_call 2 487 "$display", "  FAIL: Block %0d \342\200\224 %0d/256 words wrong", &A<v0xc05120320, v0xc0511cd20_0 >, v0xc0511d9a0_0 {0 0 0};
    %load/vec4 v0xc0511dae0_0;
    %addi 1, 0, 32;
    %store/vec4 v0xc0511dae0_0, 0, 32;
T_24.21 ;
T_24.12 ; for-loop step statement
    %load/vec4 v0xc0511cd20_0;
    %addi 1, 0, 32;
    %store/vec4 v0xc0511cd20_0, 0, 32;
    %jmp T_24.10;
T_24.11 ; for-loop exit label
    %vpi_call 2 496 "$display", "\012--- Test 4: Boundary Block Checks ---" {0 0 0};
    %pushi/vec4 0, 0, 16;
    %pushi/vec4 0, 0, 9;
    %store/vec4 v0xc0502d9a0_0, 0, 9;
    %store/vec4 v0xc0502d680_0, 0, 16;
    %callf/vec4 TD_boot_path_tb.block_to_idx, S_0x102ff9b90;
    %store/vec4 v0xc0511e620_0, 0, 18;
    %pushi/vec4 0, 0, 32; draw_string_vec4
    %pushi/vec4 0, 0, 32; draw_string_vec4
    %concat/vec4; draw_string_vec4
    %pushi/vec4 0, 0, 32; draw_string_vec4
    %concat/vec4; draw_string_vec4
    %pushi/vec4 0, 0, 32; draw_string_vec4
    %concat/vec4; draw_string_vec4
    %pushi/vec4 0, 0, 32; draw_string_vec4
    %concat/vec4; draw_string_vec4
    %pushi/vec4 0, 0, 32; draw_string_vec4
    %concat/vec4; draw_string_vec4
    %pushi/vec4 0, 0, 32; draw_string_vec4
    %concat/vec4; draw_string_vec4
    %pushi/vec4 0, 0, 32; draw_string_vec4
    %concat/vec4; draw_string_vec4
    %pushi/vec4 0, 0, 32; draw_string_vec4
    %concat/vec4; draw_string_vec4
    %pushi/vec4 0, 0, 32; draw_string_vec4
    %concat/vec4; draw_string_vec4
    %pushi/vec4 4353135, 0, 32; draw_string_vec4
    %concat/vec4; draw_string_vec4
    %pushi/vec4 1667964976, 0, 32; draw_string_vec4
    %concat/vec4; draw_string_vec4
    %pushi/vec4 544698226, 0, 32; draw_string_vec4
    %concat/vec4; draw_string_vec4
    %pushi/vec4 1679831072, 0, 32; draw_string_vec4
    %concat/vec4; draw_string_vec4
    %pushi/vec4 1025519736, 0, 32; draw_string_vec4
    %concat/vec4; draw_string_vec4
    %pushi/vec4 808464432, 0, 32; draw_string_vec4
    %concat/vec4; draw_string_vec4
    %store/vec4 v0xc0502dae0_0, 0, 512;
    %load/vec4 v0xc0511e620_0;
    %pad/u 20;
    %ix/vec4 4;
    %load/vec4a v0xc0511f840, 4;
    %pushi/vec4 0, 0, 16;
    %cmp/e;
    %flag_get/vec4 6;
    %store/vec4 v0xc0502da40_0, 0, 1;
    %fork TD_boot_path_tb.check, S_0x102ff9d10;
    %join;
    %pushi/vec4 1, 0, 16;
    %pushi/vec4 0, 0, 9;
    %store/vec4 v0xc0502d9a0_0, 0, 9;
    %store/vec4 v0xc0502d680_0, 0, 16;
    %callf/vec4 TD_boot_path_tb.block_to_idx, S_0x102ff9b90;
    %store/vec4 v0xc0511e620_0, 0, 18;
    %pushi/vec4 0, 0, 32; draw_string_vec4
    %pushi/vec4 0, 0, 32; draw_string_vec4
    %concat/vec4; draw_string_vec4
    %pushi/vec4 0, 0, 32; draw_string_vec4
    %concat/vec4; draw_string_vec4
    %pushi/vec4 0, 0, 32; draw_string_vec4
    %concat/vec4; draw_string_vec4
    %pushi/vec4 0, 0, 32; draw_string_vec4
    %concat/vec4; draw_string_vec4
    %pushi/vec4 0, 0, 32; draw_string_vec4
    %concat/vec4; draw_string_vec4
    %pushi/vec4 0, 0, 32; draw_string_vec4
    %concat/vec4; draw_string_vec4
    %pushi/vec4 0, 0, 32; draw_string_vec4
    %concat/vec4; draw_string_vec4
    %pushi/vec4 0, 0, 32; draw_string_vec4
    %concat/vec4; draw_string_vec4
    %pushi/vec4 0, 0, 32; draw_string_vec4
    %concat/vec4; draw_string_vec4
    %pushi/vec4 4353135, 0, 32; draw_string_vec4
    %concat/vec4; draw_string_vec4
    %pushi/vec4 1667964977, 0, 32; draw_string_vec4
    %concat/vec4; draw_string_vec4
    %pushi/vec4 544698226, 0, 32; draw_string_vec4
    %concat/vec4; draw_string_vec4
    %pushi/vec4 1679831072, 0, 32; draw_string_vec4
    %concat/vec4; draw_string_vec4
    %pushi/vec4 1025519736, 0, 32; draw_string_vec4
    %concat/vec4; draw_string_vec4
    %pushi/vec4 808529969, 0, 32; draw_string_vec4
    %concat/vec4; draw_string_vec4
    %store/vec4 v0xc0502dae0_0, 0, 512;
    %load/vec4 v0xc0511e620_0;
    %pad/u 20;
    %ix/vec4 4;
    %load/vec4a v0xc0511f840, 4;
    %pushi/vec4 257, 0, 16;
    %cmp/e;
    %flag_get/vec4 6;
    %store/vec4 v0xc0502da40_0, 0, 1;
    %fork TD_boot_path_tb.check, S_0x102ff9d10;
    %join;
    %pushi/vec4 255, 0, 16;
    %pushi/vec4 0, 0, 9;
    %store/vec4 v0xc0502d9a0_0, 0, 9;
    %store/vec4 v0xc0502d680_0, 0, 16;
    %callf/vec4 TD_boot_path_tb.block_to_idx, S_0x102ff9b90;
    %store/vec4 v0xc0511e620_0, 0, 18;
    %pushi/vec4 0, 0, 32; draw_string_vec4
    %pushi/vec4 0, 0, 32; draw_string_vec4
    %concat/vec4; draw_string_vec4
    %pushi/vec4 0, 0, 32; draw_string_vec4
    %concat/vec4; draw_string_vec4
    %pushi/vec4 0, 0, 32; draw_string_vec4
    %concat/vec4; draw_string_vec4
    %pushi/vec4 0, 0, 32; draw_string_vec4
    %concat/vec4; draw_string_vec4
    %pushi/vec4 0, 0, 32; draw_string_vec4
    %concat/vec4; draw_string_vec4
    %pushi/vec4 0, 0, 32; draw_string_vec4
    %concat/vec4; draw_string_vec4
    %pushi/vec4 0, 0, 32; draw_string_vec4
    %concat/vec4; draw_string_vec4
    %pushi/vec4 0, 0, 32; draw_string_vec4
    %concat/vec4; draw_string_vec4
    %pushi/vec4 66, 0, 32; draw_string_vec4
    %concat/vec4; draw_string_vec4
    %pushi/vec4 1819239275, 0, 32; draw_string_vec4
    %concat/vec4; draw_string_vec4
    %pushi/vec4 540161333, 0, 32; draw_string_vec4
    %concat/vec4; draw_string_vec4
    %pushi/vec4 544698226, 0, 32; draw_string_vec4
    %concat/vec4; draw_string_vec4
    %pushi/vec4 1679831072, 0, 32; draw_string_vec4
    %concat/vec4; draw_string_vec4
    %pushi/vec4 1025519736, 0, 32; draw_string_vec4
    %concat/vec4; draw_string_vec4
    %pushi/vec4 1179010630, 0, 32; draw_string_vec4
    %concat/vec4; draw_string_vec4
    %store/vec4 v0xc0502dae0_0, 0, 512;
    %load/vec4 v0xc0511e620_0;
    %pad/u 20;
    %ix/vec4 4;
    %load/vec4a v0xc0511f840, 4;
    %pushi/vec4 65535, 0, 16;
    %cmp/e;
    %flag_get/vec4 6;
    %store/vec4 v0xc0502da40_0, 0, 1;
    %fork TD_boot_path_tb.check, S_0x102ff9d10;
    %join;
    %pushi/vec4 279, 0, 16;
    %pushi/vec4 0, 0, 9;
    %store/vec4 v0xc0502d9a0_0, 0, 9;
    %store/vec4 v0xc0502d680_0, 0, 16;
    %callf/vec4 TD_boot_path_tb.block_to_idx, S_0x102ff9b90;
    %store/vec4 v0xc0511e620_0, 0, 18;
    %pushi/vec4 5911, 0, 16;
    %store/vec4 v0xc0511da40_0, 0, 16;
    %pushi/vec4 0, 0, 32; draw_string_vec4
    %pushi/vec4 0, 0, 32; draw_string_vec4
    %concat/vec4; draw_string_vec4
    %pushi/vec4 0, 0, 32; draw_string_vec4
    %concat/vec4; draw_string_vec4
    %pushi/vec4 0, 0, 32; draw_string_vec4
    %concat/vec4; draw_string_vec4
    %pushi/vec4 0, 0, 32; draw_string_vec4
    %concat/vec4; draw_string_vec4
    %pushi/vec4 0, 0, 32; draw_string_vec4
    %concat/vec4; draw_string_vec4
    %pushi/vec4 0, 0, 32; draw_string_vec4
    %concat/vec4; draw_string_vec4
    %pushi/vec4 0, 0, 32; draw_string_vec4
    %concat/vec4; draw_string_vec4
    %pushi/vec4 0, 0, 32; draw_string_vec4
    %concat/vec4; draw_string_vec4
    %pushi/vec4 66, 0, 32; draw_string_vec4
    %concat/vec4; draw_string_vec4
    %pushi/vec4 1819239275, 0, 32; draw_string_vec4
    %concat/vec4; draw_string_vec4
    %pushi/vec4 540161849, 0, 32; draw_string_vec4
    %concat/vec4; draw_string_vec4
    %pushi/vec4 544698226, 0, 32; draw_string_vec4
    %concat/vec4; draw_string_vec4
    %pushi/vec4 1679831072, 0, 32; draw_string_vec4
    %concat/vec4; draw_string_vec4
    %pushi/vec4 1025519736, 0, 32; draw_string_vec4
    %concat/vec4; draw_string_vec4
    %pushi/vec4 825700663, 0, 32; draw_string_vec4
    %concat/vec4; draw_string_vec4
    %store/vec4 v0xc0502dae0_0, 0, 512;
    %load/vec4 v0xc0511e620_0;
    %pad/u 20;
    %ix/vec4 4;
    %load/vec4a v0xc0511f840, 4;
    %pushi/vec4 5911, 0, 16;
    %cmp/e;
    %flag_get/vec4 6;
    %store/vec4 v0xc0502da40_0, 0, 1;
    %fork TD_boot_path_tb.check, S_0x102ff9d10;
    %join;
    %vpi_call 2 518 "$display", "\012--- Test 5: Full Image Verification ---" {0 0 0};
    %fork t_1, S_0x102fec820;
    %jmp t_0;
    .scope S_0x102fec820;
t_1 ;
    %pushi/vec4 0, 0, 32;
    %store/vec4 v0xc0502dcc0_0, 0, 32;
    %pushi/vec4 0, 0, 32;
    %store/vec4 v0xc0502dd60_0, 0, 32;
T_24.22 ; Top of for-loop
    %load/vec4 v0xc0502dd60_0;
    %cmpi/u 71680, 0, 32;
	  %jmp/0xz T_24.23, 5;
    %load/vec4 v0xc0502dd60_0;
    %muli 2, 0, 32;
    %pushi/vec4 512, 0, 32;
    %div/s;
    %store/vec4 v0xc0502db80_0, 0, 32;
    %load/vec4 v0xc0502db80_0;
    %parti/s 8, 0, 2;
    %store/vec4 v0xc0502dc20_0, 0, 8;
    %load/vec4 v0xc0502dc20_0;
    %load/vec4 v0xc0502dc20_0;
    %concat/vec4; draw_concat_vec4
    %store/vec4 v0xc0511da40_0, 0, 16;
    %load/vec4 v0xc0502db80_0;
    %parti/s 16, 0, 2;
    %load/vec4 v0xc0502dd60_0;
    %load/vec4 v0xc0502db80_0;
    %muli 256, 0, 32;
    %sub;
    %pushi/vec4 511, 0, 32;
    %and;
    %store/vec4 v0xc0502d9a0_0, 0, 9;
    %store/vec4 v0xc0502d680_0, 0, 16;
    %callf/vec4 TD_boot_path_tb.block_to_idx, S_0x102ff9b90;
    %store/vec4 v0xc0511e620_0, 0, 18;
    %load/vec4 v0xc0511e620_0;
    %pad/u 20;
    %ix/vec4 4;
    %load/vec4a v0xc0511f840, 4;
    %store/vec4 v0xc0511ca00_0, 0, 16;
    %load/vec4 v0xc0511ca00_0;
    %load/vec4 v0xc0511da40_0;
    %cmp/ne;
    %jmp/0xz  T_24.25, 6;
    %load/vec4 v0xc0502dcc0_0;
    %cmpi/s 10, 0, 32;
    %jmp/0xz  T_24.27, 5;
    %vpi_call 2 534 "$display", "    Word %0d (block %0d): got 0x%04h, expected 0x%04h", v0xc0502dd60_0, v0xc0502db80_0, v0xc0511ca00_0, v0xc0511da40_0 {0 0 0};
T_24.27 ;
    %load/vec4 v0xc0502dcc0_0;
    %addi 1, 0, 32;
    %store/vec4 v0xc0502dcc0_0, 0, 32;
T_24.25 ;
T_24.24 ; for-loop step statement
    %load/vec4 v0xc0502dd60_0;
    %addi 1, 0, 32;
    %store/vec4 v0xc0502dd60_0, 0, 32;
    %jmp T_24.22;
T_24.23 ; for-loop exit label
    %load/vec4 v0xc0502dcc0_0;
    %cmpi/e 0, 0, 32;
    %jmp/0xz  T_24.29, 4;
    %vpi_call 2 541 "$display", "  PASS: All %0d words verified correct", 32'b00000000000000010001100000000000 {0 0 0};
    %load/vec4 v0xc0511e6c0_0;
    %addi 1, 0, 32;
    %store/vec4 v0xc0511e6c0_0, 0, 32;
    %jmp T_24.30;
T_24.29 ;
    %vpi_call 2 544 "$display", "  FAIL: %0d/%0d words incorrect", v0xc0502dcc0_0, 32'b00000000000000010001100000000000 {0 0 0};
    %load/vec4 v0xc0511dae0_0;
    %addi 1, 0, 32;
    %store/vec4 v0xc0511dae0_0, 0, 32;
T_24.30 ;
    %end;
    .scope S_0x103000810;
t_0 %join;
    %vpi_call 2 552 "$display", "\000" {0 0 0};
    %vpi_call 2 553 "$display", "==============================================" {0 0 0};
    %vpi_call 2 554 "$display", "  RESULTS: %0d PASSED, %0d FAILED", v0xc0511e6c0_0, v0xc0511dae0_0 {0 0 0};
    %vpi_call 2 555 "$display", "==============================================" {0 0 0};
    %load/vec4 v0xc0511dae0_0;
    %cmpi/e 0, 0, 32;
    %jmp/0xz  T_24.31, 4;
    %vpi_call 2 557 "$display", "  ALL TESTS PASSED" {0 0 0};
    %jmp T_24.32;
T_24.31 ;
    %vpi_call 2 559 "$display", "  SOME TESTS FAILED" {0 0 0};
T_24.32 ;
    %vpi_call 2 560 "$display", "==============================================" {0 0 0};
    %vpi_call 2 561 "$display", "\000" {0 0 0};
    %delay 100000, 0;
    %vpi_call 2 564 "$finish" {0 0 0};
    %end;
    .thread T_24;
    .scope S_0x103000810;
T_25 ;
    %delay 568041472, 93;
    %vpi_call 2 572 "$display", "FAIL: Global timeout \342\200\224 simulation took too long" {0 0 0};
    %vpi_call 2 573 "$finish" {0 0 0};
    %end;
    .thread T_25;
# The file index is used to find the file name in the following table.
:file_names 7;
    "N/A";
    "<interactive>";
    "boot_path_tb.v";
    "sdram_arbiter.v";
    "boot_loader.v";
    "flash_reader.v";
    "sdram_controller.v";
