#! /Users/hambook/oss-cad-suite/bin/vvp
:ivl_version "13.0 (devel)" "(s20251012-54-g6651df6f2)";
:ivl_delay_selection "TYPICAL";
:vpi_time_precision - 12;
:vpi_module "/Users/hambook/oss-cad-suite/lib/ivl/system.vpi";
:vpi_module "/Users/hambook/oss-cad-suite/lib/ivl/vhdl_sys.vpi";
:vpi_module "/Users/hambook/oss-cad-suite/lib/ivl/vhdl_textio.vpi";
:vpi_module "/Users/hambook/oss-cad-suite/lib/ivl/v2005_math.vpi";
:vpi_module "/Users/hambook/oss-cad-suite/lib/ivl/va_math.vpi";
S_0x10368c820 .scope module, "boot_loader_tb" "boot_loader_tb" 2 6;
 .timescale -9 -12;
v0x98d09c820_0 .net "boot_done", 0 0, v0x10369b020_0;  1 drivers
v0x98d09d5e0_0 .net "boot_done_odd", 0 0, v0x98d09c8c0_0;  1 drivers
v0x98d09d680_0 .var "clk", 0 0;
v0x98d09d720_0 .var "expected_word", 15 0;
v0x98d09d7c0_0 .var/i "fail_count", 31 0;
v0x98d09d860_0 .var "flash_active", 0 0;
v0x98d09d900_0 .var "flash_active_odd", 0 0;
v0x98d09d9a0_0 .net "flash_addr", 23 0, v0x103697c50_0;  1 drivers
v0x98d09da40_0 .net "flash_addr_odd", 23 0, v0x98d09cb40_0;  1 drivers
v0x98d09dae0_0 .var "flash_busy", 0 0;
v0x98d09db80_0 .var "flash_busy_odd", 0 0;
v0x98d09dc20_0 .var "flash_bytes_left", 23 0;
v0x98d09dcc0_0 .var "flash_bytes_left_odd", 23 0;
v0x98d09dd60_0 .net "flash_count", 23 0, v0x10369b780_0;  1 drivers
v0x98d09de00_0 .net "flash_count_odd", 23 0, v0x98d09cc80_0;  1 drivers
v0x98d09dea0_0 .var "flash_data", 7 0;
v0x98d09df40_0 .var "flash_data_odd", 7 0;
v0x98d09dfe0_0 .net "flash_data_ready", 0 0, v0x98d09c000_0;  1 drivers
v0x98d09e080_0 .net "flash_data_ready_odd", 0 0, v0x98d09cdc0_0;  1 drivers
v0x98d09e120_0 .var "flash_data_valid", 0 0;
v0x98d09e1c0_0 .var "flash_data_valid_odd", 0 0;
v0x98d09e260_0 .var "flash_pattern", 7 0;
v0x98d09e300_0 .var "flash_pattern_odd", 7 0;
v0x98d09e3a0_0 .net "flash_start", 0 0, v0x98d09c140_0;  1 drivers
v0x98d09e440_0 .net "flash_start_odd", 0 0, v0x98d09cf00_0;  1 drivers
v0x98d09e4e0_0 .var "flash_startup_delay", 1 0;
v0x98d09e580_0 .var "flash_startup_delay_odd", 1 0;
v0x98d09e620_0 .var/i "i", 31 0;
v0x98d09e6c0_0 .var/i "pass_count", 31 0;
v0x98d09e760_0 .var "rst_n", 0 0;
v0x98d09e800_0 .var "sdram_init_done", 0 0;
v0x98d09e8a0_0 .var "sdram_init_done_odd", 0 0;
v0x98d09e940_0 .var "sdram_last_addr", 25 0;
v0x98d09e9e0 .array "sdram_mem", 511 0, 15 0;
v0x98d09ea80 .array "sdram_mem_odd", 511 0, 15 0;
v0x98d09eb20_0 .var "sdram_ready_delay", 0 0;
v0x98d09ebc0_0 .var "sdram_ready_delay_odd", 0 0;
v0x98d09ec60_0 .net "sdram_req", 0 0, v0x98d09c3c0_0;  1 drivers
v0x98d09ed00_0 .net "sdram_req_addr", 25 0, v0x98d09c460_0;  1 drivers
v0x98d09eda0_0 .net "sdram_req_addr_odd", 25 0, v0x98d09d220_0;  1 drivers
v0x98d09ee40_0 .net "sdram_req_odd", 0 0, v0x98d09d180_0;  1 drivers
v0x98d09eee0_0 .var "sdram_req_ready", 0 0;
v0x98d09ef80_0 .var "sdram_req_ready_odd", 0 0;
v0x98d09f020_0 .net "sdram_req_wdata", 15 0, v0x98d09c5a0_0;  1 drivers
v0x98d09f0c0_0 .net "sdram_req_wdata_odd", 15 0, v0x98d09d360_0;  1 drivers
v0x98d09f160_0 .net "sdram_req_write", 0 0, v0x98d09c640_0;  1 drivers
v0x98d09f200_0 .net "sdram_req_write_odd", 0 0, v0x98d09d400_0;  1 drivers
v0x98d09f2a0 .array "sdram_write_addrs", 255 0, 25 0;
v0x98d09f340_0 .var/i "sdram_write_count", 31 0;
v0x98d09f3e0_0 .var/i "sdram_write_count_odd", 31 0;
v0x98d09f480_0 .var "test_failed", 0 0;
E_0x98cc4d040 .event posedge, v0x10369a9e0_0;
S_0x10368c9a0 .scope module, "uut" "boot_loader" 2 138, 3 7 0, S_0x10368c820;
 .timescale -9 -12;
    .port_info 0 /INPUT 1 "clk";
    .port_info 1 /INPUT 1 "rst_n";
    .port_info 2 /INPUT 1 "sdram_init_done";
    .port_info 3 /OUTPUT 1 "boot_done";
    .port_info 4 /OUTPUT 1 "flash_start";
    .port_info 5 /OUTPUT 24 "flash_addr";
    .port_info 6 /OUTPUT 24 "flash_count";
    .port_info 7 /INPUT 1 "flash_busy";
    .port_info 8 /INPUT 8 "flash_data";
    .port_info 9 /INPUT 1 "flash_data_valid";
    .port_info 10 /OUTPUT 1 "flash_data_ready";
    .port_info 11 /OUTPUT 1 "sdram_req";
    .port_info 12 /OUTPUT 1 "sdram_req_write";
    .port_info 13 /OUTPUT 26 "sdram_req_addr";
    .port_info 14 /OUTPUT 16 "sdram_req_wdata";
    .port_info 15 /INPUT 1 "sdram_req_ready";
    .port_info 16 /OUTPUT 3 "debug_state";
P_0x103697830 .param/l "FLASH_OFFSET" 0 3 8, C4<010000000000000000000000>;
P_0x103697870 .param/l "IMAGE_SIZE" 0 3 9, C4<000000000000000000100000>;
P_0x1036978b0 .param/l "ST_COPY_HI" 1 3 40, C4<011>;
P_0x1036978f0 .param/l "ST_COPY_LO" 1 3 39, C4<010>;
P_0x103697930 .param/l "ST_DONE" 1 3 42, C4<101>;
P_0x103697970 .param/l "ST_START_FLASH" 1 3 38, C4<001>;
P_0x1036979b0 .param/l "ST_WAIT_INIT" 1 3 37, C4<000>;
P_0x1036979f0 .param/l "ST_WRITE_SDRAM" 1 3 41, C4<100>;
L_0x10369b8c0 .functor BUFZ 3, v0x98d09c6e0_0, C4<000>, C4<000>, C4<000>;
v0x10369b020_0 .var "boot_done", 0 0;
v0x10369ab60_0 .var "bytes_remaining", 23 0;
v0x10369a9e0_0 .net "clk", 0 0, v0x98d09d680_0;  1 drivers
v0x10369a2b0_0 .net "debug_state", 2 0, L_0x10369b8c0;  1 drivers
v0x103697c50_0 .var "flash_addr", 23 0;
v0x10369b6e0_0 .net "flash_busy", 0 0, v0x98d09dae0_0;  1 drivers
v0x10369b780_0 .var "flash_count", 23 0;
v0x10369b820_0 .net "flash_data", 7 0, v0x98d09dea0_0;  1 drivers
v0x98d09c000_0 .var "flash_data_ready", 0 0;
v0x98d09c0a0_0 .net "flash_data_valid", 0 0, v0x98d09e120_0;  1 drivers
v0x98d09c140_0 .var "flash_start", 0 0;
v0x98d09c1e0_0 .var "lo_byte", 7 0;
v0x98d09c280_0 .net "rst_n", 0 0, v0x98d09e760_0;  1 drivers
v0x98d09c320_0 .net "sdram_init_done", 0 0, v0x98d09e800_0;  1 drivers
v0x98d09c3c0_0 .var "sdram_req", 0 0;
v0x98d09c460_0 .var "sdram_req_addr", 25 0;
v0x98d09c500_0 .net "sdram_req_ready", 0 0, v0x98d09eee0_0;  1 drivers
v0x98d09c5a0_0 .var "sdram_req_wdata", 15 0;
v0x98d09c640_0 .var "sdram_req_write", 0 0;
v0x98d09c6e0_0 .var "state", 2 0;
v0x98d09c780_0 .var "write_addr", 25 0;
E_0x98cc4d080/0 .event negedge, v0x98d09c280_0;
E_0x98cc4d080/1 .event posedge, v0x10369a9e0_0;
E_0x98cc4d080 .event/or E_0x98cc4d080/0, E_0x98cc4d080/1;
S_0x10369c220 .scope module, "uut_odd" "boot_loader" 2 247, 3 7 0, S_0x10368c820;
 .timescale -9 -12;
    .port_info 0 /INPUT 1 "clk";
    .port_info 1 /INPUT 1 "rst_n";
    .port_info 2 /INPUT 1 "sdram_init_done";
    .port_info 3 /OUTPUT 1 "boot_done";
    .port_info 4 /OUTPUT 1 "flash_start";
    .port_info 5 /OUTPUT 24 "flash_addr";
    .port_info 6 /OUTPUT 24 "flash_count";
    .port_info 7 /INPUT 1 "flash_busy";
    .port_info 8 /INPUT 8 "flash_data";
    .port_info 9 /INPUT 1 "flash_data_valid";
    .port_info 10 /OUTPUT 1 "flash_data_ready";
    .port_info 11 /OUTPUT 1 "sdram_req";
    .port_info 12 /OUTPUT 1 "sdram_req_write";
    .port_info 13 /OUTPUT 26 "sdram_req_addr";
    .port_info 14 /OUTPUT 16 "sdram_req_wdata";
    .port_info 15 /INPUT 1 "sdram_req_ready";
    .port_info 16 /OUTPUT 3 "debug_state";
P_0x10369c3a0 .param/l "FLASH_OFFSET" 0 3 8, C4<010000000000000000000000>;
P_0x10369c3e0 .param/l "IMAGE_SIZE" 0 3 9, C4<000000000000000000100001>;
P_0x10369c420 .param/l "ST_COPY_HI" 1 3 40, C4<011>;
P_0x10369c460 .param/l "ST_COPY_LO" 1 3 39, C4<010>;
P_0x10369c4a0 .param/l "ST_DONE" 1 3 42, C4<101>;
P_0x10369c4e0 .param/l "ST_START_FLASH" 1 3 38, C4<001>;
P_0x10369c520 .param/l "ST_WAIT_INIT" 1 3 37, C4<000>;
P_0x10369c560 .param/l "ST_WRITE_SDRAM" 1 3 41, C4<100>;
L_0x103697b30 .functor BUFZ 3, v0x98d09d4a0_0, C4<000>, C4<000>, C4<000>;
v0x98d09c8c0_0 .var "boot_done", 0 0;
v0x98d09c960_0 .var "bytes_remaining", 23 0;
v0x98d09ca00_0 .net "clk", 0 0, v0x98d09d680_0;  alias, 1 drivers
v0x98d09caa0_0 .net "debug_state", 2 0, L_0x103697b30;  1 drivers
v0x98d09cb40_0 .var "flash_addr", 23 0;
v0x98d09cbe0_0 .net "flash_busy", 0 0, v0x98d09db80_0;  1 drivers
v0x98d09cc80_0 .var "flash_count", 23 0;
v0x98d09cd20_0 .net "flash_data", 7 0, v0x98d09df40_0;  1 drivers
v0x98d09cdc0_0 .var "flash_data_ready", 0 0;
v0x98d09ce60_0 .net "flash_data_valid", 0 0, v0x98d09e1c0_0;  1 drivers
v0x98d09cf00_0 .var "flash_start", 0 0;
v0x98d09cfa0_0 .var "lo_byte", 7 0;
v0x98d09d040_0 .net "rst_n", 0 0, v0x98d09e760_0;  alias, 1 drivers
v0x98d09d0e0_0 .net "sdram_init_done", 0 0, v0x98d09e8a0_0;  1 drivers
v0x98d09d180_0 .var "sdram_req", 0 0;
v0x98d09d220_0 .var "sdram_req_addr", 25 0;
v0x98d09d2c0_0 .net "sdram_req_ready", 0 0, v0x98d09ef80_0;  1 drivers
v0x98d09d360_0 .var "sdram_req_wdata", 15 0;
v0x98d09d400_0 .var "sdram_req_write", 0 0;
v0x98d09d4a0_0 .var "state", 2 0;
v0x98d09d540_0 .var "write_addr", 25 0;
    .scope S_0x10368c9a0;
T_0 ;
    %pushi/vec4 0, 0, 1;
    %store/vec4 v0x10369b020_0, 0, 1;
    %pushi/vec4 0, 0, 3;
    %store/vec4 v0x98d09c6e0_0, 0, 3;
    %pushi/vec4 0, 0, 8;
    %store/vec4 v0x98d09c1e0_0, 0, 8;
    %pushi/vec4 0, 0, 24;
    %store/vec4 v0x10369ab60_0, 0, 24;
    %pushi/vec4 0, 0, 26;
    %store/vec4 v0x98d09c780_0, 0, 26;
    %end;
    .thread T_0;
    .scope S_0x10368c9a0;
T_1 ;
    %wait E_0x98cc4d080;
    %load/vec4 v0x98d09c280_0;
    %nor/r;
    %flag_set/vec4 8;
    %jmp/0xz  T_1.0, 8;
    %pushi/vec4 0, 0, 3;
    %assign/vec4 v0x98d09c6e0_0, 0;
    %pushi/vec4 0, 0, 1;
    %assign/vec4 v0x10369b020_0, 0;
    %pushi/vec4 0, 0, 1;
    %assign/vec4 v0x98d09c140_0, 0;
    %pushi/vec4 0, 0, 24;
    %assign/vec4 v0x103697c50_0, 0;
    %pushi/vec4 0, 0, 24;
    %assign/vec4 v0x10369b780_0, 0;
    %pushi/vec4 0, 0, 1;
    %assign/vec4 v0x98d09c000_0, 0;
    %pushi/vec4 0, 0, 1;
    %assign/vec4 v0x98d09c3c0_0, 0;
    %pushi/vec4 0, 0, 1;
    %assign/vec4 v0x98d09c640_0, 0;
    %pushi/vec4 0, 0, 26;
    %assign/vec4 v0x98d09c460_0, 0;
    %pushi/vec4 0, 0, 16;
    %assign/vec4 v0x98d09c5a0_0, 0;
    %pushi/vec4 0, 0, 8;
    %assign/vec4 v0x98d09c1e0_0, 0;
    %pushi/vec4 0, 0, 24;
    %assign/vec4 v0x10369ab60_0, 0;
    %pushi/vec4 0, 0, 26;
    %assign/vec4 v0x98d09c780_0, 0;
    %jmp T_1.1;
T_1.0 ;
    %pushi/vec4 0, 0, 1;
    %assign/vec4 v0x98d09c140_0, 0;
    %load/vec4 v0x98d09c6e0_0;
    %dup/vec4;
    %pushi/vec4 0, 0, 3;
    %cmp/u;
    %jmp/1 T_1.2, 6;
    %dup/vec4;
    %pushi/vec4 1, 0, 3;
    %cmp/u;
    %jmp/1 T_1.3, 6;
    %dup/vec4;
    %pushi/vec4 2, 0, 3;
    %cmp/u;
    %jmp/1 T_1.4, 6;
    %dup/vec4;
    %pushi/vec4 3, 0, 3;
    %cmp/u;
    %jmp/1 T_1.5, 6;
    %dup/vec4;
    %pushi/vec4 4, 0, 3;
    %cmp/u;
    %jmp/1 T_1.6, 6;
    %dup/vec4;
    %pushi/vec4 5, 0, 3;
    %cmp/u;
    %jmp/1 T_1.7, 6;
    %pushi/vec4 0, 0, 3;
    %assign/vec4 v0x98d09c6e0_0, 0;
    %jmp T_1.9;
T_1.2 ;
    %pushi/vec4 0, 0, 1;
    %assign/vec4 v0x10369b020_0, 0;
    %pushi/vec4 0, 0, 1;
    %assign/vec4 v0x98d09c000_0, 0;
    %pushi/vec4 0, 0, 1;
    %assign/vec4 v0x98d09c3c0_0, 0;
    %load/vec4 v0x98d09c320_0;
    %flag_set/vec4 8;
    %jmp/0xz  T_1.10, 8;
    %pushi/vec4 1, 0, 3;
    %assign/vec4 v0x98d09c6e0_0, 0;
T_1.10 ;
    %jmp T_1.9;
T_1.3 ;
    %pushi/vec4 1, 0, 1;
    %assign/vec4 v0x98d09c140_0, 0;
    %pushi/vec4 4194304, 0, 24;
    %assign/vec4 v0x103697c50_0, 0;
    %pushi/vec4 32, 0, 24;
    %assign/vec4 v0x10369b780_0, 0;
    %pushi/vec4 1, 0, 1;
    %assign/vec4 v0x98d09c000_0, 0;
    %pushi/vec4 32, 0, 24;
    %assign/vec4 v0x10369ab60_0, 0;
    %pushi/vec4 0, 0, 26;
    %assign/vec4 v0x98d09c780_0, 0;
    %pushi/vec4 2, 0, 3;
    %assign/vec4 v0x98d09c6e0_0, 0;
    %jmp T_1.9;
T_1.4 ;
    %pushi/vec4 0, 0, 1;
    %assign/vec4 v0x98d09c3c0_0, 0;
    %load/vec4 v0x98d09c0a0_0;
    %flag_set/vec4 8;
    %jmp/0xz  T_1.12, 8;
    %load/vec4 v0x10369b820_0;
    %assign/vec4 v0x98d09c1e0_0, 0;
    %load/vec4 v0x10369ab60_0;
    %subi 1, 0, 24;
    %assign/vec4 v0x10369ab60_0, 0;
    %pushi/vec4 0, 0, 1;
    %assign/vec4 v0x98d09c000_0, 0;
    %load/vec4 v0x10369ab60_0;
    %cmpi/e 1, 0, 24;
    %jmp/0xz  T_1.14, 4;
    %pushi/vec4 0, 0, 8;
    %load/vec4 v0x10369b820_0;
    %concat/vec4; draw_concat_vec4
    %assign/vec4 v0x98d09c5a0_0, 0;
    %load/vec4 v0x98d09c780_0;
    %assign/vec4 v0x98d09c460_0, 0;
    %pushi/vec4 1, 0, 1;
    %assign/vec4 v0x98d09c3c0_0, 0;
    %pushi/vec4 1, 0, 1;
    %assign/vec4 v0x98d09c640_0, 0;
    %pushi/vec4 4, 0, 3;
    %assign/vec4 v0x98d09c6e0_0, 0;
    %jmp T_1.15;
T_1.14 ;
    %pushi/vec4 3, 0, 3;
    %assign/vec4 v0x98d09c6e0_0, 0;
T_1.15 ;
T_1.12 ;
    %jmp T_1.9;
T_1.5 ;
    %pushi/vec4 1, 0, 1;
    %assign/vec4 v0x98d09c000_0, 0;
    %load/vec4 v0x98d09c0a0_0;
    %flag_set/vec4 8;
    %jmp/0xz  T_1.16, 8;
    %load/vec4 v0x10369b820_0;
    %load/vec4 v0x98d09c1e0_0;
    %concat/vec4; draw_concat_vec4
    %assign/vec4 v0x98d09c5a0_0, 0;
    %load/vec4 v0x98d09c780_0;
    %assign/vec4 v0x98d09c460_0, 0;
    %pushi/vec4 1, 0, 1;
    %assign/vec4 v0x98d09c3c0_0, 0;
    %pushi/vec4 1, 0, 1;
    %assign/vec4 v0x98d09c640_0, 0;
    %pushi/vec4 0, 0, 1;
    %assign/vec4 v0x98d09c000_0, 0;
    %load/vec4 v0x10369ab60_0;
    %subi 1, 0, 24;
    %assign/vec4 v0x10369ab60_0, 0;
    %pushi/vec4 4, 0, 3;
    %assign/vec4 v0x98d09c6e0_0, 0;
T_1.16 ;
    %jmp T_1.9;
T_1.6 ;
    %load/vec4 v0x98d09c500_0;
    %flag_set/vec4 8;
    %jmp/0xz  T_1.18, 8;
    %pushi/vec4 0, 0, 1;
    %assign/vec4 v0x98d09c3c0_0, 0;
    %load/vec4 v0x98d09c780_0;
    %addi 2, 0, 26;
    %assign/vec4 v0x98d09c780_0, 0;
    %load/vec4 v0x10369ab60_0;
    %cmpi/e 0, 0, 24;
    %jmp/0xz  T_1.20, 4;
    %pushi/vec4 5, 0, 3;
    %assign/vec4 v0x98d09c6e0_0, 0;
    %jmp T_1.21;
T_1.20 ;
    %pushi/vec4 1, 0, 1;
    %assign/vec4 v0x98d09c000_0, 0;
    %pushi/vec4 2, 0, 3;
    %assign/vec4 v0x98d09c6e0_0, 0;
T_1.21 ;
T_1.18 ;
    %jmp T_1.9;
T_1.7 ;
    %pushi/vec4 1, 0, 1;
    %assign/vec4 v0x10369b020_0, 0;
    %pushi/vec4 0, 0, 1;
    %assign/vec4 v0x98d09c3c0_0, 0;
    %pushi/vec4 0, 0, 1;
    %assign/vec4 v0x98d09c000_0, 0;
    %jmp T_1.9;
T_1.9 ;
    %pop/vec4 1;
T_1.1 ;
    %jmp T_1;
    .thread T_1;
    .scope S_0x10369c220;
T_2 ;
    %pushi/vec4 0, 0, 1;
    %store/vec4 v0x98d09c8c0_0, 0, 1;
    %pushi/vec4 0, 0, 3;
    %store/vec4 v0x98d09d4a0_0, 0, 3;
    %pushi/vec4 0, 0, 8;
    %store/vec4 v0x98d09cfa0_0, 0, 8;
    %pushi/vec4 0, 0, 24;
    %store/vec4 v0x98d09c960_0, 0, 24;
    %pushi/vec4 0, 0, 26;
    %store/vec4 v0x98d09d540_0, 0, 26;
    %end;
    .thread T_2;
    .scope S_0x10369c220;
T_3 ;
    %wait E_0x98cc4d080;
    %load/vec4 v0x98d09d040_0;
    %nor/r;
    %flag_set/vec4 8;
    %jmp/0xz  T_3.0, 8;
    %pushi/vec4 0, 0, 3;
    %assign/vec4 v0x98d09d4a0_0, 0;
    %pushi/vec4 0, 0, 1;
    %assign/vec4 v0x98d09c8c0_0, 0;
    %pushi/vec4 0, 0, 1;
    %assign/vec4 v0x98d09cf00_0, 0;
    %pushi/vec4 0, 0, 24;
    %assign/vec4 v0x98d09cb40_0, 0;
    %pushi/vec4 0, 0, 24;
    %assign/vec4 v0x98d09cc80_0, 0;
    %pushi/vec4 0, 0, 1;
    %assign/vec4 v0x98d09cdc0_0, 0;
    %pushi/vec4 0, 0, 1;
    %assign/vec4 v0x98d09d180_0, 0;
    %pushi/vec4 0, 0, 1;
    %assign/vec4 v0x98d09d400_0, 0;
    %pushi/vec4 0, 0, 26;
    %assign/vec4 v0x98d09d220_0, 0;
    %pushi/vec4 0, 0, 16;
    %assign/vec4 v0x98d09d360_0, 0;
    %pushi/vec4 0, 0, 8;
    %assign/vec4 v0x98d09cfa0_0, 0;
    %pushi/vec4 0, 0, 24;
    %assign/vec4 v0x98d09c960_0, 0;
    %pushi/vec4 0, 0, 26;
    %assign/vec4 v0x98d09d540_0, 0;
    %jmp T_3.1;
T_3.0 ;
    %pushi/vec4 0, 0, 1;
    %assign/vec4 v0x98d09cf00_0, 0;
    %load/vec4 v0x98d09d4a0_0;
    %dup/vec4;
    %pushi/vec4 0, 0, 3;
    %cmp/u;
    %jmp/1 T_3.2, 6;
    %dup/vec4;
    %pushi/vec4 1, 0, 3;
    %cmp/u;
    %jmp/1 T_3.3, 6;
    %dup/vec4;
    %pushi/vec4 2, 0, 3;
    %cmp/u;
    %jmp/1 T_3.4, 6;
    %dup/vec4;
    %pushi/vec4 3, 0, 3;
    %cmp/u;
    %jmp/1 T_3.5, 6;
    %dup/vec4;
    %pushi/vec4 4, 0, 3;
    %cmp/u;
    %jmp/1 T_3.6, 6;
    %dup/vec4;
    %pushi/vec4 5, 0, 3;
    %cmp/u;
    %jmp/1 T_3.7, 6;
    %pushi/vec4 0, 0, 3;
    %assign/vec4 v0x98d09d4a0_0, 0;
    %jmp T_3.9;
T_3.2 ;
    %pushi/vec4 0, 0, 1;
    %assign/vec4 v0x98d09c8c0_0, 0;
    %pushi/vec4 0, 0, 1;
    %assign/vec4 v0x98d09cdc0_0, 0;
    %pushi/vec4 0, 0, 1;
    %assign/vec4 v0x98d09d180_0, 0;
    %load/vec4 v0x98d09d0e0_0;
    %flag_set/vec4 8;
    %jmp/0xz  T_3.10, 8;
    %pushi/vec4 1, 0, 3;
    %assign/vec4 v0x98d09d4a0_0, 0;
T_3.10 ;
    %jmp T_3.9;
T_3.3 ;
    %pushi/vec4 1, 0, 1;
    %assign/vec4 v0x98d09cf00_0, 0;
    %pushi/vec4 4194304, 0, 24;
    %assign/vec4 v0x98d09cb40_0, 0;
    %pushi/vec4 33, 0, 24;
    %assign/vec4 v0x98d09cc80_0, 0;
    %pushi/vec4 1, 0, 1;
    %assign/vec4 v0x98d09cdc0_0, 0;
    %pushi/vec4 33, 0, 24;
    %assign/vec4 v0x98d09c960_0, 0;
    %pushi/vec4 0, 0, 26;
    %assign/vec4 v0x98d09d540_0, 0;
    %pushi/vec4 2, 0, 3;
    %assign/vec4 v0x98d09d4a0_0, 0;
    %jmp T_3.9;
T_3.4 ;
    %pushi/vec4 0, 0, 1;
    %assign/vec4 v0x98d09d180_0, 0;
    %load/vec4 v0x98d09ce60_0;
    %flag_set/vec4 8;
    %jmp/0xz  T_3.12, 8;
    %load/vec4 v0x98d09cd20_0;
    %assign/vec4 v0x98d09cfa0_0, 0;
    %load/vec4 v0x98d09c960_0;
    %subi 1, 0, 24;
    %assign/vec4 v0x98d09c960_0, 0;
    %pushi/vec4 0, 0, 1;
    %assign/vec4 v0x98d09cdc0_0, 0;
    %load/vec4 v0x98d09c960_0;
    %cmpi/e 1, 0, 24;
    %jmp/0xz  T_3.14, 4;
    %pushi/vec4 0, 0, 8;
    %load/vec4 v0x98d09cd20_0;
    %concat/vec4; draw_concat_vec4
    %assign/vec4 v0x98d09d360_0, 0;
    %load/vec4 v0x98d09d540_0;
    %assign/vec4 v0x98d09d220_0, 0;
    %pushi/vec4 1, 0, 1;
    %assign/vec4 v0x98d09d180_0, 0;
    %pushi/vec4 1, 0, 1;
    %assign/vec4 v0x98d09d400_0, 0;
    %pushi/vec4 4, 0, 3;
    %assign/vec4 v0x98d09d4a0_0, 0;
    %jmp T_3.15;
T_3.14 ;
    %pushi/vec4 3, 0, 3;
    %assign/vec4 v0x98d09d4a0_0, 0;
T_3.15 ;
T_3.12 ;
    %jmp T_3.9;
T_3.5 ;
    %pushi/vec4 1, 0, 1;
    %assign/vec4 v0x98d09cdc0_0, 0;
    %load/vec4 v0x98d09ce60_0;
    %flag_set/vec4 8;
    %jmp/0xz  T_3.16, 8;
    %load/vec4 v0x98d09cd20_0;
    %load/vec4 v0x98d09cfa0_0;
    %concat/vec4; draw_concat_vec4
    %assign/vec4 v0x98d09d360_0, 0;
    %load/vec4 v0x98d09d540_0;
    %assign/vec4 v0x98d09d220_0, 0;
    %pushi/vec4 1, 0, 1;
    %assign/vec4 v0x98d09d180_0, 0;
    %pushi/vec4 1, 0, 1;
    %assign/vec4 v0x98d09d400_0, 0;
    %pushi/vec4 0, 0, 1;
    %assign/vec4 v0x98d09cdc0_0, 0;
    %load/vec4 v0x98d09c960_0;
    %subi 1, 0, 24;
    %assign/vec4 v0x98d09c960_0, 0;
    %pushi/vec4 4, 0, 3;
    %assign/vec4 v0x98d09d4a0_0, 0;
T_3.16 ;
    %jmp T_3.9;
T_3.6 ;
    %load/vec4 v0x98d09d2c0_0;
    %flag_set/vec4 8;
    %jmp/0xz  T_3.18, 8;
    %pushi/vec4 0, 0, 1;
    %assign/vec4 v0x98d09d180_0, 0;
    %load/vec4 v0x98d09d540_0;
    %addi 2, 0, 26;
    %assign/vec4 v0x98d09d540_0, 0;
    %load/vec4 v0x98d09c960_0;
    %cmpi/e 0, 0, 24;
    %jmp/0xz  T_3.20, 4;
    %pushi/vec4 5, 0, 3;
    %assign/vec4 v0x98d09d4a0_0, 0;
    %jmp T_3.21;
T_3.20 ;
    %pushi/vec4 1, 0, 1;
    %assign/vec4 v0x98d09cdc0_0, 0;
    %pushi/vec4 2, 0, 3;
    %assign/vec4 v0x98d09d4a0_0, 0;
T_3.21 ;
T_3.18 ;
    %jmp T_3.9;
T_3.7 ;
    %pushi/vec4 1, 0, 1;
    %assign/vec4 v0x98d09c8c0_0, 0;
    %pushi/vec4 0, 0, 1;
    %assign/vec4 v0x98d09d180_0, 0;
    %pushi/vec4 0, 0, 1;
    %assign/vec4 v0x98d09cdc0_0, 0;
    %jmp T_3.9;
T_3.9 ;
    %pop/vec4 1;
T_3.1 ;
    %jmp T_3;
    .thread T_3;
    .scope S_0x10368c820;
T_4 ;
    %pushi/vec4 0, 0, 1;
    %store/vec4 v0x98d09d680_0, 0, 1;
    %end;
    .thread T_4;
    .scope S_0x10368c820;
T_5 ;
    %delay 20000, 0;
    %load/vec4 v0x98d09d680_0;
    %inv;
    %store/vec4 v0x98d09d680_0, 0, 1;
    %jmp T_5;
    .thread T_5;
    .scope S_0x10368c820;
T_6 ;
    %wait E_0x98cc4d080;
    %load/vec4 v0x98d09e760_0;
    %nor/r;
    %flag_set/vec4 8;
    %jmp/0xz  T_6.0, 8;
    %pushi/vec4 0, 0, 1;
    %assign/vec4 v0x98d09dae0_0, 0;
    %pushi/vec4 0, 0, 8;
    %assign/vec4 v0x98d09dea0_0, 0;
    %pushi/vec4 0, 0, 1;
    %assign/vec4 v0x98d09e120_0, 0;
    %pushi/vec4 0, 0, 24;
    %assign/vec4 v0x98d09dc20_0, 0;
    %pushi/vec4 0, 0, 8;
    %assign/vec4 v0x98d09e260_0, 0;
    %pushi/vec4 0, 0, 2;
    %assign/vec4 v0x98d09e4e0_0, 0;
    %pushi/vec4 0, 0, 1;
    %assign/vec4 v0x98d09d860_0, 0;
    %jmp T_6.1;
T_6.0 ;
    %pushi/vec4 0, 0, 1;
    %assign/vec4 v0x98d09e120_0, 0;
    %load/vec4 v0x98d09e3a0_0;
    %flag_set/vec4 9;
    %flag_get/vec4 9;
    %jmp/0 T_6.4, 9;
    %load/vec4 v0x98d09d860_0;
    %nor/r;
    %and;
T_6.4;
    %flag_set/vec4 8;
    %jmp/0xz  T_6.2, 8;
    %pushi/vec4 1, 0, 1;
    %assign/vec4 v0x98d09dae0_0, 0;
    %load/vec4 v0x98d09dd60_0;
    %assign/vec4 v0x98d09dc20_0, 0;
    %pushi/vec4 0, 0, 8;
    %assign/vec4 v0x98d09e260_0, 0;
    %pushi/vec4 2, 0, 2;
    %assign/vec4 v0x98d09e4e0_0, 0;
    %pushi/vec4 1, 0, 1;
    %assign/vec4 v0x98d09d860_0, 0;
    %jmp T_6.3;
T_6.2 ;
    %load/vec4 v0x98d09d860_0;
    %flag_set/vec4 8;
    %jmp/0xz  T_6.5, 8;
    %load/vec4 v0x98d09e4e0_0;
    %pad/u 32;
    %cmpi/ne 0, 0, 32;
    %jmp/0xz  T_6.7, 4;
    %load/vec4 v0x98d09e4e0_0;
    %subi 1, 0, 2;
    %assign/vec4 v0x98d09e4e0_0, 0;
    %jmp T_6.8;
T_6.7 ;
    %load/vec4 v0x98d09dc20_0;
    %pad/u 32;
    %cmpi/ne 0, 0, 32;
    %flag_get/vec4 4;
    %jmp/0 T_6.11, 4;
    %load/vec4 v0x98d09dfe0_0;
    %and;
T_6.11;
    %flag_set/vec4 8;
    %jmp/0xz  T_6.9, 8;
    %load/vec4 v0x98d09e260_0;
    %assign/vec4 v0x98d09dea0_0, 0;
    %pushi/vec4 1, 0, 1;
    %assign/vec4 v0x98d09e120_0, 0;
    %load/vec4 v0x98d09e260_0;
    %addi 1, 0, 8;
    %assign/vec4 v0x98d09e260_0, 0;
    %load/vec4 v0x98d09dc20_0;
    %subi 1, 0, 24;
    %assign/vec4 v0x98d09dc20_0, 0;
    %jmp T_6.10;
T_6.9 ;
    %load/vec4 v0x98d09dc20_0;
    %pad/u 32;
    %cmpi/e 0, 0, 32;
    %jmp/0xz  T_6.12, 4;
    %pushi/vec4 0, 0, 1;
    %assign/vec4 v0x98d09dae0_0, 0;
    %pushi/vec4 0, 0, 1;
    %assign/vec4 v0x98d09d860_0, 0;
T_6.12 ;
T_6.10 ;
T_6.8 ;
T_6.5 ;
T_6.3 ;
T_6.1 ;
    %jmp T_6;
    .thread T_6;
    .scope S_0x10368c820;
T_7 ;
    %wait E_0x98cc4d080;
    %load/vec4 v0x98d09e760_0;
    %nor/r;
    %flag_set/vec4 8;
    %jmp/0xz  T_7.0, 8;
    %pushi/vec4 0, 0, 1;
    %assign/vec4 v0x98d09eee0_0, 0;
    %pushi/vec4 0, 0, 26;
    %assign/vec4 v0x98d09e940_0, 0;
    %pushi/vec4 0, 0, 1;
    %assign/vec4 v0x98d09eb20_0, 0;
    %pushi/vec4 0, 0, 32;
    %assign/vec4 v0x98d09f340_0, 0;
    %jmp T_7.1;
T_7.0 ;
    %load/vec4 v0x98d09ec60_0;
    %flag_set/vec4 9;
    %flag_get/vec4 9;
    %jmp/0 T_7.4, 9;
    %load/vec4 v0x98d09f160_0;
    %and;
T_7.4;
    %flag_set/vec4 8;
    %jmp/0xz  T_7.2, 8;
    %load/vec4 v0x98d09eb20_0;
    %nor/r;
    %flag_set/vec4 8;
    %jmp/0xz  T_7.5, 8;
    %pushi/vec4 1, 0, 1;
    %assign/vec4 v0x98d09eb20_0, 0;
    %pushi/vec4 0, 0, 1;
    %assign/vec4 v0x98d09eee0_0, 0;
    %jmp T_7.6;
T_7.5 ;
    %load/vec4 v0x98d09f020_0;
    %load/vec4 v0x98d09ed00_0;
    %parti/s 9, 1, 2;
    %pad/u 11;
    %ix/vec4 3;
    %ix/load 4, 0, 0; Constant delay
    %assign/vec4/a/d v0x98d09e9e0, 0, 4;
    %load/vec4 v0x98d09ed00_0;
    %assign/vec4 v0x98d09e940_0, 0;
    %load/vec4 v0x98d09ed00_0;
    %ix/getv/s 3, v0x98d09f340_0;
    %ix/load 4, 0, 0; Constant delay
    %assign/vec4/a/d v0x98d09f2a0, 0, 4;
    %load/vec4 v0x98d09f340_0;
    %addi 1, 0, 32;
    %assign/vec4 v0x98d09f340_0, 0;
    %pushi/vec4 1, 0, 1;
    %assign/vec4 v0x98d09eee0_0, 0;
    %pushi/vec4 0, 0, 1;
    %assign/vec4 v0x98d09eb20_0, 0;
T_7.6 ;
    %jmp T_7.3;
T_7.2 ;
    %pushi/vec4 0, 0, 1;
    %assign/vec4 v0x98d09eee0_0, 0;
    %pushi/vec4 0, 0, 1;
    %assign/vec4 v0x98d09eb20_0, 0;
T_7.3 ;
T_7.1 ;
    %jmp T_7;
    .thread T_7;
    .scope S_0x10368c820;
T_8 ;
    %wait E_0x98cc4d080;
    %load/vec4 v0x98d09e760_0;
    %nor/r;
    %flag_set/vec4 8;
    %jmp/0xz  T_8.0, 8;
    %pushi/vec4 0, 0, 1;
    %assign/vec4 v0x98d09db80_0, 0;
    %pushi/vec4 0, 0, 8;
    %assign/vec4 v0x98d09df40_0, 0;
    %pushi/vec4 0, 0, 1;
    %assign/vec4 v0x98d09e1c0_0, 0;
    %pushi/vec4 0, 0, 24;
    %assign/vec4 v0x98d09dcc0_0, 0;
    %pushi/vec4 0, 0, 8;
    %assign/vec4 v0x98d09e300_0, 0;
    %pushi/vec4 0, 0, 2;
    %assign/vec4 v0x98d09e580_0, 0;
    %pushi/vec4 0, 0, 1;
    %assign/vec4 v0x98d09d900_0, 0;
    %jmp T_8.1;
T_8.0 ;
    %pushi/vec4 0, 0, 1;
    %assign/vec4 v0x98d09e1c0_0, 0;
    %load/vec4 v0x98d09e440_0;
    %flag_set/vec4 9;
    %flag_get/vec4 9;
    %jmp/0 T_8.4, 9;
    %load/vec4 v0x98d09d900_0;
    %nor/r;
    %and;
T_8.4;
    %flag_set/vec4 8;
    %jmp/0xz  T_8.2, 8;
    %pushi/vec4 1, 0, 1;
    %assign/vec4 v0x98d09db80_0, 0;
    %load/vec4 v0x98d09de00_0;
    %assign/vec4 v0x98d09dcc0_0, 0;
    %pushi/vec4 0, 0, 8;
    %assign/vec4 v0x98d09e300_0, 0;
    %pushi/vec4 2, 0, 2;
    %assign/vec4 v0x98d09e580_0, 0;
    %pushi/vec4 1, 0, 1;
    %assign/vec4 v0x98d09d900_0, 0;
    %jmp T_8.3;
T_8.2 ;
    %load/vec4 v0x98d09d900_0;
    %flag_set/vec4 8;
    %jmp/0xz  T_8.5, 8;
    %load/vec4 v0x98d09e580_0;
    %pad/u 32;
    %cmpi/ne 0, 0, 32;
    %jmp/0xz  T_8.7, 4;
    %load/vec4 v0x98d09e580_0;
    %subi 1, 0, 2;
    %assign/vec4 v0x98d09e580_0, 0;
    %jmp T_8.8;
T_8.7 ;
    %load/vec4 v0x98d09dcc0_0;
    %pad/u 32;
    %cmpi/ne 0, 0, 32;
    %flag_get/vec4 4;
    %jmp/0 T_8.11, 4;
    %load/vec4 v0x98d09e080_0;
    %and;
T_8.11;
    %flag_set/vec4 8;
    %jmp/0xz  T_8.9, 8;
    %load/vec4 v0x98d09e300_0;
    %assign/vec4 v0x98d09df40_0, 0;
    %pushi/vec4 1, 0, 1;
    %assign/vec4 v0x98d09e1c0_0, 0;
    %load/vec4 v0x98d09e300_0;
    %addi 1, 0, 8;
    %assign/vec4 v0x98d09e300_0, 0;
    %load/vec4 v0x98d09dcc0_0;
    %subi 1, 0, 24;
    %assign/vec4 v0x98d09dcc0_0, 0;
    %jmp T_8.10;
T_8.9 ;
    %load/vec4 v0x98d09dcc0_0;
    %pad/u 32;
    %cmpi/e 0, 0, 32;
    %jmp/0xz  T_8.12, 4;
    %pushi/vec4 0, 0, 1;
    %assign/vec4 v0x98d09db80_0, 0;
    %pushi/vec4 0, 0, 1;
    %assign/vec4 v0x98d09d900_0, 0;
T_8.12 ;
T_8.10 ;
T_8.8 ;
T_8.5 ;
T_8.3 ;
T_8.1 ;
    %jmp T_8;
    .thread T_8;
    .scope S_0x10368c820;
T_9 ;
    %wait E_0x98cc4d080;
    %load/vec4 v0x98d09e760_0;
    %nor/r;
    %flag_set/vec4 8;
    %jmp/0xz  T_9.0, 8;
    %pushi/vec4 0, 0, 1;
    %assign/vec4 v0x98d09ef80_0, 0;
    %pushi/vec4 0, 0, 1;
    %assign/vec4 v0x98d09ebc0_0, 0;
    %pushi/vec4 0, 0, 32;
    %assign/vec4 v0x98d09f3e0_0, 0;
    %jmp T_9.1;
T_9.0 ;
    %load/vec4 v0x98d09ee40_0;
    %flag_set/vec4 9;
    %flag_get/vec4 9;
    %jmp/0 T_9.4, 9;
    %load/vec4 v0x98d09f200_0;
    %and;
T_9.4;
    %flag_set/vec4 8;
    %jmp/0xz  T_9.2, 8;
    %load/vec4 v0x98d09ebc0_0;
    %nor/r;
    %flag_set/vec4 8;
    %jmp/0xz  T_9.5, 8;
    %pushi/vec4 1, 0, 1;
    %assign/vec4 v0x98d09ebc0_0, 0;
    %pushi/vec4 0, 0, 1;
    %assign/vec4 v0x98d09ef80_0, 0;
    %jmp T_9.6;
T_9.5 ;
    %load/vec4 v0x98d09f0c0_0;
    %load/vec4 v0x98d09eda0_0;
    %parti/s 9, 1, 2;
    %pad/u 11;
    %ix/vec4 3;
    %ix/load 4, 0, 0; Constant delay
    %assign/vec4/a/d v0x98d09ea80, 0, 4;
    %load/vec4 v0x98d09f3e0_0;
    %addi 1, 0, 32;
    %assign/vec4 v0x98d09f3e0_0, 0;
    %pushi/vec4 1, 0, 1;
    %assign/vec4 v0x98d09ef80_0, 0;
    %pushi/vec4 0, 0, 1;
    %assign/vec4 v0x98d09ebc0_0, 0;
T_9.6 ;
    %jmp T_9.3;
T_9.2 ;
    %pushi/vec4 0, 0, 1;
    %assign/vec4 v0x98d09ef80_0, 0;
    %pushi/vec4 0, 0, 1;
    %assign/vec4 v0x98d09ebc0_0, 0;
T_9.3 ;
T_9.1 ;
    %jmp T_9;
    .thread T_9;
    .scope S_0x10368c820;
T_10 ;
    %vpi_call 2 274 "$dumpfile", "boot_loader_tb.vcd" {0 0 0};
    %vpi_call 2 275 "$dumpvars", 32'sb00000000000000000000000000000000, S_0x10368c820 {0 0 0};
    %pushi/vec4 0, 0, 32;
    %store/vec4 v0x98d09e6c0_0, 0, 32;
    %pushi/vec4 0, 0, 32;
    %store/vec4 v0x98d09d7c0_0, 0, 32;
    %pushi/vec4 0, 0, 1;
    %store/vec4 v0x98d09e760_0, 0, 1;
    %pushi/vec4 0, 0, 1;
    %store/vec4 v0x98d09e800_0, 0, 1;
    %pushi/vec4 0, 0, 1;
    %store/vec4 v0x98d09e8a0_0, 0, 1;
    %delay 100000, 0;
    %pushi/vec4 1, 0, 1;
    %store/vec4 v0x98d09e760_0, 0, 1;
    %delay 100000, 0;
    %pushi/vec4 1, 0, 1;
    %store/vec4 v0x98d09e800_0, 0, 1;
    %pushi/vec4 0, 0, 32;
    %store/vec4 v0x98d09e620_0, 0, 32;
T_10.0 ;
    %load/vec4 v0x98d09c820_0;
    %nor/r;
    %flag_set/vec4 9;
    %flag_get/vec4 9;
    %jmp/0 T_10.2, 9;
    %load/vec4 v0x98d09e620_0;
    %cmpi/s 5000, 0, 32;
    %flag_get/vec4 5;
    %and;
T_10.2;
    %flag_set/vec4 8;
    %jmp/0xz T_10.1, 8;
    %wait E_0x98cc4d040;
    %load/vec4 v0x98d09e620_0;
    %addi 1, 0, 32;
    %store/vec4 v0x98d09e620_0, 0, 32;
    %jmp T_10.0;
T_10.1 ;
    %load/vec4 v0x98d09c820_0;
    %flag_set/vec4 8;
    %jmp/0xz  T_10.3, 8;
    %vpi_call 2 305 "$display", "PASS: Test 1 - Boot completes after 32 bytes transferred" {0 0 0};
    %load/vec4 v0x98d09e6c0_0;
    %addi 1, 0, 32;
    %store/vec4 v0x98d09e6c0_0, 0, 32;
    %jmp T_10.4;
T_10.3 ;
    %vpi_call 2 308 "$display", "FAIL: Test 1 - Boot did not complete within timeout (%0d clocks)", v0x98d09e620_0 {0 0 0};
    %load/vec4 v0x98d09d7c0_0;
    %addi 1, 0, 32;
    %store/vec4 v0x98d09d7c0_0, 0, 32;
T_10.4 ;
    %pushi/vec4 0, 0, 1;
    %store/vec4 v0x98d09f480_0, 0, 1;
    %pushi/vec4 0, 0, 32;
    %store/vec4 v0x98d09e620_0, 0, 32;
T_10.5 ; Top of for-loop
    %load/vec4 v0x98d09e620_0;
    %cmpi/s 16, 0, 32;
	  %jmp/0xz T_10.6, 5;
    %load/vec4 v0x98d09e620_0;
    %parti/s 8, 0, 2;
    %muli 2, 0, 8;
    %addi 1, 0, 8;
    %load/vec4 v0x98d09e620_0;
    %parti/s 8, 0, 2;
    %muli 2, 0, 8;
    %concat/vec4; draw_concat_vec4
    %store/vec4 v0x98d09d720_0, 0, 16;
    %ix/getv/s 4, v0x98d09e620_0;
    %load/vec4a v0x98d09e9e0, 4;
    %load/vec4 v0x98d09d720_0;
    %cmp/ne;
    %jmp/0xz  T_10.8, 6;
    %vpi_call 2 324 "$display", "FAIL: Test 2 - SDRAM[%0d] = 0x%04h, expected 0x%04h", v0x98d09e620_0, &A<v0x98d09e9e0, v0x98d09e620_0 >, v0x98d09d720_0 {0 0 0};
    %pushi/vec4 1, 0, 1;
    %store/vec4 v0x98d09f480_0, 0, 1;
T_10.8 ;
T_10.7 ; for-loop step statement
    %load/vec4 v0x98d09e620_0;
    %addi 1, 0, 32;
    %store/vec4 v0x98d09e620_0, 0, 32;
    %jmp T_10.5;
T_10.6 ; for-loop exit label
    %load/vec4 v0x98d09f480_0;
    %nor/r;
    %flag_set/vec4 8;
    %jmp/0xz  T_10.10, 8;
    %vpi_call 2 331 "$display", "PASS: Test 2 - Data integrity verified for all 16 words" {0 0 0};
    %load/vec4 v0x98d09e6c0_0;
    %addi 1, 0, 32;
    %store/vec4 v0x98d09e6c0_0, 0, 32;
    %jmp T_10.11;
T_10.10 ;
    %load/vec4 v0x98d09d7c0_0;
    %addi 1, 0, 32;
    %store/vec4 v0x98d09d7c0_0, 0, 32;
T_10.11 ;
    %pushi/vec4 0, 0, 1;
    %store/vec4 v0x98d09f480_0, 0, 1;
    %pushi/vec4 0, 0, 32;
    %store/vec4 v0x98d09e620_0, 0, 32;
T_10.12 ; Top of for-loop
    %load/vec4 v0x98d09e620_0;
    %cmpi/s 16, 0, 32;
	  %jmp/0xz T_10.13, 5;
    %ix/getv/s 4, v0x98d09e620_0;
    %load/vec4a v0x98d09f2a0, 4;
    %pad/u 32;
    %load/vec4 v0x98d09e620_0;
    %muli 2, 0, 32;
    %cmp/ne;
    %jmp/0xz  T_10.15, 6;
    %load/vec4 v0x98d09e620_0;
    %muli 2, 0, 32;
    %vpi_call 2 344 "$display", "FAIL: Test 3 - Write %0d went to addr 0x%06h, expected 0x%06h", v0x98d09e620_0, &A<v0x98d09f2a0, v0x98d09e620_0 >, S<0,vec4,s32> {1 0 0};
    %pushi/vec4 1, 0, 1;
    %store/vec4 v0x98d09f480_0, 0, 1;
T_10.15 ;
T_10.14 ; for-loop step statement
    %load/vec4 v0x98d09e620_0;
    %addi 1, 0, 32;
    %store/vec4 v0x98d09e620_0, 0, 32;
    %jmp T_10.12;
T_10.13 ; for-loop exit label
    %load/vec4 v0x98d09f340_0;
    %cmpi/ne 16, 0, 32;
    %jmp/0xz  T_10.17, 6;
    %vpi_call 2 351 "$display", "FAIL: Test 3 - Expected 16 writes, got %0d", v0x98d09f340_0 {0 0 0};
    %pushi/vec4 1, 0, 1;
    %store/vec4 v0x98d09f480_0, 0, 1;
T_10.17 ;
    %load/vec4 v0x98d09f480_0;
    %nor/r;
    %flag_set/vec4 8;
    %jmp/0xz  T_10.19, 8;
    %vpi_call 2 356 "$display", "PASS: Test 3 - SDRAM addressing correct (0, 2, 4, ..., 30), 16 writes total" {0 0 0};
    %load/vec4 v0x98d09e6c0_0;
    %addi 1, 0, 32;
    %store/vec4 v0x98d09e6c0_0, 0, 32;
    %jmp T_10.20;
T_10.19 ;
    %load/vec4 v0x98d09d7c0_0;
    %addi 1, 0, 32;
    %store/vec4 v0x98d09d7c0_0, 0, 32;
T_10.20 ;
    %pushi/vec4 1, 0, 1;
    %store/vec4 v0x98d09e8a0_0, 0, 1;
    %pushi/vec4 0, 0, 32;
    %store/vec4 v0x98d09e620_0, 0, 32;
T_10.21 ;
    %load/vec4 v0x98d09d5e0_0;
    %nor/r;
    %flag_set/vec4 9;
    %flag_get/vec4 9;
    %jmp/0 T_10.23, 9;
    %load/vec4 v0x98d09e620_0;
    %cmpi/s 5000, 0, 32;
    %flag_get/vec4 5;
    %and;
T_10.23;
    %flag_set/vec4 8;
    %jmp/0xz T_10.22, 8;
    %wait E_0x98cc4d040;
    %load/vec4 v0x98d09e620_0;
    %addi 1, 0, 32;
    %store/vec4 v0x98d09e620_0, 0, 32;
    %jmp T_10.21;
T_10.22 ;
    %load/vec4 v0x98d09d5e0_0;
    %nor/r;
    %flag_set/vec4 8;
    %jmp/0xz  T_10.24, 8;
    %vpi_call 2 375 "$display", "FAIL: Test 4 - Odd-count boot did not complete within timeout" {0 0 0};
    %load/vec4 v0x98d09d7c0_0;
    %addi 1, 0, 32;
    %store/vec4 v0x98d09d7c0_0, 0, 32;
    %jmp T_10.25;
T_10.24 ;
    %pushi/vec4 0, 0, 1;
    %store/vec4 v0x98d09f480_0, 0, 1;
    %pushi/vec4 0, 0, 32;
    %store/vec4 v0x98d09e620_0, 0, 32;
T_10.26 ; Top of for-loop
    %load/vec4 v0x98d09e620_0;
    %cmpi/s 16, 0, 32;
	  %jmp/0xz T_10.27, 5;
    %load/vec4 v0x98d09e620_0;
    %parti/s 8, 0, 2;
    %muli 2, 0, 8;
    %addi 1, 0, 8;
    %load/vec4 v0x98d09e620_0;
    %parti/s 8, 0, 2;
    %muli 2, 0, 8;
    %concat/vec4; draw_concat_vec4
    %store/vec4 v0x98d09d720_0, 0, 16;
    %ix/getv/s 4, v0x98d09e620_0;
    %load/vec4a v0x98d09ea80, 4;
    %load/vec4 v0x98d09d720_0;
    %cmp/ne;
    %jmp/0xz  T_10.29, 6;
    %vpi_call 2 384 "$display", "FAIL: Test 4 - SDRAM_odd[%0d] = 0x%04h, expected 0x%04h", v0x98d09e620_0, &A<v0x98d09ea80, v0x98d09e620_0 >, v0x98d09d720_0 {0 0 0};
    %pushi/vec4 1, 0, 1;
    %store/vec4 v0x98d09f480_0, 0, 1;
T_10.29 ;
T_10.28 ; for-loop step statement
    %load/vec4 v0x98d09e620_0;
    %addi 1, 0, 32;
    %store/vec4 v0x98d09e620_0, 0, 32;
    %jmp T_10.26;
T_10.27 ; for-loop exit label
    %ix/load 4, 16, 0;
    %flag_set/imm 4, 0;
    %load/vec4a v0x98d09ea80, 4;
    %cmpi/ne 32, 0, 16;
    %jmp/0xz  T_10.31, 6;
    %vpi_call 2 392 "$display", "FAIL: Test 4 - Last word SDRAM_odd[16] = 0x%04h, expected 0x0020", &A<v0x98d09ea80, 16> {0 0 0};
    %pushi/vec4 1, 0, 1;
    %store/vec4 v0x98d09f480_0, 0, 1;
T_10.31 ;
    %load/vec4 v0x98d09f3e0_0;
    %cmpi/ne 17, 0, 32;
    %jmp/0xz  T_10.33, 6;
    %vpi_call 2 399 "$display", "FAIL: Test 4 - Expected 17 writes for odd count, got %0d", v0x98d09f3e0_0 {0 0 0};
    %pushi/vec4 1, 0, 1;
    %store/vec4 v0x98d09f480_0, 0, 1;
T_10.33 ;
    %load/vec4 v0x98d09f480_0;
    %nor/r;
    %flag_set/vec4 8;
    %jmp/0xz  T_10.35, 8;
    %vpi_call 2 405 "$display", "PASS: Test 4 - Odd byte count (33) handled correctly, last word padded with 0x00" {0 0 0};
    %load/vec4 v0x98d09e6c0_0;
    %addi 1, 0, 32;
    %store/vec4 v0x98d09e6c0_0, 0, 32;
    %jmp T_10.36;
T_10.35 ;
    %load/vec4 v0x98d09d7c0_0;
    %addi 1, 0, 32;
    %store/vec4 v0x98d09d7c0_0, 0, 32;
T_10.36 ;
T_10.25 ;
    %pushi/vec4 50, 0, 32;
T_10.37 %dup/vec4;
    %cmpi/s 0, 0, 32;
    %jmp/1xz T_10.38, 5;
    %jmp/1 T_10.38, 4;
    %subi 1, 0, 32;
    %wait E_0x98cc4d040;
    %jmp T_10.37;
T_10.38 ;
    %pop/vec4 1;
    %load/vec4 v0x98d09c820_0;
    %flag_set/vec4 9;
    %flag_get/vec4 9;
    %jmp/0 T_10.41, 9;
    %load/vec4 v0x98d09d5e0_0;
    %and;
T_10.41;
    %flag_set/vec4 8;
    %jmp/0xz  T_10.39, 8;
    %vpi_call 2 420 "$display", "PASS: Test 5 - boot_done remains asserted after boot" {0 0 0};
    %load/vec4 v0x98d09e6c0_0;
    %addi 1, 0, 32;
    %store/vec4 v0x98d09e6c0_0, 0, 32;
    %jmp T_10.40;
T_10.39 ;
    %vpi_call 2 423 "$display", "FAIL: Test 5 - boot_done dropped after boot (even=%b, odd=%b)", v0x98d09c820_0, v0x98d09d5e0_0 {0 0 0};
    %load/vec4 v0x98d09d7c0_0;
    %addi 1, 0, 32;
    %store/vec4 v0x98d09d7c0_0, 0, 32;
T_10.40 ;
    %vpi_call 2 432 "$display", "\000" {0 0 0};
    %vpi_call 2 433 "$display", "========================================" {0 0 0};
    %vpi_call 2 434 "$display", "  RESULTS: %0d PASSED, %0d FAILED", v0x98d09e6c0_0, v0x98d09d7c0_0 {0 0 0};
    %vpi_call 2 435 "$display", "========================================" {0 0 0};
    %load/vec4 v0x98d09d7c0_0;
    %cmpi/e 0, 0, 32;
    %jmp/0xz  T_10.42, 4;
    %vpi_call 2 438 "$display", "  ALL TESTS PASSED" {0 0 0};
    %jmp T_10.43;
T_10.42 ;
    %vpi_call 2 440 "$display", "  SOME TESTS FAILED" {0 0 0};
T_10.43 ;
    %vpi_call 2 443 "$display", "========================================" {0 0 0};
    %vpi_call 2 444 "$display", "\000" {0 0 0};
    %delay 100000, 0;
    %vpi_call 2 447 "$finish" {0 0 0};
    %end;
    .thread T_10;
    .scope S_0x10368c820;
T_11 ;
    %delay 500000000, 0;
    %vpi_call 2 456 "$display", "FAIL: Global timeout \342\200\224 simulation took too long" {0 0 0};
    %vpi_call 2 457 "$finish" {0 0 0};
    %end;
    .thread T_11;
# The file index is used to find the file name in the following table.
:file_names 4;
    "N/A";
    "<interactive>";
    "boot_loader_tb.v";
    "boot_loader.v";
