#! /Users/hambook/oss-cad-suite/bin/vvp
:ivl_version "13.0 (devel)" "(s20251012-54-g6651df6f2)";
:ivl_delay_selection "TYPICAL";
:vpi_time_precision - 12;
:vpi_module "/Users/hambook/oss-cad-suite/lib/ivl/system.vpi";
:vpi_module "/Users/hambook/oss-cad-suite/lib/ivl/vhdl_sys.vpi";
:vpi_module "/Users/hambook/oss-cad-suite/lib/ivl/vhdl_textio.vpi";
:vpi_module "/Users/hambook/oss-cad-suite/lib/ivl/v2005_math.vpi";
:vpi_module "/Users/hambook/oss-cad-suite/lib/ivl/va_math.vpi";
S_0x10524a220 .scope module, "fm_decoder_tb" "fm_decoder_tb" 2 14;
 .timescale -9 -12;
P_0xa1cc3a5c0 .param/l "BIT_CELL" 1 2 69, +C4<00000000000000000000000000011100>;
v0xa1d0755e0_0 .var/i "capture_count", 31 0;
v0xa1d075680 .array "captured_bytes", 63 0, 7 0;
v0xa1d075720_0 .var "clk", 0 0;
v0xa1d0757c0_0 .net "data_out", 7 0, v0xa1d074960_0;  1 drivers
v0xa1d075860_0 .net "data_valid", 0 0, v0xa1d074a00_0;  1 drivers
v0xa1d075900_0 .var "enable", 0 0;
v0xa1d0759a0_0 .var/i "fail_count", 31 0;
v0xa1d075a40_0 .var/i "i", 31 0;
v0xa1d075ae0_0 .net "packet_end", 0 0, v0xa1d075040_0;  1 drivers
v0xa1d075b80_0 .var/i "pass_count", 31 0;
v0xa1d075c20_0 .var/i "pend_count", 31 0;
v0xa1d075cc0_0 .var "rst_n", 0 0;
v0xa1d075d60_0 .net "sync_detected", 0 0, v0xa1d075220_0;  1 drivers
v0xa1d075e00_0 .var "test_failed", 0 0;
v0xa1d075ea0_0 .var "wrdata", 0 0;
S_0x10523a990 .scope task, "fm_idle" "fm_idle" 2 118, 2 118 0, S_0x10524a220;
 .timescale -9 -12;
v0xa1d074000_0 .var/i "j", 31 0;
v0xa1d0740a0_0 .var/i "num_clocks", 31 0;
E_0xa1d001240 .event posedge, v0xa1d0748c0_0;
TD_fm_decoder_tb.fm_idle ;
    %pushi/vec4 0, 0, 32;
    %store/vec4 v0xa1d074000_0, 0, 32;
T_0.0 ; Top of for-loop
    %load/vec4 v0xa1d074000_0;
    %load/vec4 v0xa1d0740a0_0;
    %cmp/s;
	  %jmp/0xz T_0.1, 5;
    %wait E_0xa1d001240;
T_0.2 ; for-loop step statement
    %load/vec4 v0xa1d074000_0;
    %addi 1, 0, 32;
    %store/vec4 v0xa1d074000_0, 0, 32;
    %jmp T_0.0;
T_0.1 ; for-loop exit label
    %end;
S_0x10523ab10 .scope task, "fm_kickoff" "fm_kickoff" 2 98, 2 98 0, S_0x10524a220;
 .timescale -9 -12;
TD_fm_decoder_tb.fm_kickoff ;
    %load/vec4 v0xa1d075ea0_0;
    %inv;
    %store/vec4 v0xa1d075ea0_0, 0, 1;
    %pushi/vec4 28, 0, 32;
T_1.3 %dup/vec4;
    %cmpi/s 0, 0, 32;
    %jmp/1xz T_1.4, 5;
    %jmp/1 T_1.4, 4;
    %subi 1, 0, 32;
    %wait E_0xa1d001240;
    %jmp T_1.3;
T_1.4 ;
    %pop/vec4 1;
    %end;
S_0x105245c30 .scope task, "fm_send_byte" "fm_send_byte" 2 78, 2 78 0, S_0x10524a220;
 .timescale -9 -12;
v0xa1d074140_0 .var/i "b", 31 0;
v0xa1d0741e0_0 .var "byte_val", 7 0;
v0xa1d074280_0 .var/i "j", 31 0;
TD_fm_decoder_tb.fm_send_byte ;
    %pushi/vec4 7, 0, 32;
    %store/vec4 v0xa1d074140_0, 0, 32;
T_2.5 ; Top of for-loop
    %load/vec4 v0xa1d074140_0;
    %cmpi/s 0, 0, 32;
    %flag_inv 5; GE is !LT
	  %jmp/0xz T_2.6, 5;
    %load/vec4 v0xa1d0741e0_0;
    %load/vec4 v0xa1d074140_0;
    %part/s 1;
    %flag_set/vec4 8;
    %jmp/0xz  T_2.8, 8;
    %load/vec4 v0xa1d075ea0_0;
    %inv;
    %store/vec4 v0xa1d075ea0_0, 0, 1;
T_2.8 ;
    %pushi/vec4 0, 0, 32;
    %store/vec4 v0xa1d074280_0, 0, 32;
T_2.10 ; Top of for-loop
    %load/vec4 v0xa1d074280_0;
    %cmpi/s 28, 0, 32;
	  %jmp/0xz T_2.11, 5;
    %wait E_0xa1d001240;
T_2.12 ; for-loop step statement
    %load/vec4 v0xa1d074280_0;
    %addi 1, 0, 32;
    %store/vec4 v0xa1d074280_0, 0, 32;
    %jmp T_2.10;
T_2.11 ; for-loop exit label
T_2.7 ; for-loop step statement
    %load/vec4 v0xa1d074140_0;
    %subi 1, 0, 32;
    %store/vec4 v0xa1d074140_0, 0, 32;
    %jmp T_2.5;
T_2.6 ; for-loop exit label
    %end;
S_0x105245db0 .scope task, "fm_send_sync" "fm_send_sync" 2 107, 2 107 0, S_0x10524a220;
 .timescale -9 -12;
v0xa1d074320_0 .var/i "count", 31 0;
v0xa1d0743c0_0 .var/i "n", 31 0;
TD_fm_decoder_tb.fm_send_sync ;
    %fork TD_fm_decoder_tb.fm_kickoff, S_0x10523ab10;
    %join;
    %pushi/vec4 0, 0, 32;
    %store/vec4 v0xa1d0743c0_0, 0, 32;
T_3.13 ; Top of for-loop
    %load/vec4 v0xa1d0743c0_0;
    %load/vec4 v0xa1d074320_0;
    %cmp/s;
	  %jmp/0xz T_3.14, 5;
    %pushi/vec4 255, 0, 8;
    %store/vec4 v0xa1d0741e0_0, 0, 8;
    %fork TD_fm_decoder_tb.fm_send_byte, S_0x105245c30;
    %join;
T_3.15 ; for-loop step statement
    %load/vec4 v0xa1d0743c0_0;
    %addi 1, 0, 32;
    %store/vec4 v0xa1d0743c0_0, 0, 32;
    %jmp T_3.13;
T_3.14 ; for-loop exit label
    %end;
S_0x10524e460 .scope task, "fm_wait_flush" "fm_wait_flush" 2 130, 2 130 0, S_0x10524a220;
 .timescale -9 -12;
TD_fm_decoder_tb.fm_wait_flush ;
    %pushi/vec4 270, 0, 32;
T_4.16 %dup/vec4;
    %cmpi/s 0, 0, 32;
    %jmp/1xz T_4.17, 5;
    %jmp/1 T_4.17, 4;
    %subi 1, 0, 32;
    %wait E_0xa1d001240;
    %jmp T_4.16;
T_4.17 ;
    %pop/vec4 1;
    %end;
S_0x10524ca60 .scope task, "reset_decoder" "reset_decoder" 2 155, 2 155 0, S_0x10524a220;
 .timescale -9 -12;
TD_fm_decoder_tb.reset_decoder ;
    %pushi/vec4 0, 0, 1;
    %store/vec4 v0xa1d075900_0, 0, 1;
    %pushi/vec4 10, 0, 32;
T_5.18 %dup/vec4;
    %cmpi/s 0, 0, 32;
    %jmp/1xz T_5.19, 5;
    %jmp/1 T_5.19, 4;
    %subi 1, 0, 32;
    %wait E_0xa1d001240;
    %jmp T_5.18;
T_5.19 ;
    %pop/vec4 1;
    %pushi/vec4 1, 0, 1;
    %store/vec4 v0xa1d075900_0, 0, 1;
    %pushi/vec4 1, 0, 1;
    %store/vec4 v0xa1d075ea0_0, 0, 1;
    %pushi/vec4 5, 0, 32;
T_5.20 %dup/vec4;
    %cmpi/s 0, 0, 32;
    %jmp/1xz T_5.21, 5;
    %jmp/1 T_5.21, 4;
    %subi 1, 0, 32;
    %wait E_0xa1d001240;
    %jmp T_5.20;
T_5.21 ;
    %pop/vec4 1;
    %pushi/vec4 0, 0, 32;
    %store/vec4 v0xa1d0755e0_0, 0, 32;
    %pushi/vec4 0, 0, 32;
    %store/vec4 v0xa1d075c20_0, 0, 32;
    %end;
S_0x1052510e0 .scope module, "uut" "fm_decoder" 2 43, 3 15 0, S_0x10524a220;
 .timescale -9 -12;
    .port_info 0 /INPUT 1 "clk";
    .port_info 1 /INPUT 1 "rst_n";
    .port_info 2 /INPUT 1 "enable";
    .port_info 3 /INPUT 1 "wrdata";
    .port_info 4 /OUTPUT 8 "data_out";
    .port_info 5 /OUTPUT 1 "data_valid";
    .port_info 6 /OUTPUT 1 "sync_detected";
    .port_info 7 /OUTPUT 1 "packet_end";
P_0xa1cc1c000 .param/l "FLUSH_TIMEOUT" 1 3 49, C4<0011111100>;
P_0xa1cc1c040 .param/l "SYNC_ONES_MIN" 1 3 52, C4<001000>;
P_0xa1cc1c080 .param/l "THRESH_1" 1 3 38, C4<0000101010>;
P_0xa1cc1c0c0 .param/l "THRESH_2" 1 3 39, C4<0001000110>;
P_0xa1cc1c100 .param/l "THRESH_3" 1 3 40, C4<0001100010>;
P_0xa1cc1c140 .param/l "THRESH_4" 1 3 41, C4<0001111110>;
P_0xa1cc1c180 .param/l "THRESH_5" 1 3 42, C4<0010011010>;
P_0xa1cc1c1c0 .param/l "THRESH_6" 1 3 43, C4<0010110110>;
P_0xa1cc1c200 .param/l "THRESH_7" 1 3 44, C4<0011010010>;
L_0x10524cce0 .functor XOR 1, v0xa1d075540_0, v0xa1d0754a0_0, C4<0>, C4<0>;
L_0xa1d0a0000 .functor AND 1, L_0x10524e5e0, L_0x10524ab80, C4<1>, C4<1>;
L_0xa1c878058 .functor BUFT 1, C4<0111>, C4<0>, C4<0>, C4<0>;
v0xa1d074460_0 .net/2u *"_ivl_12", 3 0, L_0xa1c878058;  1 drivers
v0xa1d074500_0 .net *"_ivl_14", 0 0, L_0x10524ab80;  1 drivers
L_0xa1c878010 .functor BUFT 1, C4<0000>, C4<0>, C4<0>, C4<0>;
v0xa1d0745a0_0 .net/2u *"_ivl_2", 3 0, L_0xa1c878010;  1 drivers
v0xa1d074640_0 .net *"_ivl_9", 6 0, L_0x10524a440;  1 drivers
v0xa1d0746e0_0 .net "assembled_byte", 7 0, L_0xa1d075f40;  1 drivers
v0xa1d074780_0 .var "bit_count", 3 0;
v0xa1d074820_0 .net "byte_complete", 0 0, L_0xa1d0a0000;  1 drivers
v0xa1d0748c0_0 .net "clk", 0 0, v0xa1d075720_0;  1 drivers
v0xa1d074960_0 .var "data_out", 7 0;
v0xa1d074a00_0 .var "data_valid", 0 0;
v0xa1d074aa0_0 .var "edge_timer", 9 0;
v0xa1d074b40_0 .net "enable", 0 0, v0xa1d075900_0;  1 drivers
v0xa1d074be0_0 .var "enable_prev", 0 0;
v0xa1d074c80_0 .var "first_edge", 0 0;
v0xa1d074d20_0 .net "insert_bit", 0 0, L_0x10524a3a0;  1 drivers
v0xa1d074dc0_0 .var "insert_bits", 7 0;
v0xa1d074e60_0 .var "insert_count", 3 0;
v0xa1d074f00_0 .net "inserting", 0 0, L_0x10524e5e0;  1 drivers
v0xa1d074fa0_0 .var "ones_count", 5 0;
v0xa1d075040_0 .var "packet_end", 0 0;
v0xa1d0750e0_0 .net "rst_n", 0 0, v0xa1d075cc0_0;  1 drivers
v0xa1d075180_0 .var "shift_reg", 7 0;
v0xa1d075220_0 .var "sync_detected", 0 0;
v0xa1d0752c0_0 .var "sync_hunting", 0 0;
v0xa1d075360_0 .net "wrdata", 0 0, v0xa1d075ea0_0;  1 drivers
v0xa1d075400_0 .net "wrdata_edge", 0 0, L_0x10524cce0;  1 drivers
v0xa1d0754a0_0 .var "wrdata_r1", 0 0;
v0xa1d075540_0 .var "wrdata_r2", 0 0;
E_0xa1d0012c0/0 .event negedge, v0xa1d0750e0_0;
E_0xa1d0012c0/1 .event posedge, v0xa1d0748c0_0;
E_0xa1d0012c0 .event/or E_0xa1d0012c0/0, E_0xa1d0012c0/1;
L_0x10524e5e0 .cmp/ne 4, v0xa1d074e60_0, L_0xa1c878010;
L_0x10524a3a0 .part v0xa1d074dc0_0, 7, 1;
L_0x10524a440 .part v0xa1d075180_0, 0, 7;
L_0xa1d075f40 .concat [ 1 7 0 0], L_0x10524a3a0, L_0x10524a440;
L_0x10524ab80 .cmp/eq 4, v0xa1d074780_0, L_0xa1c878058;
    .scope S_0x1052510e0;
T_6 ;
    %pushi/vec4 0, 0, 8;
    %store/vec4 v0xa1d074960_0, 0, 8;
    %pushi/vec4 0, 0, 1;
    %store/vec4 v0xa1d074a00_0, 0, 1;
    %pushi/vec4 0, 0, 1;
    %store/vec4 v0xa1d075220_0, 0, 1;
    %pushi/vec4 0, 0, 1;
    %store/vec4 v0xa1d075040_0, 0, 1;
    %pushi/vec4 1, 0, 1;
    %store/vec4 v0xa1d0754a0_0, 0, 1;
    %pushi/vec4 1, 0, 1;
    %store/vec4 v0xa1d075540_0, 0, 1;
    %pushi/vec4 0, 0, 1;
    %store/vec4 v0xa1d074be0_0, 0, 1;
    %pushi/vec4 0, 0, 10;
    %store/vec4 v0xa1d074aa0_0, 0, 10;
    %pushi/vec4 0, 0, 1;
    %store/vec4 v0xa1d074c80_0, 0, 1;
    %pushi/vec4 0, 0, 8;
    %store/vec4 v0xa1d075180_0, 0, 8;
    %pushi/vec4 0, 0, 4;
    %store/vec4 v0xa1d074780_0, 0, 4;
    %pushi/vec4 0, 0, 6;
    %store/vec4 v0xa1d074fa0_0, 0, 6;
    %pushi/vec4 0, 0, 1;
    %store/vec4 v0xa1d0752c0_0, 0, 1;
    %pushi/vec4 0, 0, 8;
    %store/vec4 v0xa1d074dc0_0, 0, 8;
    %pushi/vec4 0, 0, 4;
    %store/vec4 v0xa1d074e60_0, 0, 4;
    %end;
    .thread T_6;
    .scope S_0x1052510e0;
T_7 ;
    %wait E_0xa1d0012c0;
    %load/vec4 v0xa1d0750e0_0;
    %nor/r;
    %flag_set/vec4 8;
    %jmp/0xz  T_7.0, 8;
    %pushi/vec4 1, 0, 1;
    %assign/vec4 v0xa1d0754a0_0, 0;
    %pushi/vec4 1, 0, 1;
    %assign/vec4 v0xa1d075540_0, 0;
    %jmp T_7.1;
T_7.0 ;
    %load/vec4 v0xa1d075360_0;
    %assign/vec4 v0xa1d0754a0_0, 0;
    %load/vec4 v0xa1d0754a0_0;
    %assign/vec4 v0xa1d075540_0, 0;
T_7.1 ;
    %jmp T_7;
    .thread T_7;
    .scope S_0x1052510e0;
T_8 ;
    %wait E_0xa1d0012c0;
    %load/vec4 v0xa1d0750e0_0;
    %nor/r;
    %flag_set/vec4 8;
    %jmp/0xz  T_8.0, 8;
    %pushi/vec4 0, 0, 10;
    %assign/vec4 v0xa1d074aa0_0, 0;
    %pushi/vec4 0, 0, 1;
    %assign/vec4 v0xa1d074c80_0, 0;
    %pushi/vec4 0, 0, 8;
    %assign/vec4 v0xa1d075180_0, 0;
    %pushi/vec4 0, 0, 4;
    %assign/vec4 v0xa1d074780_0, 0;
    %pushi/vec4 0, 0, 6;
    %assign/vec4 v0xa1d074fa0_0, 0;
    %pushi/vec4 0, 0, 1;
    %assign/vec4 v0xa1d0752c0_0, 0;
    %pushi/vec4 0, 0, 1;
    %assign/vec4 v0xa1d075220_0, 0;
    %pushi/vec4 0, 0, 8;
    %assign/vec4 v0xa1d074960_0, 0;
    %pushi/vec4 0, 0, 1;
    %assign/vec4 v0xa1d074a00_0, 0;
    %pushi/vec4 0, 0, 1;
    %assign/vec4 v0xa1d075040_0, 0;
    %pushi/vec4 0, 0, 1;
    %assign/vec4 v0xa1d074be0_0, 0;
    %pushi/vec4 0, 0, 8;
    %assign/vec4 v0xa1d074dc0_0, 0;
    %pushi/vec4 0, 0, 4;
    %assign/vec4 v0xa1d074e60_0, 0;
    %jmp T_8.1;
T_8.0 ;
    %pushi/vec4 0, 0, 1;
    %assign/vec4 v0xa1d074a00_0, 0;
    %pushi/vec4 0, 0, 1;
    %assign/vec4 v0xa1d075040_0, 0;
    %load/vec4 v0xa1d074b40_0;
    %assign/vec4 v0xa1d074be0_0, 0;
    %load/vec4 v0xa1d074b40_0;
    %nor/r;
    %flag_set/vec4 8;
    %jmp/0xz  T_8.2, 8;
    %pushi/vec4 0, 0, 10;
    %assign/vec4 v0xa1d074aa0_0, 0;
    %pushi/vec4 0, 0, 1;
    %assign/vec4 v0xa1d074c80_0, 0;
    %pushi/vec4 0, 0, 8;
    %assign/vec4 v0xa1d075180_0, 0;
    %pushi/vec4 0, 0, 4;
    %assign/vec4 v0xa1d074780_0, 0;
    %pushi/vec4 0, 0, 6;
    %assign/vec4 v0xa1d074fa0_0, 0;
    %pushi/vec4 0, 0, 1;
    %assign/vec4 v0xa1d0752c0_0, 0;
    %pushi/vec4 0, 0, 1;
    %assign/vec4 v0xa1d075220_0, 0;
    %pushi/vec4 0, 0, 8;
    %assign/vec4 v0xa1d074960_0, 0;
    %pushi/vec4 0, 0, 8;
    %assign/vec4 v0xa1d074dc0_0, 0;
    %pushi/vec4 0, 0, 4;
    %assign/vec4 v0xa1d074e60_0, 0;
    %jmp T_8.3;
T_8.2 ;
    %load/vec4 v0xa1d074b40_0;
    %flag_set/vec4 9;
    %flag_get/vec4 9;
    %jmp/0 T_8.6, 9;
    %load/vec4 v0xa1d074be0_0;
    %nor/r;
    %and;
T_8.6;
    %flag_set/vec4 8;
    %jmp/0xz  T_8.4, 8;
    %pushi/vec4 0, 0, 10;
    %assign/vec4 v0xa1d074aa0_0, 0;
    %pushi/vec4 0, 0, 1;
    %assign/vec4 v0xa1d074c80_0, 0;
    %pushi/vec4 0, 0, 8;
    %assign/vec4 v0xa1d075180_0, 0;
    %pushi/vec4 0, 0, 4;
    %assign/vec4 v0xa1d074780_0, 0;
    %pushi/vec4 0, 0, 6;
    %assign/vec4 v0xa1d074fa0_0, 0;
    %pushi/vec4 0, 0, 1;
    %assign/vec4 v0xa1d0752c0_0, 0;
    %pushi/vec4 0, 0, 1;
    %assign/vec4 v0xa1d075220_0, 0;
    %pushi/vec4 0, 0, 8;
    %assign/vec4 v0xa1d074960_0, 0;
    %pushi/vec4 0, 0, 8;
    %assign/vec4 v0xa1d074dc0_0, 0;
    %pushi/vec4 0, 0, 4;
    %assign/vec4 v0xa1d074e60_0, 0;
    %jmp T_8.5;
T_8.4 ;
    %load/vec4 v0xa1d075400_0;
    %flag_set/vec4 9;
    %flag_get/vec4 9;
    %jmp/0 T_8.9, 9;
    %load/vec4 v0xa1d074f00_0;
    %nor/r;
    %and;
T_8.9;
    %flag_set/vec4 8;
    %jmp/0xz  T_8.7, 8;
    %load/vec4 v0xa1d074c80_0;
    %nor/r;
    %flag_set/vec4 8;
    %jmp/0xz  T_8.10, 8;
    %pushi/vec4 1, 0, 1;
    %assign/vec4 v0xa1d074c80_0, 0;
    %pushi/vec4 0, 0, 10;
    %assign/vec4 v0xa1d074aa0_0, 0;
    %jmp T_8.11;
T_8.10 ;
    %load/vec4 v0xa1d074aa0_0;
    %cmpi/u 42, 0, 10;
    %jmp/0xz  T_8.12, 5;
    %pushi/vec4 128, 0, 8;
    %assign/vec4 v0xa1d074dc0_0, 0;
    %pushi/vec4 1, 0, 4;
    %assign/vec4 v0xa1d074e60_0, 0;
    %jmp T_8.13;
T_8.12 ;
    %load/vec4 v0xa1d074aa0_0;
    %cmpi/u 70, 0, 10;
    %jmp/0xz  T_8.14, 5;
    %pushi/vec4 64, 0, 8;
    %assign/vec4 v0xa1d074dc0_0, 0;
    %pushi/vec4 2, 0, 4;
    %assign/vec4 v0xa1d074e60_0, 0;
    %jmp T_8.15;
T_8.14 ;
    %load/vec4 v0xa1d074aa0_0;
    %cmpi/u 98, 0, 10;
    %jmp/0xz  T_8.16, 5;
    %pushi/vec4 32, 0, 8;
    %assign/vec4 v0xa1d074dc0_0, 0;
    %pushi/vec4 3, 0, 4;
    %assign/vec4 v0xa1d074e60_0, 0;
    %jmp T_8.17;
T_8.16 ;
    %load/vec4 v0xa1d074aa0_0;
    %cmpi/u 126, 0, 10;
    %jmp/0xz  T_8.18, 5;
    %pushi/vec4 16, 0, 8;
    %assign/vec4 v0xa1d074dc0_0, 0;
    %pushi/vec4 4, 0, 4;
    %assign/vec4 v0xa1d074e60_0, 0;
    %jmp T_8.19;
T_8.18 ;
    %load/vec4 v0xa1d074aa0_0;
    %cmpi/u 154, 0, 10;
    %jmp/0xz  T_8.20, 5;
    %pushi/vec4 8, 0, 8;
    %assign/vec4 v0xa1d074dc0_0, 0;
    %pushi/vec4 5, 0, 4;
    %assign/vec4 v0xa1d074e60_0, 0;
    %jmp T_8.21;
T_8.20 ;
    %load/vec4 v0xa1d074aa0_0;
    %cmpi/u 182, 0, 10;
    %jmp/0xz  T_8.22, 5;
    %pushi/vec4 4, 0, 8;
    %assign/vec4 v0xa1d074dc0_0, 0;
    %pushi/vec4 6, 0, 4;
    %assign/vec4 v0xa1d074e60_0, 0;
    %jmp T_8.23;
T_8.22 ;
    %load/vec4 v0xa1d074aa0_0;
    %cmpi/u 210, 0, 10;
    %jmp/0xz  T_8.24, 5;
    %pushi/vec4 2, 0, 8;
    %assign/vec4 v0xa1d074dc0_0, 0;
    %pushi/vec4 7, 0, 4;
    %assign/vec4 v0xa1d074e60_0, 0;
    %jmp T_8.25;
T_8.24 ;
    %pushi/vec4 1, 0, 8;
    %assign/vec4 v0xa1d074dc0_0, 0;
    %pushi/vec4 8, 0, 4;
    %assign/vec4 v0xa1d074e60_0, 0;
T_8.25 ;
T_8.23 ;
T_8.21 ;
T_8.19 ;
T_8.17 ;
T_8.15 ;
T_8.13 ;
    %pushi/vec4 0, 0, 10;
    %assign/vec4 v0xa1d074aa0_0, 0;
T_8.11 ;
    %jmp T_8.8;
T_8.7 ;
    %load/vec4 v0xa1d074f00_0;
    %nor/r;
    %flag_set/vec4 8;
    %jmp/0xz  T_8.26, 8;
    %load/vec4 v0xa1d074aa0_0;
    %cmpi/u 1023, 0, 10;
    %jmp/0xz  T_8.28, 5;
    %load/vec4 v0xa1d074aa0_0;
    %addi 1, 0, 10;
    %assign/vec4 v0xa1d074aa0_0, 0;
T_8.28 ;
T_8.26 ;
T_8.8 ;
    %load/vec4 v0xa1d074f00_0;
    %flag_set/vec4 8;
    %jmp/0xz  T_8.30, 8;
    %load/vec4 v0xa1d075180_0;
    %parti/s 7, 0, 2;
    %load/vec4 v0xa1d074d20_0;
    %concat/vec4; draw_concat_vec4
    %assign/vec4 v0xa1d075180_0, 0;
    %load/vec4 v0xa1d074dc0_0;
    %parti/s 7, 0, 2;
    %concati/vec4 0, 0, 1;
    %assign/vec4 v0xa1d074dc0_0, 0;
    %load/vec4 v0xa1d074e60_0;
    %subi 1, 0, 4;
    %assign/vec4 v0xa1d074e60_0, 0;
    %load/vec4 v0xa1d074d20_0;
    %flag_set/vec4 8;
    %jmp/0xz  T_8.32, 8;
    %load/vec4 v0xa1d074fa0_0;
    %addi 1, 0, 6;
    %assign/vec4 v0xa1d074fa0_0, 0;
    %jmp T_8.33;
T_8.32 ;
    %pushi/vec4 0, 0, 6;
    %assign/vec4 v0xa1d074fa0_0, 0;
T_8.33 ;
    %load/vec4 v0xa1d075220_0;
    %nor/r;
    %flag_set/vec4 8;
    %jmp/0xz  T_8.34, 8;
    %load/vec4 v0xa1d074d20_0;
    %flag_set/vec4 9;
    %flag_get/vec4 9;
    %jmp/0 T_8.38, 9;
    %pushi/vec4 7, 0, 32;
    %load/vec4 v0xa1d074fa0_0;
    %pad/u 32;
    %cmp/u;
    %flag_get/vec4 4;
    %flag_get/vec4 5;
    %or;
    %and;
T_8.38;
    %flag_set/vec4 8;
    %jmp/0xz  T_8.36, 8;
    %pushi/vec4 1, 0, 1;
    %assign/vec4 v0xa1d0752c0_0, 0;
    %jmp T_8.37;
T_8.36 ;
    %load/vec4 v0xa1d074d20_0;
    %nor/r;
    %flag_set/vec4 9;
    %flag_get/vec4 9;
    %jmp/0 T_8.41, 9;
    %pushi/vec4 8, 0, 6;
    %load/vec4 v0xa1d074fa0_0;
    %cmp/u;
    %flag_get/vec4 4;
    %flag_get/vec4 5;
    %or;
    %and;
T_8.41;
    %flag_set/vec4 8;
    %jmp/0xz  T_8.39, 8;
    %pushi/vec4 1, 0, 1;
    %assign/vec4 v0xa1d0752c0_0, 0;
T_8.39 ;
T_8.37 ;
    %load/vec4 v0xa1d0752c0_0;
    %flag_set/vec4 9;
    %flag_get/vec4 9;
    %jmp/0 T_8.44, 9;
    %load/vec4 v0xa1d0746e0_0;
    %pushi/vec4 195, 0, 8;
    %cmp/e;
    %flag_get/vec4 4;
    %and;
T_8.44;
    %flag_set/vec4 8;
    %jmp/0xz  T_8.42, 8;
    %pushi/vec4 1, 0, 1;
    %assign/vec4 v0xa1d075220_0, 0;
    %pushi/vec4 0, 0, 4;
    %assign/vec4 v0xa1d074780_0, 0;
    %jmp T_8.43;
T_8.42 ;
    %load/vec4 v0xa1d074780_0;
    %cmpi/e 7, 0, 4;
    %flag_mov 8, 4;
    %jmp/0 T_8.45, 8;
    %pushi/vec4 0, 0, 4;
    %jmp/1 T_8.46, 8;
T_8.45 ; End of true expr.
    %load/vec4 v0xa1d074780_0;
    %addi 1, 0, 4;
    %jmp/0 T_8.46, 8;
 ; End of false expr.
    %blend;
T_8.46;
    %assign/vec4 v0xa1d074780_0, 0;
T_8.43 ;
    %jmp T_8.35;
T_8.34 ;
    %load/vec4 v0xa1d074820_0;
    %flag_set/vec4 8;
    %jmp/0xz  T_8.47, 8;
    %pushi/vec4 0, 0, 4;
    %assign/vec4 v0xa1d074780_0, 0;
    %load/vec4 v0xa1d0746e0_0;
    %assign/vec4 v0xa1d074960_0, 0;
    %pushi/vec4 1, 0, 1;
    %assign/vec4 v0xa1d074a00_0, 0;
    %load/vec4 v0xa1d0746e0_0;
    %cmpi/e 200, 0, 8;
    %jmp/0xz  T_8.49, 4;
    %pushi/vec4 1, 0, 1;
    %assign/vec4 v0xa1d075040_0, 0;
T_8.49 ;
    %jmp T_8.48;
T_8.47 ;
    %load/vec4 v0xa1d074780_0;
    %addi 1, 0, 4;
    %assign/vec4 v0xa1d074780_0, 0;
T_8.48 ;
T_8.35 ;
T_8.30 ;
    %load/vec4 v0xa1d074f00_0;
    %nor/r;
    %flag_set/vec4 12;
    %flag_get/vec4 12;
    %jmp/0 T_8.56, 12;
    %load/vec4 v0xa1d075220_0;
    %and;
T_8.56;
    %flag_set/vec4 11;
    %flag_get/vec4 11;
    %jmp/0 T_8.55, 11;
    %load/vec4 v0xa1d074780_0;
    %pushi/vec4 0, 0, 4;
    %cmp/ne;
    %flag_get/vec4 4;
    %and;
T_8.55;
    %flag_set/vec4 10;
    %flag_get/vec4 10;
    %jmp/0 T_8.54, 10;
    %load/vec4 v0xa1d074aa0_0;
    %pushi/vec4 252, 0, 10;
    %cmp/e;
    %flag_get/vec4 4;
    %and;
T_8.54;
    %flag_set/vec4 9;
    %flag_get/vec4 9;
    %jmp/0 T_8.53, 9;
    %load/vec4 v0xa1d074c80_0;
    %and;
T_8.53;
    %flag_set/vec4 8;
    %jmp/0xz  T_8.51, 8;
    %load/vec4 v0xa1d074780_0;
    %dup/vec4;
    %pushi/vec4 1, 0, 4;
    %cmp/u;
    %jmp/1 T_8.57, 6;
    %dup/vec4;
    %pushi/vec4 2, 0, 4;
    %cmp/u;
    %jmp/1 T_8.58, 6;
    %dup/vec4;
    %pushi/vec4 3, 0, 4;
    %cmp/u;
    %jmp/1 T_8.59, 6;
    %dup/vec4;
    %pushi/vec4 4, 0, 4;
    %cmp/u;
    %jmp/1 T_8.60, 6;
    %dup/vec4;
    %pushi/vec4 5, 0, 4;
    %cmp/u;
    %jmp/1 T_8.61, 6;
    %dup/vec4;
    %pushi/vec4 6, 0, 4;
    %cmp/u;
    %jmp/1 T_8.62, 6;
    %dup/vec4;
    %pushi/vec4 7, 0, 4;
    %cmp/u;
    %jmp/1 T_8.63, 6;
    %load/vec4 v0xa1d075180_0;
    %assign/vec4 v0xa1d074960_0, 0;
    %jmp T_8.65;
T_8.57 ;
    %load/vec4 v0xa1d075180_0;
    %parti/s 1, 0, 2;
    %concati/vec4 0, 0, 7;
    %assign/vec4 v0xa1d074960_0, 0;
    %load/vec4 v0xa1d075180_0;
    %parti/s 1, 0, 2;
    %concati/vec4 0, 0, 7;
    %cmpi/e 200, 0, 8;
    %jmp/0xz  T_8.66, 4;
    %pushi/vec4 1, 0, 1;
    %assign/vec4 v0xa1d075040_0, 0;
T_8.66 ;
    %jmp T_8.65;
T_8.58 ;
    %load/vec4 v0xa1d075180_0;
    %parti/s 2, 0, 2;
    %concati/vec4 0, 0, 6;
    %assign/vec4 v0xa1d074960_0, 0;
    %load/vec4 v0xa1d075180_0;
    %parti/s 2, 0, 2;
    %concati/vec4 0, 0, 6;
    %cmpi/e 200, 0, 8;
    %jmp/0xz  T_8.68, 4;
    %pushi/vec4 1, 0, 1;
    %assign/vec4 v0xa1d075040_0, 0;
T_8.68 ;
    %jmp T_8.65;
T_8.59 ;
    %load/vec4 v0xa1d075180_0;
    %parti/s 3, 0, 2;
    %concati/vec4 0, 0, 5;
    %assign/vec4 v0xa1d074960_0, 0;
    %load/vec4 v0xa1d075180_0;
    %parti/s 3, 0, 2;
    %concati/vec4 0, 0, 5;
    %cmpi/e 200, 0, 8;
    %jmp/0xz  T_8.70, 4;
    %pushi/vec4 1, 0, 1;
    %assign/vec4 v0xa1d075040_0, 0;
T_8.70 ;
    %jmp T_8.65;
T_8.60 ;
    %load/vec4 v0xa1d075180_0;
    %parti/s 4, 0, 2;
    %concati/vec4 0, 0, 4;
    %assign/vec4 v0xa1d074960_0, 0;
    %load/vec4 v0xa1d075180_0;
    %parti/s 4, 0, 2;
    %concati/vec4 0, 0, 4;
    %cmpi/e 200, 0, 8;
    %jmp/0xz  T_8.72, 4;
    %pushi/vec4 1, 0, 1;
    %assign/vec4 v0xa1d075040_0, 0;
T_8.72 ;
    %jmp T_8.65;
T_8.61 ;
    %load/vec4 v0xa1d075180_0;
    %parti/s 5, 0, 2;
    %concati/vec4 0, 0, 3;
    %assign/vec4 v0xa1d074960_0, 0;
    %load/vec4 v0xa1d075180_0;
    %parti/s 5, 0, 2;
    %concati/vec4 0, 0, 3;
    %cmpi/e 200, 0, 8;
    %jmp/0xz  T_8.74, 4;
    %pushi/vec4 1, 0, 1;
    %assign/vec4 v0xa1d075040_0, 0;
T_8.74 ;
    %jmp T_8.65;
T_8.62 ;
    %load/vec4 v0xa1d075180_0;
    %parti/s 6, 0, 2;
    %concati/vec4 0, 0, 2;
    %assign/vec4 v0xa1d074960_0, 0;
    %load/vec4 v0xa1d075180_0;
    %parti/s 6, 0, 2;
    %concati/vec4 0, 0, 2;
    %cmpi/e 200, 0, 8;
    %jmp/0xz  T_8.76, 4;
    %pushi/vec4 1, 0, 1;
    %assign/vec4 v0xa1d075040_0, 0;
T_8.76 ;
    %jmp T_8.65;
T_8.63 ;
    %load/vec4 v0xa1d075180_0;
    %parti/s 7, 0, 2;
    %concati/vec4 0, 0, 1;
    %assign/vec4 v0xa1d074960_0, 0;
    %load/vec4 v0xa1d075180_0;
    %parti/s 7, 0, 2;
    %concati/vec4 0, 0, 1;
    %cmpi/e 200, 0, 8;
    %jmp/0xz  T_8.78, 4;
    %pushi/vec4 1, 0, 1;
    %assign/vec4 v0xa1d075040_0, 0;
T_8.78 ;
    %jmp T_8.65;
T_8.65 ;
    %pop/vec4 1;
    %pushi/vec4 1, 0, 1;
    %assign/vec4 v0xa1d074a00_0, 0;
    %pushi/vec4 0, 0, 4;
    %assign/vec4 v0xa1d074780_0, 0;
    %pushi/vec4 0, 0, 6;
    %assign/vec4 v0xa1d074fa0_0, 0;
T_8.51 ;
T_8.5 ;
T_8.3 ;
T_8.1 ;
    %jmp T_8;
    .thread T_8;
    .scope S_0x10524a220;
T_9 ;
    %pushi/vec4 0, 0, 1;
    %store/vec4 v0xa1d075720_0, 0, 1;
    %end;
    .thread T_9;
    .scope S_0x10524a220;
T_10 ;
    %delay 70000, 0;
    %load/vec4 v0xa1d075720_0;
    %inv;
    %store/vec4 v0xa1d075720_0, 0, 1;
    %jmp T_10;
    .thread T_10;
    .scope S_0x10524a220;
T_11 ;
    %wait E_0xa1d001240;
    %load/vec4 v0xa1d075860_0;
    %flag_set/vec4 8;
    %jmp/0xz  T_11.0, 8;
    %load/vec4 v0xa1d0757c0_0;
    %ix/getv/s 4, v0xa1d0755e0_0;
    %store/vec4a v0xa1d075680, 4, 0;
    %load/vec4 v0xa1d0755e0_0;
    %addi 1, 0, 32;
    %store/vec4 v0xa1d0755e0_0, 0, 32;
T_11.0 ;
    %load/vec4 v0xa1d075ae0_0;
    %flag_set/vec4 8;
    %jmp/0xz  T_11.2, 8;
    %load/vec4 v0xa1d075c20_0;
    %addi 1, 0, 32;
    %store/vec4 v0xa1d075c20_0, 0, 32;
T_11.2 ;
    %jmp T_11;
    .thread T_11;
    .scope S_0x10524a220;
T_12 ;
    %vpi_call 2 174 "$dumpfile", "fm_decoder_tb.vcd" {0 0 0};
    %vpi_call 2 175 "$dumpvars", 32'sb00000000000000000000000000000000, S_0x10524a220 {0 0 0};
    %pushi/vec4 0, 0, 32;
    %store/vec4 v0xa1d075b80_0, 0, 32;
    %pushi/vec4 0, 0, 32;
    %store/vec4 v0xa1d0759a0_0, 0, 32;
    %pushi/vec4 0, 0, 1;
    %store/vec4 v0xa1d075cc0_0, 0, 1;
    %pushi/vec4 0, 0, 1;
    %store/vec4 v0xa1d075900_0, 0, 1;
    %pushi/vec4 1, 0, 1;
    %store/vec4 v0xa1d075ea0_0, 0, 1;
    %pushi/vec4 0, 0, 32;
    %store/vec4 v0xa1d0755e0_0, 0, 32;
    %pushi/vec4 0, 0, 32;
    %store/vec4 v0xa1d075c20_0, 0, 32;
    %pushi/vec4 10, 0, 32;
T_12.0 %dup/vec4;
    %cmpi/s 0, 0, 32;
    %jmp/1xz T_12.1, 5;
    %jmp/1 T_12.1, 4;
    %subi 1, 0, 32;
    %wait E_0xa1d001240;
    %jmp T_12.0;
T_12.1 ;
    %pop/vec4 1;
    %pushi/vec4 1, 0, 1;
    %store/vec4 v0xa1d075cc0_0, 0, 1;
    %pushi/vec4 5, 0, 32;
T_12.2 %dup/vec4;
    %cmpi/s 0, 0, 32;
    %jmp/1xz T_12.3, 5;
    %jmp/1 T_12.3, 4;
    %subi 1, 0, 32;
    %wait E_0xa1d001240;
    %jmp T_12.2;
T_12.3 ;
    %pop/vec4 1;
    %vpi_call 2 198 "$display", "\000" {0 0 0};
    %vpi_call 2 199 "$display", "--- Test 1: Sync detection ---" {0 0 0};
    %pushi/vec4 1, 0, 1;
    %store/vec4 v0xa1d075900_0, 0, 1;
    %pushi/vec4 1, 0, 1;
    %store/vec4 v0xa1d075ea0_0, 0, 1;
    %pushi/vec4 0, 0, 32;
    %store/vec4 v0xa1d0755e0_0, 0, 32;
    %pushi/vec4 20, 0, 32;
    %store/vec4 v0xa1d0740a0_0, 0, 32;
    %fork TD_fm_decoder_tb.fm_idle, S_0x10523a990;
    %join;
    %pushi/vec4 5, 0, 32;
    %store/vec4 v0xa1d074320_0, 0, 32;
    %fork TD_fm_decoder_tb.fm_send_sync, S_0x105245db0;
    %join;
    %pushi/vec4 195, 0, 8;
    %store/vec4 v0xa1d0741e0_0, 0, 8;
    %fork TD_fm_decoder_tb.fm_send_byte, S_0x105245c30;
    %join;
    %fork TD_fm_decoder_tb.fm_wait_flush, S_0x10524e460;
    %join;
    %load/vec4 v0xa1d075d60_0;
    %flag_set/vec4 8;
    %jmp/0xz  T_12.4, 8;
    %vpi_call 2 214 "$display", "PASS: Test 1 - sync_detected asserted after 5x$FF + $C3" {0 0 0};
    %load/vec4 v0xa1d075b80_0;
    %addi 1, 0, 32;
    %store/vec4 v0xa1d075b80_0, 0, 32;
    %jmp T_12.5;
T_12.4 ;
    %vpi_call 2 217 "$display", "FAIL: Test 1 - sync_detected not asserted" {0 0 0};
    %load/vec4 v0xa1d0759a0_0;
    %addi 1, 0, 32;
    %store/vec4 v0xa1d0759a0_0, 0, 32;
T_12.5 ;
    %load/vec4 v0xa1d0755e0_0;
    %cmpi/e 0, 0, 32;
    %jmp/0xz  T_12.6, 4;
    %vpi_call 2 222 "$display", "PASS: Test 1b - No data bytes emitted during sync phase" {0 0 0};
    %load/vec4 v0xa1d075b80_0;
    %addi 1, 0, 32;
    %store/vec4 v0xa1d075b80_0, 0, 32;
    %jmp T_12.7;
T_12.6 ;
    %vpi_call 2 225 "$display", "FAIL: Test 1b - %0d bytes emitted during sync (expected 0)", v0xa1d0755e0_0 {0 0 0};
    %load/vec4 v0xa1d0759a0_0;
    %addi 1, 0, 32;
    %store/vec4 v0xa1d0759a0_0, 0, 32;
T_12.7 ;
    %vpi_call 2 234 "$display", "\000" {0 0 0};
    %vpi_call 2 235 "$display", "--- Test 2: Single byte decode ($A5) ---" {0 0 0};
    %fork TD_fm_decoder_tb.reset_decoder, S_0x10524ca60;
    %join;
    %pushi/vec4 5, 0, 32;
    %store/vec4 v0xa1d074320_0, 0, 32;
    %fork TD_fm_decoder_tb.fm_send_sync, S_0x105245db0;
    %join;
    %pushi/vec4 195, 0, 8;
    %store/vec4 v0xa1d0741e0_0, 0, 8;
    %fork TD_fm_decoder_tb.fm_send_byte, S_0x105245c30;
    %join;
    %pushi/vec4 165, 0, 8;
    %store/vec4 v0xa1d0741e0_0, 0, 8;
    %fork TD_fm_decoder_tb.fm_send_byte, S_0x105245c30;
    %join;
    %pushi/vec4 200, 0, 8;
    %store/vec4 v0xa1d0741e0_0, 0, 8;
    %fork TD_fm_decoder_tb.fm_send_byte, S_0x105245c30;
    %join;
    %fork TD_fm_decoder_tb.fm_wait_flush, S_0x10524e460;
    %join;
    %pushi/vec4 0, 0, 1;
    %store/vec4 v0xa1d075e00_0, 0, 1;
    %load/vec4 v0xa1d0755e0_0;
    %cmpi/s 1, 0, 32;
    %jmp/0xz  T_12.8, 5;
    %vpi_call 2 247 "$display", "FAIL: Test 2 - No bytes decoded" {0 0 0};
    %pushi/vec4 1, 0, 1;
    %store/vec4 v0xa1d075e00_0, 0, 1;
    %jmp T_12.9;
T_12.8 ;
    %ix/load 4, 0, 0;
    %flag_set/imm 4, 0;
    %load/vec4a v0xa1d075680, 4;
    %cmpi/ne 165, 0, 8;
    %jmp/0xz  T_12.10, 4;
    %vpi_call 2 250 "$display", "FAIL: Test 2 - Expected $A5, got $%02h", &A<v0xa1d075680, 0> {0 0 0};
    %pushi/vec4 1, 0, 1;
    %store/vec4 v0xa1d075e00_0, 0, 1;
T_12.10 ;
T_12.9 ;
    %load/vec4 v0xa1d075e00_0;
    %nor/r;
    %flag_set/vec4 8;
    %jmp/0xz  T_12.12, 8;
    %vpi_call 2 255 "$display", "PASS: Test 2 - Single byte $A5 decoded correctly" {0 0 0};
    %load/vec4 v0xa1d075b80_0;
    %addi 1, 0, 32;
    %store/vec4 v0xa1d075b80_0, 0, 32;
    %jmp T_12.13;
T_12.12 ;
    %load/vec4 v0xa1d0759a0_0;
    %addi 1, 0, 32;
    %store/vec4 v0xa1d0759a0_0, 0, 32;
T_12.13 ;
    %vpi_call 2 264 "$display", "\000" {0 0 0};
    %vpi_call 2 265 "$display", "--- Test 3: Multi-byte decode ($D5, $3C, $81, $FE) ---" {0 0 0};
    %fork TD_fm_decoder_tb.reset_decoder, S_0x10524ca60;
    %join;
    %pushi/vec4 5, 0, 32;
    %store/vec4 v0xa1d074320_0, 0, 32;
    %fork TD_fm_decoder_tb.fm_send_sync, S_0x105245db0;
    %join;
    %pushi/vec4 195, 0, 8;
    %store/vec4 v0xa1d0741e0_0, 0, 8;
    %fork TD_fm_decoder_tb.fm_send_byte, S_0x105245c30;
    %join;
    %pushi/vec4 213, 0, 8;
    %store/vec4 v0xa1d0741e0_0, 0, 8;
    %fork TD_fm_decoder_tb.fm_send_byte, S_0x105245c30;
    %join;
    %pushi/vec4 60, 0, 8;
    %store/vec4 v0xa1d0741e0_0, 0, 8;
    %fork TD_fm_decoder_tb.fm_send_byte, S_0x105245c30;
    %join;
    %pushi/vec4 129, 0, 8;
    %store/vec4 v0xa1d0741e0_0, 0, 8;
    %fork TD_fm_decoder_tb.fm_send_byte, S_0x105245c30;
    %join;
    %pushi/vec4 254, 0, 8;
    %store/vec4 v0xa1d0741e0_0, 0, 8;
    %fork TD_fm_decoder_tb.fm_send_byte, S_0x105245c30;
    %join;
    %fork TD_fm_decoder_tb.fm_wait_flush, S_0x10524e460;
    %join;
    %pushi/vec4 0, 0, 1;
    %store/vec4 v0xa1d075e00_0, 0, 1;
    %load/vec4 v0xa1d0755e0_0;
    %cmpi/ne 4, 0, 32;
    %jmp/0xz  T_12.14, 4;
    %vpi_call 2 279 "$display", "FAIL: Test 3 - Expected 4 bytes, got %0d", v0xa1d0755e0_0 {0 0 0};
    %pushi/vec4 0, 0, 32;
    %store/vec4 v0xa1d075a40_0, 0, 32;
T_12.16 ; Top of for-loop
    %load/vec4 v0xa1d075a40_0;
    %load/vec4 v0xa1d0755e0_0;
    %cmp/s;
	  %jmp/0xz T_12.17, 5;
    %vpi_call 2 281 "$display", "  byte %0d = $%02h", v0xa1d075a40_0, &A<v0xa1d075680, v0xa1d075a40_0 > {0 0 0};
T_12.18 ; for-loop step statement
    %load/vec4 v0xa1d075a40_0;
    %addi 1, 0, 32;
    %store/vec4 v0xa1d075a40_0, 0, 32;
    %jmp T_12.16;
T_12.17 ; for-loop exit label
    %pushi/vec4 1, 0, 1;
    %store/vec4 v0xa1d075e00_0, 0, 1;
    %jmp T_12.15;
T_12.14 ;
    %ix/load 4, 0, 0;
    %flag_set/imm 4, 0;
    %load/vec4a v0xa1d075680, 4;
    %cmpi/ne 213, 0, 8;
    %jmp/0xz  T_12.19, 4;
    %vpi_call 2 285 "$display", "FAIL: Test 3 - Byte 0: expected $D5, got $%02h", &A<v0xa1d075680, 0> {0 0 0};
    %pushi/vec4 1, 0, 1;
    %store/vec4 v0xa1d075e00_0, 0, 1;
T_12.19 ;
    %ix/load 4, 1, 0;
    %flag_set/imm 4, 0;
    %load/vec4a v0xa1d075680, 4;
    %cmpi/ne 60, 0, 8;
    %jmp/0xz  T_12.21, 4;
    %vpi_call 2 289 "$display", "FAIL: Test 3 - Byte 1: expected $3C, got $%02h", &A<v0xa1d075680, 1> {0 0 0};
    %pushi/vec4 1, 0, 1;
    %store/vec4 v0xa1d075e00_0, 0, 1;
T_12.21 ;
    %ix/load 4, 2, 0;
    %flag_set/imm 4, 0;
    %load/vec4a v0xa1d075680, 4;
    %cmpi/ne 129, 0, 8;
    %jmp/0xz  T_12.23, 4;
    %vpi_call 2 293 "$display", "FAIL: Test 3 - Byte 2: expected $81, got $%02h", &A<v0xa1d075680, 2> {0 0 0};
    %pushi/vec4 1, 0, 1;
    %store/vec4 v0xa1d075e00_0, 0, 1;
T_12.23 ;
    %ix/load 4, 3, 0;
    %flag_set/imm 4, 0;
    %load/vec4a v0xa1d075680, 4;
    %cmpi/ne 254, 0, 8;
    %jmp/0xz  T_12.25, 4;
    %vpi_call 2 297 "$display", "FAIL: Test 3 - Byte 3: expected $FE, got $%02h", &A<v0xa1d075680, 3> {0 0 0};
    %pushi/vec4 1, 0, 1;
    %store/vec4 v0xa1d075e00_0, 0, 1;
T_12.25 ;
T_12.15 ;
    %load/vec4 v0xa1d075e00_0;
    %nor/r;
    %flag_set/vec4 8;
    %jmp/0xz  T_12.27, 8;
    %vpi_call 2 303 "$display", "PASS: Test 3 - All 4 bytes decoded correctly" {0 0 0};
    %load/vec4 v0xa1d075b80_0;
    %addi 1, 0, 32;
    %store/vec4 v0xa1d075b80_0, 0, 32;
    %jmp T_12.28;
T_12.27 ;
    %load/vec4 v0xa1d0759a0_0;
    %addi 1, 0, 32;
    %store/vec4 v0xa1d0759a0_0, 0, 32;
T_12.28 ;
    %vpi_call 2 312 "$display", "\000" {0 0 0};
    %vpi_call 2 313 "$display", "--- Test 4: Packet end ($C8) ---" {0 0 0};
    %fork TD_fm_decoder_tb.reset_decoder, S_0x10524ca60;
    %join;
    %pushi/vec4 5, 0, 32;
    %store/vec4 v0xa1d074320_0, 0, 32;
    %fork TD_fm_decoder_tb.fm_send_sync, S_0x105245db0;
    %join;
    %pushi/vec4 195, 0, 8;
    %store/vec4 v0xa1d0741e0_0, 0, 8;
    %fork TD_fm_decoder_tb.fm_send_byte, S_0x105245c30;
    %join;
    %pushi/vec4 255, 0, 8;
    %store/vec4 v0xa1d0741e0_0, 0, 8;
    %fork TD_fm_decoder_tb.fm_send_byte, S_0x105245c30;
    %join;
    %pushi/vec4 200, 0, 8;
    %store/vec4 v0xa1d0741e0_0, 0, 8;
    %fork TD_fm_decoder_tb.fm_send_byte, S_0x105245c30;
    %join;
    %fork TD_fm_decoder_tb.fm_wait_flush, S_0x10524e460;
    %join;
    %pushi/vec4 0, 0, 1;
    %store/vec4 v0xa1d075e00_0, 0, 1;
    %load/vec4 v0xa1d0755e0_0;
    %cmpi/s 2, 0, 32;
    %jmp/0xz  T_12.29, 5;
    %vpi_call 2 325 "$display", "FAIL: Test 4 - Expected 2 bytes, got %0d", v0xa1d0755e0_0 {0 0 0};
    %pushi/vec4 1, 0, 1;
    %store/vec4 v0xa1d075e00_0, 0, 1;
    %jmp T_12.30;
T_12.29 ;
    %ix/load 4, 1, 0;
    %flag_set/imm 4, 0;
    %load/vec4a v0xa1d075680, 4;
    %cmpi/ne 200, 0, 8;
    %jmp/0xz  T_12.31, 4;
    %vpi_call 2 329 "$display", "FAIL: Test 4 - Expected $C8 as byte 1, got $%02h", &A<v0xa1d075680, 1> {0 0 0};
    %pushi/vec4 1, 0, 1;
    %store/vec4 v0xa1d075e00_0, 0, 1;
T_12.31 ;
T_12.30 ;
    %load/vec4 v0xa1d075c20_0;
    %cmpi/e 0, 0, 32;
    %jmp/0xz  T_12.33, 4;
    %vpi_call 2 334 "$display", "FAIL: Test 4 - packet_end never asserted" {0 0 0};
    %pushi/vec4 1, 0, 1;
    %store/vec4 v0xa1d075e00_0, 0, 1;
T_12.33 ;
    %load/vec4 v0xa1d075e00_0;
    %nor/r;
    %flag_set/vec4 8;
    %jmp/0xz  T_12.35, 8;
    %vpi_call 2 339 "$display", "PASS: Test 4 - $C8 decoded correctly, packet_end asserted" {0 0 0};
    %load/vec4 v0xa1d075b80_0;
    %addi 1, 0, 32;
    %store/vec4 v0xa1d075b80_0, 0, 32;
    %jmp T_12.36;
T_12.35 ;
    %load/vec4 v0xa1d0759a0_0;
    %addi 1, 0, 32;
    %store/vec4 v0xa1d0759a0_0, 0, 32;
T_12.36 ;
    %vpi_call 2 349 "$display", "\000" {0 0 0};
    %vpi_call 2 350 "$display", "--- Test 5: Enable gating ---" {0 0 0};
    %fork TD_fm_decoder_tb.reset_decoder, S_0x10524ca60;
    %join;
    %pushi/vec4 5, 0, 32;
    %store/vec4 v0xa1d074320_0, 0, 32;
    %fork TD_fm_decoder_tb.fm_send_sync, S_0x105245db0;
    %join;
    %pushi/vec4 195, 0, 8;
    %store/vec4 v0xa1d0741e0_0, 0, 8;
    %fork TD_fm_decoder_tb.fm_send_byte, S_0x105245c30;
    %join;
    %pushi/vec4 255, 0, 8;
    %store/vec4 v0xa1d0741e0_0, 0, 8;
    %fork TD_fm_decoder_tb.fm_send_byte, S_0x105245c30;
    %join;
    %fork TD_fm_decoder_tb.fm_wait_flush, S_0x10524e460;
    %join;
    %load/vec4 v0xa1d075d60_0;
    %nor/r;
    %flag_set/vec4 8;
    %jmp/0xz  T_12.37, 8;
    %vpi_call 2 362 "$display", "FAIL: Test 5 - not synced before disable" {0 0 0};
    %load/vec4 v0xa1d0759a0_0;
    %addi 1, 0, 32;
    %store/vec4 v0xa1d0759a0_0, 0, 32;
T_12.37 ;
    %pushi/vec4 0, 0, 1;
    %store/vec4 v0xa1d075900_0, 0, 1;
    %pushi/vec4 20, 0, 32;
T_12.39 %dup/vec4;
    %cmpi/s 0, 0, 32;
    %jmp/1xz T_12.40, 5;
    %jmp/1 T_12.40, 4;
    %subi 1, 0, 32;
    %wait E_0xa1d001240;
    %jmp T_12.39;
T_12.40 ;
    %pop/vec4 1;
    %load/vec4 v0xa1d075d60_0;
    %nor/r;
    %flag_set/vec4 8;
    %jmp/0xz  T_12.41, 8;
    %vpi_call 2 371 "$display", "PASS: Test 5a - sync_detected cleared when enable deasserted" {0 0 0};
    %load/vec4 v0xa1d075b80_0;
    %addi 1, 0, 32;
    %store/vec4 v0xa1d075b80_0, 0, 32;
    %jmp T_12.42;
T_12.41 ;
    %vpi_call 2 374 "$display", "FAIL: Test 5a - sync_detected still HIGH after disable" {0 0 0};
    %load/vec4 v0xa1d0759a0_0;
    %addi 1, 0, 32;
    %store/vec4 v0xa1d0759a0_0, 0, 32;
T_12.42 ;
    %pushi/vec4 1, 0, 1;
    %store/vec4 v0xa1d075900_0, 0, 1;
    %pushi/vec4 1, 0, 1;
    %store/vec4 v0xa1d075ea0_0, 0, 1;
    %pushi/vec4 0, 0, 32;
    %store/vec4 v0xa1d0755e0_0, 0, 32;
    %pushi/vec4 0, 0, 32;
    %store/vec4 v0xa1d075c20_0, 0, 32;
    %pushi/vec4 5, 0, 32;
T_12.43 %dup/vec4;
    %cmpi/s 0, 0, 32;
    %jmp/1xz T_12.44, 5;
    %jmp/1 T_12.44, 4;
    %subi 1, 0, 32;
    %wait E_0xa1d001240;
    %jmp T_12.43;
T_12.44 ;
    %pop/vec4 1;
    %pushi/vec4 5, 0, 32;
    %store/vec4 v0xa1d074320_0, 0, 32;
    %fork TD_fm_decoder_tb.fm_send_sync, S_0x105245db0;
    %join;
    %pushi/vec4 195, 0, 8;
    %store/vec4 v0xa1d0741e0_0, 0, 8;
    %fork TD_fm_decoder_tb.fm_send_byte, S_0x105245c30;
    %join;
    %pushi/vec4 66, 0, 8;
    %store/vec4 v0xa1d0741e0_0, 0, 8;
    %fork TD_fm_decoder_tb.fm_send_byte, S_0x105245c30;
    %join;
    %fork TD_fm_decoder_tb.fm_wait_flush, S_0x10524e460;
    %join;
    %pushi/vec4 0, 0, 1;
    %store/vec4 v0xa1d075e00_0, 0, 1;
    %load/vec4 v0xa1d075d60_0;
    %nor/r;
    %flag_set/vec4 8;
    %jmp/0xz  T_12.45, 8;
    %vpi_call 2 393 "$display", "FAIL: Test 5b - sync not detected after re-enable" {0 0 0};
    %pushi/vec4 1, 0, 1;
    %store/vec4 v0xa1d075e00_0, 0, 1;
T_12.45 ;
    %load/vec4 v0xa1d0755e0_0;
    %cmpi/ne 1, 0, 32;
    %jmp/0xz  T_12.47, 4;
    %vpi_call 2 397 "$display", "FAIL: Test 5b - Expected 1 byte, got %0d", v0xa1d0755e0_0 {0 0 0};
    %pushi/vec4 1, 0, 1;
    %store/vec4 v0xa1d075e00_0, 0, 1;
    %jmp T_12.48;
T_12.47 ;
    %ix/load 4, 0, 0;
    %flag_set/imm 4, 0;
    %load/vec4a v0xa1d075680, 4;
    %cmpi/ne 66, 0, 8;
    %jmp/0xz  T_12.49, 4;
    %vpi_call 2 400 "$display", "FAIL: Test 5b - Expected $42, got $%02h", &A<v0xa1d075680, 0> {0 0 0};
    %pushi/vec4 1, 0, 1;
    %store/vec4 v0xa1d075e00_0, 0, 1;
T_12.49 ;
T_12.48 ;
    %load/vec4 v0xa1d075e00_0;
    %nor/r;
    %flag_set/vec4 8;
    %jmp/0xz  T_12.51, 8;
    %vpi_call 2 405 "$display", "PASS: Test 5b - Re-sync and decode works after re-enable" {0 0 0};
    %load/vec4 v0xa1d075b80_0;
    %addi 1, 0, 32;
    %store/vec4 v0xa1d075b80_0, 0, 32;
    %jmp T_12.52;
T_12.51 ;
    %load/vec4 v0xa1d0759a0_0;
    %addi 1, 0, 32;
    %store/vec4 v0xa1d0759a0_0, 0, 32;
T_12.52 ;
    %vpi_call 2 415 "$display", "\000" {0 0 0};
    %vpi_call 2 416 "$display", "--- Test 6: 8-cell gap decode ($80) ---" {0 0 0};
    %fork TD_fm_decoder_tb.reset_decoder, S_0x10524ca60;
    %join;
    %pushi/vec4 5, 0, 32;
    %store/vec4 v0xa1d074320_0, 0, 32;
    %fork TD_fm_decoder_tb.fm_send_sync, S_0x105245db0;
    %join;
    %pushi/vec4 195, 0, 8;
    %store/vec4 v0xa1d0741e0_0, 0, 8;
    %fork TD_fm_decoder_tb.fm_send_byte, S_0x105245c30;
    %join;
    %pushi/vec4 128, 0, 8;
    %store/vec4 v0xa1d0741e0_0, 0, 8;
    %fork TD_fm_decoder_tb.fm_send_byte, S_0x105245c30;
    %join;
    %fork TD_fm_decoder_tb.fm_wait_flush, S_0x10524e460;
    %join;
    %pushi/vec4 0, 0, 1;
    %store/vec4 v0xa1d075e00_0, 0, 1;
    %load/vec4 v0xa1d0755e0_0;
    %cmpi/s 1, 0, 32;
    %jmp/0xz  T_12.53, 5;
    %vpi_call 2 427 "$display", "FAIL: Test 6 - No bytes decoded for $80" {0 0 0};
    %pushi/vec4 1, 0, 1;
    %store/vec4 v0xa1d075e00_0, 0, 1;
    %jmp T_12.54;
T_12.53 ;
    %ix/load 4, 0, 0;
    %flag_set/imm 4, 0;
    %load/vec4a v0xa1d075680, 4;
    %cmpi/ne 128, 0, 8;
    %jmp/0xz  T_12.55, 4;
    %vpi_call 2 430 "$display", "FAIL: Test 6 - Expected $80, got $%02h", &A<v0xa1d075680, 0> {0 0 0};
    %pushi/vec4 1, 0, 1;
    %store/vec4 v0xa1d075e00_0, 0, 1;
T_12.55 ;
T_12.54 ;
    %load/vec4 v0xa1d075e00_0;
    %nor/r;
    %flag_set/vec4 8;
    %jmp/0xz  T_12.57, 8;
    %vpi_call 2 435 "$display", "PASS: Test 6 - 8-cell gap byte $80 decoded correctly" {0 0 0};
    %load/vec4 v0xa1d075b80_0;
    %addi 1, 0, 32;
    %store/vec4 v0xa1d075b80_0, 0, 32;
    %jmp T_12.58;
T_12.57 ;
    %load/vec4 v0xa1d0759a0_0;
    %addi 1, 0, 32;
    %store/vec4 v0xa1d0759a0_0, 0, 32;
T_12.58 ;
    %vpi_call 2 444 "$display", "\000" {0 0 0};
    %vpi_call 2 445 "$display", "========================================" {0 0 0};
    %vpi_call 2 446 "$display", "  RESULTS: %0d PASSED, %0d FAILED", v0xa1d075b80_0, v0xa1d0759a0_0 {0 0 0};
    %vpi_call 2 447 "$display", "========================================" {0 0 0};
    %load/vec4 v0xa1d0759a0_0;
    %cmpi/e 0, 0, 32;
    %jmp/0xz  T_12.59, 4;
    %vpi_call 2 450 "$display", "  ALL TESTS PASSED" {0 0 0};
    %jmp T_12.60;
T_12.59 ;
    %vpi_call 2 452 "$display", "  SOME TESTS FAILED" {0 0 0};
T_12.60 ;
    %vpi_call 2 455 "$display", "========================================" {0 0 0};
    %vpi_call 2 456 "$display", "\000" {0 0 0};
    %delay 1000000, 0;
    %vpi_call 2 459 "$finish" {0 0 0};
    %end;
    .thread T_12;
    .scope S_0x10524a220;
T_13 ;
    %delay 2755359744, 11;
    %vpi_call 2 467 "$display", "FAIL: Global timeout \342\200\224 simulation took too long" {0 0 0};
    %vpi_call 2 468 "$finish" {0 0 0};
    %end;
    .thread T_13;
# The file index is used to find the file name in the following table.
:file_names 4;
    "N/A";
    "<interactive>";
    "fm_decoder_tb.v";
    "fm_decoder.v";
