#! /Users/hambook/oss-cad-suite/bin/vvp
:ivl_version "13.0 (devel)" "(s20251012-54-g6651df6f2)";
:ivl_delay_selection "TYPICAL";
:vpi_time_precision - 12;
:vpi_module "/Users/hambook/oss-cad-suite/lib/ivl/system.vpi";
:vpi_module "/Users/hambook/oss-cad-suite/lib/ivl/vhdl_sys.vpi";
:vpi_module "/Users/hambook/oss-cad-suite/lib/ivl/vhdl_textio.vpi";
:vpi_module "/Users/hambook/oss-cad-suite/lib/ivl/v2005_math.vpi";
:vpi_module "/Users/hambook/oss-cad-suite/lib/ivl/va_math.vpi";
S_0x104f92a20 .scope module, "sdram_arbiter_tb" "sdram_arbiter_tb" 2 7;
 .timescale -9 -12;
v0x7570b6800_0 .var "boot_addr", 25 0;
v0x7570b68a0_0 .var "boot_done", 0 0;
v0x7570b6940_0 .net "boot_ready", 0 0, L_0x75708c500;  1 drivers
v0x7570b69e0_0 .var "boot_req", 0 0;
v0x7570b6a80_0 .var "boot_wdata", 15 0;
v0x7570b6b20_0 .var "boot_write", 0 0;
v0x7570b6bc0_0 .net "buf_addr_a", 8 0, v0x7570b4a00_0;  1 drivers
v0x7570b6c60_0 .var "buf_addr_b", 8 0;
v0x7570b6d00_0 .net "buf_rdata_a", 7 0, v0x7570b6300_0;  1 drivers
v0x7570b6da0_0 .net "buf_rdata_b", 7 0, v0x7570b63a0_0;  1 drivers
v0x7570b6e40_0 .net "buf_wdata_a", 7 0, v0x7570b4b40_0;  1 drivers
v0x7570b6ee0_0 .var "buf_wdata_b", 7 0;
v0x7570b6f80_0 .net "buf_we_a", 0 0, v0x7570b4be0_0;  1 drivers
v0x7570b7020_0 .var "buf_we_b", 0 0;
v0x7570b70c0_0 .var "clk", 0 0;
v0x7570b7160_0 .var "dev_block_num", 15 0;
v0x7570b7200_0 .var "dev_block_read_req", 0 0;
v0x7570b72a0_0 .net "dev_block_ready", 0 0, v0x7570b4e60_0;  1 drivers
v0x7570b7340_0 .var "dev_block_write_req", 0 0;
v0x7570b73e0_0 .var/i "fail_count", 31 0;
v0x7570b7480_0 .var/i "i", 31 0;
v0x7570b7520_0 .var/i "pass_count", 31 0;
v0x7570b75c0_0 .var "rd_byte", 7 0;
v0x7570b7660 .array "rd_pipe_data", 2 0, 15 0;
v0x7570b7700 .array "rd_pipe_valid", 2 0, 0 0;
v0x7570b77a0_0 .var "rst_n", 0 0;
v0x7570b7840_0 .net "sdram_addr", 25 0, L_0x75708c3c0;  1 drivers
v0x7570b78e0 .array "sdram_mem", 511 0, 15 0;
v0x7570b7980_0 .var "sdram_rdata", 15 0;
v0x7570b7a20_0 .var "sdram_rdata_valid", 0 0;
v0x7570b7ac0_0 .var "sdram_ready", 0 0;
v0x7570b7b60_0 .net "sdram_req", 0 0, L_0x75708c280;  1 drivers
v0x7570b7c00_0 .net "sdram_wdata", 15 0, L_0x75708c460;  1 drivers
v0x7570b7ca0_0 .net "sdram_write", 0 0, L_0x75708c320;  1 drivers
v0x7570b7d40_0 .var/i "si", 31 0;
v0x7570b7de0_0 .var "test_ok", 0 0;
S_0x104f92ba0 .scope begin, "blk_wr_check" "blk_wr_check" 2 374, 2 374 0, S_0x104f92a20;
 .timescale -9 -12;
v0x104fa5c10_0 .var "exp_hi", 7 0;
v0x104fa4950_0 .var "exp_lo", 7 0;
S_0x104f9efa0 .scope begin, "block_read_wait" "block_read_wait" 2 312, 2 312 0, S_0x104f92a20;
 .timescale -9 -12;
S_0x104f9f120 .scope begin, "block_write_wait" "block_write_wait" 2 363, 2 363 0, S_0x104f92a20;
 .timescale -9 -12;
S_0x104fa0150 .scope task, "boot_write_word" "boot_write_word" 2 213, 2 213 0, S_0x104f92a20;
 .timescale -9 -12;
v0x104fa5710_0 .var "addr", 25 0;
v0x104fa5350_0 .var "data", 15 0;
E_0x7570368c0 .event posedge, v0x7570b4c80_0;
TD_sdram_arbiter_tb.boot_write_word ;
    %wait E_0x7570368c0;
    %load/vec4 v0x104fa5710_0;
    %assign/vec4 v0x7570b6800_0, 0;
    %load/vec4 v0x104fa5350_0;
    %assign/vec4 v0x7570b6a80_0, 0;
    %pushi/vec4 1, 0, 1;
    %assign/vec4 v0x7570b6b20_0, 0;
    %pushi/vec4 1, 0, 1;
    %assign/vec4 v0x7570b69e0_0, 0;
    %wait E_0x7570368c0;
T_0.0 ;
    %load/vec4 v0x7570b6940_0;
    %nor/r;
    %flag_set/vec4 8;
    %jmp/0xz T_0.1, 8;
    %wait E_0x7570368c0;
    %jmp T_0.0;
T_0.1 ;
    %pushi/vec4 0, 0, 1;
    %assign/vec4 v0x7570b69e0_0, 0;
    %wait E_0x7570368c0;
    %end;
S_0x104fa02d0 .scope begin, "cdc_wait" "cdc_wait" 2 413, 2 413 0, S_0x104f92a20;
 .timescale -9 -12;
S_0x104fa41b0 .scope task, "check" "check" 2 24, 2 24 0, S_0x104f92a20;
 .timescale -9 -12;
v0x104fa4f90_0 .var "condition", 0 0;
v0x104fa4bd0_0 .var "label", 319 0;
TD_sdram_arbiter_tb.check ;
    %load/vec4 v0x104fa4f90_0;
    %flag_set/vec4 8;
    %jmp/0xz  T_1.2, 8;
    %vpi_call 2 29 "$display", "  PASS: %0s", v0x104fa4bd0_0 {0 0 0};
    %load/vec4 v0x7570b7520_0;
    %addi 1, 0, 32;
    %store/vec4 v0x7570b7520_0, 0, 32;
    %jmp T_1.3;
T_1.2 ;
    %vpi_call 2 32 "$display", "  FAIL: %0s", v0x104fa4bd0_0 {0 0 0};
    %load/vec4 v0x7570b73e0_0;
    %addi 1, 0, 32;
    %store/vec4 v0x7570b73e0_0, 0, 32;
T_1.3 ;
    %end;
S_0x104fa4330 .scope task, "read_buf_b" "read_buf_b" 2 231, 2 231 0, S_0x104f92a20;
 .timescale -9 -12;
v0x104fa44b0_0 .var "addr", 8 0;
v0x7570b4000_0 .var "data", 7 0;
TD_sdram_arbiter_tb.read_buf_b ;
    %wait E_0x7570368c0;
    %load/vec4 v0x104fa44b0_0;
    %assign/vec4 v0x7570b6c60_0, 0;
    %pushi/vec4 0, 0, 1;
    %assign/vec4 v0x7570b7020_0, 0;
    %wait E_0x7570368c0;
    %wait E_0x7570368c0;
    %load/vec4 v0x7570b6da0_0;
    %store/vec4 v0x7570b4000_0, 0, 8;
    %end;
S_0x104fa8450 .scope task, "reset" "reset" 2 192, 2 192 0, S_0x104f92a20;
 .timescale -9 -12;
TD_sdram_arbiter_tb.reset ;
    %pushi/vec4 0, 0, 1;
    %assign/vec4 v0x7570b77a0_0, 0;
    %pushi/vec4 0, 0, 1;
    %assign/vec4 v0x7570b68a0_0, 0;
    %pushi/vec4 0, 0, 1;
    %assign/vec4 v0x7570b69e0_0, 0;
    %pushi/vec4 0, 0, 1;
    %assign/vec4 v0x7570b6b20_0, 0;
    %pushi/vec4 0, 0, 26;
    %assign/vec4 v0x7570b6800_0, 0;
    %pushi/vec4 0, 0, 16;
    %assign/vec4 v0x7570b6a80_0, 0;
    %pushi/vec4 0, 0, 1;
    %assign/vec4 v0x7570b7200_0, 0;
    %pushi/vec4 0, 0, 1;
    %assign/vec4 v0x7570b7340_0, 0;
    %pushi/vec4 0, 0, 16;
    %assign/vec4 v0x7570b7160_0, 0;
    %pushi/vec4 0, 0, 9;
    %assign/vec4 v0x7570b6c60_0, 0;
    %pushi/vec4 0, 0, 8;
    %assign/vec4 v0x7570b6ee0_0, 0;
    %pushi/vec4 0, 0, 1;
    %assign/vec4 v0x7570b7020_0, 0;
    %pushi/vec4 4, 0, 32;
T_3.4 %dup/vec4;
    %cmpi/s 0, 0, 32;
    %jmp/1xz T_3.5, 5;
    %jmp/1 T_3.5, 4;
    %subi 1, 0, 32;
    %wait E_0x7570368c0;
    %jmp T_3.4;
T_3.5 ;
    %pop/vec4 1;
    %pushi/vec4 1, 0, 1;
    %assign/vec4 v0x7570b77a0_0, 0;
    %pushi/vec4 2, 0, 32;
T_3.6 %dup/vec4;
    %cmpi/s 0, 0, 32;
    %jmp/1xz T_3.7, 5;
    %jmp/1 T_3.7, 4;
    %subi 1, 0, 32;
    %wait E_0x7570368c0;
    %jmp T_3.6;
T_3.7 ;
    %pop/vec4 1;
    %end;
S_0x104fa85d0 .scope module, "u_arb" "sdram_arbiter" 2 92, 3 5 0, S_0x104f92a20;
 .timescale -9 -12;
    .port_info 0 /INPUT 1 "clk";
    .port_info 1 /INPUT 1 "rst_n";
    .port_info 2 /INPUT 1 "boot_done";
    .port_info 3 /INPUT 1 "boot_req";
    .port_info 4 /INPUT 1 "boot_write";
    .port_info 5 /INPUT 26 "boot_addr";
    .port_info 6 /INPUT 16 "boot_wdata";
    .port_info 7 /OUTPUT 1 "boot_ready";
    .port_info 8 /INPUT 1 "dev_block_read_req";
    .port_info 9 /INPUT 1 "dev_block_write_req";
    .port_info 10 /INPUT 16 "dev_block_num";
    .port_info 11 /OUTPUT 1 "dev_block_ready";
    .port_info 12 /OUTPUT 9 "buf_addr_a";
    .port_info 13 /OUTPUT 8 "buf_wdata_a";
    .port_info 14 /OUTPUT 1 "buf_we_a";
    .port_info 15 /INPUT 8 "buf_rdata_a";
    .port_info 16 /OUTPUT 1 "sdram_req";
    .port_info 17 /OUTPUT 1 "sdram_write";
    .port_info 18 /OUTPUT 26 "sdram_addr";
    .port_info 19 /OUTPUT 16 "sdram_wdata";
    .port_info 20 /INPUT 1 "sdram_ready";
    .port_info 21 /INPUT 16 "sdram_rdata";
    .port_info 22 /INPUT 1 "sdram_rdata_valid";
P_0x104fa9550 .param/l "S_BLOCK_READ_DONE" 1 3 86, C4<0101>;
P_0x104fa9590 .param/l "S_BLOCK_READ_ISSUE" 1 3 83, C4<0010>;
P_0x104fa95d0 .param/l "S_BLOCK_READ_SETUP" 1 3 82, C4<0001>;
P_0x104fa9610 .param/l "S_BLOCK_READ_STORE" 1 3 85, C4<0100>;
P_0x104fa9650 .param/l "S_BLOCK_READ_WAIT" 1 3 84, C4<0011>;
P_0x104fa9690 .param/l "S_BLOCK_WRITE_DONE" 1 3 93, C4<1100>;
P_0x104fa96d0 .param/l "S_BLOCK_WRITE_ISSUE" 1 3 91, C4<1010>;
P_0x104fa9710 .param/l "S_BLOCK_WRITE_LOAD_HI" 1 3 89, C4<1000>;
P_0x104fa9750 .param/l "S_BLOCK_WRITE_LOAD_LO" 1 3 87, C4<0110>;
P_0x104fa9790 .param/l "S_BLOCK_WRITE_WAIT" 1 3 92, C4<1011>;
P_0x104fa97d0 .param/l "S_BLOCK_WRITE_WAIT_HI" 1 3 90, C4<1001>;
P_0x104fa9810 .param/l "S_BLOCK_WRITE_WAIT_LO" 1 3 88, C4<0111>;
P_0x104fa9850 .param/l "S_IDLE" 1 3 81, C4<0000>;
L_0x7570687e0 .functor NOT 1, v0x7570b4fa0_0, C4<0>, C4<0>, C4<0>;
L_0x757068380 .functor AND 1, v0x7570b50e0_0, L_0x7570687e0, C4<1>, C4<1>;
L_0x757068850 .functor NOT 1, v0x7570b52c0_0, C4<0>, C4<0>, C4<0>;
L_0x7570688c0 .functor AND 1, v0x7570b5400_0, L_0x757068850, C4<1>, C4<1>;
v0x7570b40a0_0 .net *"_ivl_13", 0 0, L_0x7570b7e80;  1 drivers
v0x7570b4140_0 .net *"_ivl_17", 0 0, L_0x7570b7f20;  1 drivers
v0x7570b41e0_0 .net *"_ivl_21", 0 0, L_0x7570bc000;  1 drivers
v0x7570b4280_0 .net *"_ivl_25", 0 0, L_0x7570bc0a0;  1 drivers
v0x7570b4320_0 .net *"_ivl_29", 0 0, L_0x7570bc140;  1 drivers
L_0x756878010 .functor BUFT 1, C4<0>, C4<0>, C4<0>, C4<0>;
v0x7570b43c0_0 .net/2u *"_ivl_30", 0 0, L_0x756878010;  1 drivers
v0x7570b4460_0 .net *"_ivl_4", 0 0, L_0x7570687e0;  1 drivers
v0x7570b4500_0 .net *"_ivl_8", 0 0, L_0x757068850;  1 drivers
v0x7570b45a0_0 .var "base_addr", 25 0;
v0x7570b4640_0 .net "boot_addr", 25 0, v0x7570b6800_0;  1 drivers
v0x7570b46e0_0 .net "boot_done", 0 0, v0x7570b68a0_0;  1 drivers
v0x7570b4780_0 .net "boot_ready", 0 0, L_0x75708c500;  alias, 1 drivers
v0x7570b4820_0 .net "boot_req", 0 0, v0x7570b69e0_0;  1 drivers
v0x7570b48c0_0 .net "boot_wdata", 15 0, v0x7570b6a80_0;  1 drivers
v0x7570b4960_0 .net "boot_write", 0 0, v0x7570b6b20_0;  1 drivers
v0x7570b4a00_0 .var "buf_addr_a", 8 0;
v0x7570b4aa0_0 .net "buf_rdata_a", 7 0, v0x7570b6300_0;  alias, 1 drivers
v0x7570b4b40_0 .var "buf_wdata_a", 7 0;
v0x7570b4be0_0 .var "buf_we_a", 0 0;
v0x7570b4c80_0 .net "clk", 0 0, v0x7570b70c0_0;  1 drivers
v0x7570b4d20_0 .net "dev_block_num", 15 0, v0x7570b7160_0;  1 drivers
v0x7570b4dc0_0 .net "dev_block_read_req", 0 0, v0x7570b7200_0;  1 drivers
v0x7570b4e60_0 .var "dev_block_ready", 0 0;
v0x7570b4f00_0 .net "dev_block_write_req", 0 0, v0x7570b7340_0;  1 drivers
v0x7570b4fa0_0 .var "dev_read_prev", 0 0;
v0x7570b5040_0 .var "dev_read_r1", 0 0;
v0x7570b50e0_0 .var "dev_read_r2", 0 0;
v0x7570b5180_0 .net "dev_read_rise", 0 0, L_0x757068380;  1 drivers
v0x7570b5220_0 .net "dev_read_sync", 0 0, v0x7570b50e0_0;  1 drivers
v0x7570b52c0_0 .var "dev_write_prev", 0 0;
v0x7570b5360_0 .var "dev_write_r1", 0 0;
v0x7570b5400_0 .var "dev_write_r2", 0 0;
v0x7570b54a0_0 .net "dev_write_rise", 0 0, L_0x7570688c0;  1 drivers
v0x7570b5540_0 .net "dev_write_sync", 0 0, v0x7570b5400_0;  1 drivers
v0x7570b55e0_0 .var "rd_data_latch", 15 0;
v0x7570b5680_0 .net "rst_n", 0 0, v0x7570b77a0_0;  1 drivers
v0x7570b5720_0 .var "rt_sdram_addr", 25 0;
v0x7570b57c0_0 .var "rt_sdram_req", 0 0;
v0x7570b5860_0 .var "rt_sdram_wdata", 15 0;
v0x7570b5900_0 .var "rt_sdram_write", 0 0;
v0x7570b59a0_0 .net "sdram_addr", 25 0, L_0x75708c3c0;  alias, 1 drivers
v0x7570b5a40_0 .net "sdram_rdata", 15 0, v0x7570b7980_0;  1 drivers
v0x7570b5ae0_0 .net "sdram_rdata_valid", 0 0, v0x7570b7a20_0;  1 drivers
v0x7570b5b80_0 .net "sdram_ready", 0 0, v0x7570b7ac0_0;  1 drivers
v0x7570b5c20_0 .net "sdram_req", 0 0, L_0x75708c280;  alias, 1 drivers
v0x7570b5cc0_0 .net "sdram_wdata", 15 0, L_0x75708c460;  alias, 1 drivers
v0x7570b5d60_0 .net "sdram_write", 0 0, L_0x75708c320;  alias, 1 drivers
v0x7570b5e00_0 .var "state", 3 0;
v0x7570b5ea0_0 .var "wr_lo_byte", 7 0;
v0x7570b5f40_0 .var "xfer_cnt", 8 0;
E_0x757036900/0 .event negedge, v0x7570b5680_0;
E_0x757036900/1 .event posedge, v0x7570b4c80_0;
E_0x757036900 .event/or E_0x757036900/0, E_0x757036900/1;
L_0x7570b7e80 .reduce/nor v0x7570b68a0_0;
L_0x75708c280 .functor MUXZ 1, v0x7570b57c0_0, v0x7570b69e0_0, L_0x7570b7e80, C4<>;
L_0x7570b7f20 .reduce/nor v0x7570b68a0_0;
L_0x75708c320 .functor MUXZ 1, v0x7570b5900_0, v0x7570b6b20_0, L_0x7570b7f20, C4<>;
L_0x7570bc000 .reduce/nor v0x7570b68a0_0;
L_0x75708c3c0 .functor MUXZ 26, v0x7570b5720_0, v0x7570b6800_0, L_0x7570bc000, C4<>;
L_0x7570bc0a0 .reduce/nor v0x7570b68a0_0;
L_0x75708c460 .functor MUXZ 16, v0x7570b5860_0, v0x7570b6a80_0, L_0x7570bc0a0, C4<>;
L_0x7570bc140 .reduce/nor v0x7570b68a0_0;
L_0x75708c500 .functor MUXZ 1, L_0x756878010, v0x7570b7ac0_0, L_0x7570bc140, C4<>;
S_0x7570b8000 .scope module, "u_buf" "block_buffer" 2 75, 4 6 0, S_0x104f92a20;
 .timescale -9 -12;
    .port_info 0 /INPUT 1 "clk_a";
    .port_info 1 /INPUT 9 "addr_a";
    .port_info 2 /INPUT 8 "wdata_a";
    .port_info 3 /INPUT 1 "we_a";
    .port_info 4 /OUTPUT 8 "rdata_a";
    .port_info 5 /INPUT 1 "clk_b";
    .port_info 6 /INPUT 9 "addr_b";
    .port_info 7 /INPUT 8 "wdata_b";
    .port_info 8 /INPUT 1 "we_b";
    .port_info 9 /OUTPUT 8 "rdata_b";
v0x7570b5fe0_0 .net "addr_a", 8 0, v0x7570b4a00_0;  alias, 1 drivers
v0x7570b6080_0 .net "addr_b", 8 0, v0x7570b6c60_0;  1 drivers
v0x7570b6120_0 .net "clk_a", 0 0, v0x7570b70c0_0;  alias, 1 drivers
v0x7570b61c0_0 .net "clk_b", 0 0, v0x7570b70c0_0;  alias, 1 drivers
v0x7570b6260 .array "mem", 511 0, 7 0;
v0x7570b6300_0 .var "rdata_a", 7 0;
v0x7570b63a0_0 .var "rdata_b", 7 0;
v0x7570b6440_0 .net "wdata_a", 7 0, v0x7570b4b40_0;  alias, 1 drivers
v0x7570b64e0_0 .net "wdata_b", 7 0, v0x7570b6ee0_0;  1 drivers
v0x7570b6580_0 .net "we_a", 0 0, v0x7570b4be0_0;  alias, 1 drivers
v0x7570b6620_0 .net "we_b", 0 0, v0x7570b7020_0;  1 drivers
S_0x7570b8180 .scope task, "write_buf_b" "write_buf_b" 2 245, 2 245 0, S_0x104f92a20;
 .timescale -9 -12;
v0x7570b66c0_0 .var "addr", 8 0;
v0x7570b6760_0 .var "data", 7 0;
TD_sdram_arbiter_tb.write_buf_b ;
    %wait E_0x7570368c0;
    %load/vec4 v0x7570b66c0_0;
    %assign/vec4 v0x7570b6c60_0, 0;
    %load/vec4 v0x7570b6760_0;
    %assign/vec4 v0x7570b6ee0_0, 0;
    %pushi/vec4 1, 0, 1;
    %assign/vec4 v0x7570b7020_0, 0;
    %wait E_0x7570368c0;
    %pushi/vec4 0, 0, 1;
    %assign/vec4 v0x7570b7020_0, 0;
    %end;
    .scope S_0x7570b8000;
T_5 ;
    %wait E_0x7570368c0;
    %load/vec4 v0x7570b6580_0;
    %flag_set/vec4 8;
    %jmp/0xz  T_5.0, 8;
    %load/vec4 v0x7570b6440_0;
    %load/vec4 v0x7570b5fe0_0;
    %pad/u 11;
    %ix/vec4 4;
    %store/vec4a v0x7570b6260, 4, 0;
T_5.0 ;
    %load/vec4 v0x7570b5fe0_0;
    %pad/u 11;
    %ix/vec4 4;
    %load/vec4a v0x7570b6260, 4;
    %assign/vec4 v0x7570b6300_0, 0;
    %jmp T_5;
    .thread T_5;
    .scope S_0x7570b8000;
T_6 ;
    %wait E_0x7570368c0;
    %load/vec4 v0x7570b6620_0;
    %flag_set/vec4 8;
    %jmp/0xz  T_6.0, 8;
    %load/vec4 v0x7570b64e0_0;
    %load/vec4 v0x7570b6080_0;
    %pad/u 11;
    %ix/vec4 4;
    %store/vec4a v0x7570b6260, 4, 0;
T_6.0 ;
    %delay 1000, 0;
    %load/vec4 v0x7570b6080_0;
    %pad/u 11;
    %ix/vec4 4;
    %load/vec4a v0x7570b6260, 4;
    %assign/vec4 v0x7570b63a0_0, 0;
    %jmp T_6;
    .thread T_6;
    .scope S_0x104fa85d0;
T_7 ;
    %pushi/vec4 0, 0, 1;
    %store/vec4 v0x7570b4e60_0, 0, 1;
    %pushi/vec4 0, 0, 9;
    %store/vec4 v0x7570b4a00_0, 0, 9;
    %pushi/vec4 0, 0, 8;
    %store/vec4 v0x7570b4b40_0, 0, 8;
    %pushi/vec4 0, 0, 1;
    %store/vec4 v0x7570b4be0_0, 0, 1;
    %pushi/vec4 0, 0, 1;
    %store/vec4 v0x7570b5040_0, 0, 1;
    %pushi/vec4 0, 0, 1;
    %store/vec4 v0x7570b50e0_0, 0, 1;
    %pushi/vec4 0, 0, 1;
    %store/vec4 v0x7570b5360_0, 0, 1;
    %pushi/vec4 0, 0, 1;
    %store/vec4 v0x7570b5400_0, 0, 1;
    %pushi/vec4 0, 0, 1;
    %store/vec4 v0x7570b4fa0_0, 0, 1;
    %pushi/vec4 0, 0, 1;
    %store/vec4 v0x7570b52c0_0, 0, 1;
    %pushi/vec4 0, 0, 4;
    %store/vec4 v0x7570b5e00_0, 0, 4;
    %pushi/vec4 0, 0, 9;
    %store/vec4 v0x7570b5f40_0, 0, 9;
    %pushi/vec4 0, 0, 26;
    %store/vec4 v0x7570b45a0_0, 0, 26;
    %pushi/vec4 0, 0, 8;
    %store/vec4 v0x7570b5ea0_0, 0, 8;
    %pushi/vec4 0, 0, 16;
    %store/vec4 v0x7570b55e0_0, 0, 16;
    %pushi/vec4 0, 0, 1;
    %store/vec4 v0x7570b57c0_0, 0, 1;
    %pushi/vec4 0, 0, 1;
    %store/vec4 v0x7570b5900_0, 0, 1;
    %pushi/vec4 0, 0, 26;
    %store/vec4 v0x7570b5720_0, 0, 26;
    %pushi/vec4 0, 0, 16;
    %store/vec4 v0x7570b5860_0, 0, 16;
    %end;
    .thread T_7;
    .scope S_0x104fa85d0;
T_8 ;
    %wait E_0x757036900;
    %load/vec4 v0x7570b5680_0;
    %nor/r;
    %flag_set/vec4 8;
    %jmp/0xz  T_8.0, 8;
    %pushi/vec4 0, 0, 1;
    %assign/vec4 v0x7570b5040_0, 0;
    %pushi/vec4 0, 0, 1;
    %assign/vec4 v0x7570b50e0_0, 0;
    %pushi/vec4 0, 0, 1;
    %assign/vec4 v0x7570b5360_0, 0;
    %pushi/vec4 0, 0, 1;
    %assign/vec4 v0x7570b5400_0, 0;
    %jmp T_8.1;
T_8.0 ;
    %load/vec4 v0x7570b4dc0_0;
    %assign/vec4 v0x7570b5040_0, 0;
    %load/vec4 v0x7570b5040_0;
    %assign/vec4 v0x7570b50e0_0, 0;
    %load/vec4 v0x7570b4f00_0;
    %assign/vec4 v0x7570b5360_0, 0;
    %load/vec4 v0x7570b5360_0;
    %assign/vec4 v0x7570b5400_0, 0;
T_8.1 ;
    %jmp T_8;
    .thread T_8;
    .scope S_0x104fa85d0;
T_9 ;
    %wait E_0x757036900;
    %load/vec4 v0x7570b5680_0;
    %nor/r;
    %flag_set/vec4 8;
    %jmp/0xz  T_9.0, 8;
    %pushi/vec4 0, 0, 1;
    %assign/vec4 v0x7570b4fa0_0, 0;
    %pushi/vec4 0, 0, 1;
    %assign/vec4 v0x7570b52c0_0, 0;
    %jmp T_9.1;
T_9.0 ;
    %load/vec4 v0x7570b5220_0;
    %assign/vec4 v0x7570b4fa0_0, 0;
    %load/vec4 v0x7570b5540_0;
    %assign/vec4 v0x7570b52c0_0, 0;
T_9.1 ;
    %jmp T_9;
    .thread T_9;
    .scope S_0x104fa85d0;
T_10 ;
    %wait E_0x757036900;
    %load/vec4 v0x7570b5680_0;
    %nor/r;
    %flag_set/vec4 8;
    %jmp/0xz  T_10.0, 8;
    %pushi/vec4 0, 0, 4;
    %assign/vec4 v0x7570b5e00_0, 0;
    %pushi/vec4 0, 0, 9;
    %assign/vec4 v0x7570b5f40_0, 0;
    %pushi/vec4 0, 0, 26;
    %assign/vec4 v0x7570b45a0_0, 0;
    %pushi/vec4 0, 0, 8;
    %assign/vec4 v0x7570b5ea0_0, 0;
    %pushi/vec4 0, 0, 16;
    %assign/vec4 v0x7570b55e0_0, 0;
    %pushi/vec4 0, 0, 1;
    %assign/vec4 v0x7570b4e60_0, 0;
    %pushi/vec4 0, 0, 1;
    %assign/vec4 v0x7570b57c0_0, 0;
    %pushi/vec4 0, 0, 1;
    %assign/vec4 v0x7570b5900_0, 0;
    %pushi/vec4 0, 0, 26;
    %assign/vec4 v0x7570b5720_0, 0;
    %pushi/vec4 0, 0, 16;
    %assign/vec4 v0x7570b5860_0, 0;
    %pushi/vec4 0, 0, 9;
    %assign/vec4 v0x7570b4a00_0, 0;
    %pushi/vec4 0, 0, 8;
    %assign/vec4 v0x7570b4b40_0, 0;
    %pushi/vec4 0, 0, 1;
    %assign/vec4 v0x7570b4be0_0, 0;
    %jmp T_10.1;
T_10.0 ;
    %load/vec4 v0x7570b46e0_0;
    %nor/r;
    %flag_set/vec4 8;
    %jmp/0xz  T_10.2, 8;
    %pushi/vec4 0, 0, 9;
    %assign/vec4 v0x7570b4a00_0, 0;
    %pushi/vec4 0, 0, 8;
    %assign/vec4 v0x7570b4b40_0, 0;
    %pushi/vec4 0, 0, 1;
    %assign/vec4 v0x7570b4be0_0, 0;
    %pushi/vec4 0, 0, 1;
    %assign/vec4 v0x7570b4e60_0, 0;
    %pushi/vec4 0, 0, 1;
    %assign/vec4 v0x7570b57c0_0, 0;
    %pushi/vec4 0, 0, 1;
    %assign/vec4 v0x7570b5900_0, 0;
    %pushi/vec4 0, 0, 4;
    %assign/vec4 v0x7570b5e00_0, 0;
    %jmp T_10.3;
T_10.2 ;
    %pushi/vec4 0, 0, 1;
    %assign/vec4 v0x7570b4be0_0, 0;
    %pushi/vec4 0, 0, 1;
    %assign/vec4 v0x7570b57c0_0, 0;
    %load/vec4 v0x7570b5e00_0;
    %dup/vec4;
    %pushi/vec4 0, 0, 4;
    %cmp/u;
    %jmp/1 T_10.4, 6;
    %dup/vec4;
    %pushi/vec4 1, 0, 4;
    %cmp/u;
    %jmp/1 T_10.5, 6;
    %dup/vec4;
    %pushi/vec4 2, 0, 4;
    %cmp/u;
    %jmp/1 T_10.6, 6;
    %dup/vec4;
    %pushi/vec4 3, 0, 4;
    %cmp/u;
    %jmp/1 T_10.7, 6;
    %dup/vec4;
    %pushi/vec4 4, 0, 4;
    %cmp/u;
    %jmp/1 T_10.8, 6;
    %dup/vec4;
    %pushi/vec4 5, 0, 4;
    %cmp/u;
    %jmp/1 T_10.9, 6;
    %dup/vec4;
    %pushi/vec4 6, 0, 4;
    %cmp/u;
    %jmp/1 T_10.10, 6;
    %dup/vec4;
    %pushi/vec4 7, 0, 4;
    %cmp/u;
    %jmp/1 T_10.11, 6;
    %dup/vec4;
    %pushi/vec4 8, 0, 4;
    %cmp/u;
    %jmp/1 T_10.12, 6;
    %dup/vec4;
    %pushi/vec4 9, 0, 4;
    %cmp/u;
    %jmp/1 T_10.13, 6;
    %dup/vec4;
    %pushi/vec4 10, 0, 4;
    %cmp/u;
    %jmp/1 T_10.14, 6;
    %dup/vec4;
    %pushi/vec4 11, 0, 4;
    %cmp/u;
    %jmp/1 T_10.15, 6;
    %dup/vec4;
    %pushi/vec4 12, 0, 4;
    %cmp/u;
    %jmp/1 T_10.16, 6;
    %pushi/vec4 0, 0, 4;
    %assign/vec4 v0x7570b5e00_0, 0;
    %jmp T_10.18;
T_10.4 ;
    %load/vec4 v0x7570b5180_0;
    %flag_set/vec4 8;
    %jmp/0xz  T_10.19, 8;
    %pushi/vec4 0, 0, 1;
    %assign/vec4 v0x7570b4e60_0, 0;
    %pushi/vec4 0, 0, 1;
    %load/vec4 v0x7570b4d20_0;
    %concat/vec4; draw_concat_vec4
    %concati/vec4 0, 0, 9;
    %assign/vec4 v0x7570b45a0_0, 0;
    %pushi/vec4 0, 0, 9;
    %assign/vec4 v0x7570b5f40_0, 0;
    %pushi/vec4 1, 0, 4;
    %assign/vec4 v0x7570b5e00_0, 0;
    %jmp T_10.20;
T_10.19 ;
    %load/vec4 v0x7570b54a0_0;
    %flag_set/vec4 8;
    %jmp/0xz  T_10.21, 8;
    %pushi/vec4 0, 0, 1;
    %assign/vec4 v0x7570b4e60_0, 0;
    %pushi/vec4 0, 0, 1;
    %load/vec4 v0x7570b4d20_0;
    %concat/vec4; draw_concat_vec4
    %concati/vec4 0, 0, 9;
    %assign/vec4 v0x7570b45a0_0, 0;
    %pushi/vec4 0, 0, 9;
    %assign/vec4 v0x7570b5f40_0, 0;
    %pushi/vec4 6, 0, 4;
    %assign/vec4 v0x7570b5e00_0, 0;
T_10.21 ;
T_10.20 ;
    %jmp T_10.18;
T_10.5 ;
    %load/vec4 v0x7570b45a0_0;
    %pushi/vec4 0, 0, 17;
    %load/vec4 v0x7570b5f40_0;
    %parti/s 8, 0, 2;
    %concat/vec4; draw_concat_vec4
    %concati/vec4 0, 0, 1;
    %add;
    %assign/vec4 v0x7570b5720_0, 0;
    %pushi/vec4 0, 0, 1;
    %assign/vec4 v0x7570b5900_0, 0;
    %pushi/vec4 1, 0, 1;
    %assign/vec4 v0x7570b57c0_0, 0;
    %pushi/vec4 2, 0, 4;
    %assign/vec4 v0x7570b5e00_0, 0;
    %jmp T_10.18;
T_10.6 ;
    %pushi/vec4 1, 0, 1;
    %assign/vec4 v0x7570b57c0_0, 0;
    %load/vec4 v0x7570b5b80_0;
    %flag_set/vec4 8;
    %jmp/0xz  T_10.23, 8;
    %pushi/vec4 0, 0, 1;
    %assign/vec4 v0x7570b57c0_0, 0;
    %pushi/vec4 3, 0, 4;
    %assign/vec4 v0x7570b5e00_0, 0;
T_10.23 ;
    %jmp T_10.18;
T_10.7 ;
    %load/vec4 v0x7570b5ae0_0;
    %flag_set/vec4 8;
    %jmp/0xz  T_10.25, 8;
    %load/vec4 v0x7570b5a40_0;
    %assign/vec4 v0x7570b55e0_0, 0;
    %load/vec4 v0x7570b5f40_0;
    %parti/s 8, 0, 2;
    %concati/vec4 0, 0, 1;
    %assign/vec4 v0x7570b4a00_0, 0;
    %load/vec4 v0x7570b5a40_0;
    %parti/s 8, 0, 2;
    %assign/vec4 v0x7570b4b40_0, 0;
    %pushi/vec4 1, 0, 1;
    %assign/vec4 v0x7570b4be0_0, 0;
    %pushi/vec4 4, 0, 4;
    %assign/vec4 v0x7570b5e00_0, 0;
T_10.25 ;
    %jmp T_10.18;
T_10.8 ;
    %load/vec4 v0x7570b5f40_0;
    %parti/s 8, 0, 2;
    %concati/vec4 1, 0, 1;
    %assign/vec4 v0x7570b4a00_0, 0;
    %load/vec4 v0x7570b55e0_0;
    %parti/s 8, 8, 5;
    %assign/vec4 v0x7570b4b40_0, 0;
    %pushi/vec4 1, 0, 1;
    %assign/vec4 v0x7570b4be0_0, 0;
    %load/vec4 v0x7570b5f40_0;
    %cmpi/e 255, 0, 9;
    %jmp/0xz  T_10.27, 4;
    %pushi/vec4 5, 0, 4;
    %assign/vec4 v0x7570b5e00_0, 0;
    %jmp T_10.28;
T_10.27 ;
    %load/vec4 v0x7570b5f40_0;
    %addi 1, 0, 9;
    %assign/vec4 v0x7570b5f40_0, 0;
    %pushi/vec4 1, 0, 4;
    %assign/vec4 v0x7570b5e00_0, 0;
T_10.28 ;
    %jmp T_10.18;
T_10.9 ;
    %pushi/vec4 0, 0, 1;
    %assign/vec4 v0x7570b4be0_0, 0;
    %pushi/vec4 1, 0, 1;
    %assign/vec4 v0x7570b4e60_0, 0;
    %pushi/vec4 0, 0, 4;
    %assign/vec4 v0x7570b5e00_0, 0;
    %jmp T_10.18;
T_10.10 ;
    %load/vec4 v0x7570b5f40_0;
    %parti/s 8, 0, 2;
    %concati/vec4 0, 0, 1;
    %assign/vec4 v0x7570b4a00_0, 0;
    %pushi/vec4 7, 0, 4;
    %assign/vec4 v0x7570b5e00_0, 0;
    %jmp T_10.18;
T_10.11 ;
    %pushi/vec4 8, 0, 4;
    %assign/vec4 v0x7570b5e00_0, 0;
    %jmp T_10.18;
T_10.12 ;
    %load/vec4 v0x7570b4aa0_0;
    %assign/vec4 v0x7570b5ea0_0, 0;
    %load/vec4 v0x7570b5f40_0;
    %parti/s 8, 0, 2;
    %concati/vec4 1, 0, 1;
    %assign/vec4 v0x7570b4a00_0, 0;
    %pushi/vec4 9, 0, 4;
    %assign/vec4 v0x7570b5e00_0, 0;
    %jmp T_10.18;
T_10.13 ;
    %pushi/vec4 10, 0, 4;
    %assign/vec4 v0x7570b5e00_0, 0;
    %jmp T_10.18;
T_10.14 ;
    %load/vec4 v0x7570b45a0_0;
    %pushi/vec4 0, 0, 17;
    %load/vec4 v0x7570b5f40_0;
    %parti/s 8, 0, 2;
    %concat/vec4; draw_concat_vec4
    %concati/vec4 0, 0, 1;
    %add;
    %assign/vec4 v0x7570b5720_0, 0;
    %load/vec4 v0x7570b4aa0_0;
    %load/vec4 v0x7570b5ea0_0;
    %concat/vec4; draw_concat_vec4
    %assign/vec4 v0x7570b5860_0, 0;
    %pushi/vec4 1, 0, 1;
    %assign/vec4 v0x7570b5900_0, 0;
    %pushi/vec4 1, 0, 1;
    %assign/vec4 v0x7570b57c0_0, 0;
    %pushi/vec4 11, 0, 4;
    %assign/vec4 v0x7570b5e00_0, 0;
    %jmp T_10.18;
T_10.15 ;
    %pushi/vec4 1, 0, 1;
    %assign/vec4 v0x7570b57c0_0, 0;
    %pushi/vec4 1, 0, 1;
    %assign/vec4 v0x7570b5900_0, 0;
    %load/vec4 v0x7570b5b80_0;
    %flag_set/vec4 8;
    %jmp/0xz  T_10.29, 8;
    %pushi/vec4 0, 0, 1;
    %assign/vec4 v0x7570b57c0_0, 0;
    %pushi/vec4 0, 0, 1;
    %assign/vec4 v0x7570b5900_0, 0;
    %load/vec4 v0x7570b5f40_0;
    %cmpi/e 255, 0, 9;
    %jmp/0xz  T_10.31, 4;
    %pushi/vec4 12, 0, 4;
    %assign/vec4 v0x7570b5e00_0, 0;
    %jmp T_10.32;
T_10.31 ;
    %load/vec4 v0x7570b5f40_0;
    %addi 1, 0, 9;
    %assign/vec4 v0x7570b5f40_0, 0;
    %pushi/vec4 6, 0, 4;
    %assign/vec4 v0x7570b5e00_0, 0;
T_10.32 ;
T_10.29 ;
    %jmp T_10.18;
T_10.16 ;
    %pushi/vec4 1, 0, 1;
    %assign/vec4 v0x7570b4e60_0, 0;
    %pushi/vec4 0, 0, 4;
    %assign/vec4 v0x7570b5e00_0, 0;
    %jmp T_10.18;
T_10.18 ;
    %pop/vec4 1;
T_10.3 ;
T_10.1 ;
    %jmp T_10;
    .thread T_10;
    .scope S_0x104f92a20;
T_11 ;
    %pushi/vec4 0, 0, 1;
    %store/vec4 v0x7570b70c0_0, 0, 1;
    %end;
    .thread T_11;
    .scope S_0x104f92a20;
T_12 ;
    %delay 20000, 0;
    %load/vec4 v0x7570b70c0_0;
    %inv;
    %store/vec4 v0x7570b70c0_0, 0, 1;
    %jmp T_12;
    .thread T_12;
    .scope S_0x104f92a20;
T_13 ;
    %pushi/vec4 0, 0, 32;
    %store/vec4 v0x7570b7d40_0, 0, 32;
T_13.0 ; Top of for-loop
    %load/vec4 v0x7570b7d40_0;
    %cmpi/s 512, 0, 32;
	  %jmp/0xz T_13.1, 5;
    %pushi/vec4 0, 0, 16;
    %ix/getv/s 4, v0x7570b7d40_0;
    %store/vec4a v0x7570b78e0, 4, 0;
T_13.2 ; for-loop step statement
    %load/vec4 v0x7570b7d40_0;
    %addi 1, 0, 32;
    %store/vec4 v0x7570b7d40_0, 0, 32;
    %jmp T_13.0;
T_13.1 ; for-loop exit label
    %pushi/vec4 0, 0, 32;
    %store/vec4 v0x7570b7d40_0, 0, 32;
T_13.3 ; Top of for-loop
    %load/vec4 v0x7570b7d40_0;
    %cmpi/s 256, 0, 32;
	  %jmp/0xz T_13.4, 5;
    %load/vec4 v0x7570b7d40_0;
    %parti/s 8, 0, 2;
    %pushi/vec4 255, 0, 8;
    %xor;
    %load/vec4 v0x7570b7d40_0;
    %parti/s 8, 0, 2;
    %concat/vec4; draw_concat_vec4
    %ix/getv/s 4, v0x7570b7d40_0;
    %store/vec4a v0x7570b78e0, 4, 0;
T_13.5 ; for-loop step statement
    %load/vec4 v0x7570b7d40_0;
    %addi 1, 0, 32;
    %store/vec4 v0x7570b7d40_0, 0, 32;
    %jmp T_13.3;
T_13.4 ; for-loop exit label
    %end;
    .thread T_13;
    .scope S_0x104f92a20;
T_14 ;
    %wait E_0x757036900;
    %load/vec4 v0x7570b77a0_0;
    %nor/r;
    %flag_set/vec4 8;
    %jmp/0xz  T_14.0, 8;
    %pushi/vec4 0, 0, 1;
    %assign/vec4 v0x7570b7ac0_0, 0;
    %pushi/vec4 0, 0, 16;
    %assign/vec4 v0x7570b7980_0, 0;
    %pushi/vec4 0, 0, 1;
    %assign/vec4 v0x7570b7a20_0, 0;
    %pushi/vec4 0, 0, 1;
    %ix/load 3, 0, 0;
    %flag_set/imm 4, 0;
    %ix/load 4, 0, 0; Constant delay
    %assign/vec4/a/d v0x7570b7700, 0, 4;
    %pushi/vec4 0, 0, 1;
    %ix/load 3, 1, 0;
    %flag_set/imm 4, 0;
    %ix/load 4, 0, 0; Constant delay
    %assign/vec4/a/d v0x7570b7700, 0, 4;
    %pushi/vec4 0, 0, 1;
    %ix/load 3, 2, 0;
    %flag_set/imm 4, 0;
    %ix/load 4, 0, 0; Constant delay
    %assign/vec4/a/d v0x7570b7700, 0, 4;
    %pushi/vec4 0, 0, 16;
    %ix/load 3, 0, 0;
    %flag_set/imm 4, 0;
    %ix/load 4, 0, 0; Constant delay
    %assign/vec4/a/d v0x7570b7660, 0, 4;
    %pushi/vec4 0, 0, 16;
    %ix/load 3, 1, 0;
    %flag_set/imm 4, 0;
    %ix/load 4, 0, 0; Constant delay
    %assign/vec4/a/d v0x7570b7660, 0, 4;
    %pushi/vec4 0, 0, 16;
    %ix/load 3, 2, 0;
    %flag_set/imm 4, 0;
    %ix/load 4, 0, 0; Constant delay
    %assign/vec4/a/d v0x7570b7660, 0, 4;
    %jmp T_14.1;
T_14.0 ;
    %ix/load 4, 1, 0;
    %flag_set/imm 4, 0;
    %load/vec4a v0x7570b7700, 4;
    %ix/load 3, 2, 0;
    %flag_set/imm 4, 0;
    %ix/load 4, 0, 0; Constant delay
    %assign/vec4/a/d v0x7570b7700, 0, 4;
    %ix/load 4, 1, 0;
    %flag_set/imm 4, 0;
    %load/vec4a v0x7570b7660, 4;
    %ix/load 3, 2, 0;
    %flag_set/imm 4, 0;
    %ix/load 4, 0, 0; Constant delay
    %assign/vec4/a/d v0x7570b7660, 0, 4;
    %ix/load 4, 0, 0;
    %flag_set/imm 4, 0;
    %load/vec4a v0x7570b7700, 4;
    %ix/load 3, 1, 0;
    %flag_set/imm 4, 0;
    %ix/load 4, 0, 0; Constant delay
    %assign/vec4/a/d v0x7570b7700, 0, 4;
    %ix/load 4, 0, 0;
    %flag_set/imm 4, 0;
    %load/vec4a v0x7570b7660, 4;
    %ix/load 3, 1, 0;
    %flag_set/imm 4, 0;
    %ix/load 4, 0, 0; Constant delay
    %assign/vec4/a/d v0x7570b7660, 0, 4;
    %pushi/vec4 0, 0, 1;
    %ix/load 3, 0, 0;
    %flag_set/imm 4, 0;
    %ix/load 4, 0, 0; Constant delay
    %assign/vec4/a/d v0x7570b7700, 0, 4;
    %pushi/vec4 0, 0, 16;
    %ix/load 3, 0, 0;
    %flag_set/imm 4, 0;
    %ix/load 4, 0, 0; Constant delay
    %assign/vec4/a/d v0x7570b7660, 0, 4;
    %ix/load 4, 2, 0;
    %flag_set/imm 4, 0;
    %load/vec4a v0x7570b7700, 4;
    %assign/vec4 v0x7570b7a20_0, 0;
    %ix/load 4, 2, 0;
    %flag_set/imm 4, 0;
    %load/vec4a v0x7570b7660, 4;
    %assign/vec4 v0x7570b7980_0, 0;
    %pushi/vec4 0, 0, 1;
    %assign/vec4 v0x7570b7ac0_0, 0;
    %load/vec4 v0x7570b7b60_0;
    %flag_set/vec4 8;
    %jmp/0xz  T_14.2, 8;
    %pushi/vec4 1, 0, 1;
    %assign/vec4 v0x7570b7ac0_0, 0;
    %load/vec4 v0x7570b7ca0_0;
    %flag_set/vec4 8;
    %jmp/0xz  T_14.4, 8;
    %load/vec4 v0x7570b7c00_0;
    %load/vec4 v0x7570b7840_0;
    %parti/s 9, 1, 2;
    %pad/u 11;
    %ix/vec4 3;
    %ix/load 4, 0, 0; Constant delay
    %assign/vec4/a/d v0x7570b78e0, 0, 4;
    %jmp T_14.5;
T_14.4 ;
    %pushi/vec4 1, 0, 1;
    %ix/load 3, 0, 0;
    %flag_set/imm 4, 0;
    %ix/load 4, 0, 0; Constant delay
    %assign/vec4/a/d v0x7570b7700, 0, 4;
    %load/vec4 v0x7570b7840_0;
    %parti/s 9, 1, 2;
    %pad/u 11;
    %ix/vec4 4;
    %load/vec4a v0x7570b78e0, 4;
    %ix/load 3, 0, 0;
    %flag_set/imm 4, 0;
    %ix/load 4, 0, 0; Constant delay
    %assign/vec4/a/d v0x7570b7660, 0, 4;
T_14.5 ;
T_14.2 ;
T_14.1 ;
    %jmp T_14;
    .thread T_14;
    .scope S_0x104f92a20;
T_15 ;
    %vpi_call 2 185 "$dumpfile", "sdram_arbiter_tb.vcd" {0 0 0};
    %vpi_call 2 186 "$dumpvars", 32'sb00000000000000000000000000000000, S_0x104f92a20 {0 0 0};
    %end;
    .thread T_15;
    .scope S_0x104f92a20;
T_16 ;
    %pushi/vec4 0, 0, 32;
    %store/vec4 v0x7570b7520_0, 0, 32;
    %pushi/vec4 0, 0, 32;
    %store/vec4 v0x7570b73e0_0, 0, 32;
    %vpi_call 2 269 "$display", "\000" {0 0 0};
    %vpi_call 2 270 "$display", "==============================================" {0 0 0};
    %vpi_call 2 271 "$display", " sdram_arbiter testbench" {0 0 0};
    %vpi_call 2 272 "$display", "==============================================" {0 0 0};
    %vpi_call 2 277 "$display", "\000" {0 0 0};
    %vpi_call 2 278 "$display", "--- Test 1: Boot passthrough ---" {0 0 0};
    %fork TD_sdram_arbiter_tb.reset, S_0x104fa8450;
    %join;
    %pushi/vec4 512, 0, 26;
    %store/vec4 v0x104fa5710_0, 0, 26;
    %pushi/vec4 51966, 0, 16;
    %store/vec4 v0x104fa5350_0, 0, 16;
    %fork TD_sdram_arbiter_tb.boot_write_word, S_0x104fa0150;
    %join;
    %pushi/vec4 514, 0, 26;
    %store/vec4 v0x104fa5710_0, 0, 26;
    %pushi/vec4 48879, 0, 16;
    %store/vec4 v0x104fa5350_0, 0, 16;
    %fork TD_sdram_arbiter_tb.boot_write_word, S_0x104fa0150;
    %join;
    %pushi/vec4 516, 0, 26;
    %store/vec4 v0x104fa5710_0, 0, 26;
    %pushi/vec4 57005, 0, 16;
    %store/vec4 v0x104fa5350_0, 0, 16;
    %fork TD_sdram_arbiter_tb.boot_write_word, S_0x104fa0150;
    %join;
    %pushi/vec4 518, 0, 26;
    %store/vec4 v0x104fa5710_0, 0, 26;
    %pushi/vec4 61453, 0, 16;
    %store/vec4 v0x104fa5350_0, 0, 16;
    %fork TD_sdram_arbiter_tb.boot_write_word, S_0x104fa0150;
    %join;
    %pushi/vec4 0, 0, 32; draw_string_vec4
    %pushi/vec4 0, 0, 32; draw_string_vec4
    %concat/vec4; draw_string_vec4
    %pushi/vec4 0, 0, 32; draw_string_vec4
    %concat/vec4; draw_string_vec4
    %pushi/vec4 0, 0, 32; draw_string_vec4
    %concat/vec4; draw_string_vec4
    %pushi/vec4 6451055, 0, 32; draw_string_vec4
    %concat/vec4; draw_string_vec4
    %pushi/vec4 1948284786, 0, 32; draw_string_vec4
    %concat/vec4; draw_string_vec4
    %pushi/vec4 544698226, 0, 32; draw_string_vec4
    %concat/vec4; draw_string_vec4
    %pushi/vec4 1679831072, 0, 32; draw_string_vec4
    %concat/vec4; draw_string_vec4
    %pushi/vec4 1025519736, 0, 32; draw_string_vec4
    %concat/vec4; draw_string_vec4
    %pushi/vec4 1128351301, 0, 32; draw_string_vec4
    %concat/vec4; draw_string_vec4
    %store/vec4 v0x104fa4bd0_0, 0, 320;
    %ix/load 4, 256, 0;
    %flag_set/imm 4, 0;
    %load/vec4a v0x7570b78e0, 4;
    %pushi/vec4 51966, 0, 16;
    %cmp/e;
    %flag_get/vec4 4;
    %store/vec4 v0x104fa4f90_0, 0, 1;
    %fork TD_sdram_arbiter_tb.check, S_0x104fa41b0;
    %join;
    %pushi/vec4 0, 0, 32; draw_string_vec4
    %pushi/vec4 0, 0, 32; draw_string_vec4
    %concat/vec4; draw_string_vec4
    %pushi/vec4 0, 0, 32; draw_string_vec4
    %concat/vec4; draw_string_vec4
    %pushi/vec4 0, 0, 32; draw_string_vec4
    %concat/vec4; draw_string_vec4
    %pushi/vec4 6451055, 0, 32; draw_string_vec4
    %concat/vec4; draw_string_vec4
    %pushi/vec4 1948284786, 0, 32; draw_string_vec4
    %concat/vec4; draw_string_vec4
    %pushi/vec4 544698226, 0, 32; draw_string_vec4
    %concat/vec4; draw_string_vec4
    %pushi/vec4 1679831328, 0, 32; draw_string_vec4
    %concat/vec4; draw_string_vec4
    %pushi/vec4 1025519736, 0, 32; draw_string_vec4
    %concat/vec4; draw_string_vec4
    %pushi/vec4 1111835974, 0, 32; draw_string_vec4
    %concat/vec4; draw_string_vec4
    %store/vec4 v0x104fa4bd0_0, 0, 320;
    %ix/load 4, 257, 0;
    %flag_set/imm 4, 0;
    %load/vec4a v0x7570b78e0, 4;
    %pushi/vec4 48879, 0, 16;
    %cmp/e;
    %flag_get/vec4 4;
    %store/vec4 v0x104fa4f90_0, 0, 1;
    %fork TD_sdram_arbiter_tb.check, S_0x104fa41b0;
    %join;
    %pushi/vec4 0, 0, 32; draw_string_vec4
    %pushi/vec4 0, 0, 32; draw_string_vec4
    %concat/vec4; draw_string_vec4
    %pushi/vec4 0, 0, 32; draw_string_vec4
    %concat/vec4; draw_string_vec4
    %pushi/vec4 0, 0, 32; draw_string_vec4
    %concat/vec4; draw_string_vec4
    %pushi/vec4 6451055, 0, 32; draw_string_vec4
    %concat/vec4; draw_string_vec4
    %pushi/vec4 1948284786, 0, 32; draw_string_vec4
    %concat/vec4; draw_string_vec4
    %pushi/vec4 544698226, 0, 32; draw_string_vec4
    %concat/vec4; draw_string_vec4
    %pushi/vec4 1679831584, 0, 32; draw_string_vec4
    %concat/vec4; draw_string_vec4
    %pushi/vec4 1025519736, 0, 32; draw_string_vec4
    %concat/vec4; draw_string_vec4
    %pushi/vec4 1145389380, 0, 32; draw_string_vec4
    %concat/vec4; draw_string_vec4
    %store/vec4 v0x104fa4bd0_0, 0, 320;
    %ix/load 4, 258, 0;
    %flag_set/imm 4, 0;
    %load/vec4a v0x7570b78e0, 4;
    %pushi/vec4 57005, 0, 16;
    %cmp/e;
    %flag_get/vec4 4;
    %store/vec4 v0x104fa4f90_0, 0, 1;
    %fork TD_sdram_arbiter_tb.check, S_0x104fa41b0;
    %join;
    %pushi/vec4 0, 0, 32; draw_string_vec4
    %pushi/vec4 0, 0, 32; draw_string_vec4
    %concat/vec4; draw_string_vec4
    %pushi/vec4 0, 0, 32; draw_string_vec4
    %concat/vec4; draw_string_vec4
    %pushi/vec4 0, 0, 32; draw_string_vec4
    %concat/vec4; draw_string_vec4
    %pushi/vec4 6451055, 0, 32; draw_string_vec4
    %concat/vec4; draw_string_vec4
    %pushi/vec4 1948284786, 0, 32; draw_string_vec4
    %concat/vec4; draw_string_vec4
    %pushi/vec4 544698226, 0, 32; draw_string_vec4
    %concat/vec4; draw_string_vec4
    %pushi/vec4 1679831840, 0, 32; draw_string_vec4
    %concat/vec4; draw_string_vec4
    %pushi/vec4 1025519736, 0, 32; draw_string_vec4
    %concat/vec4; draw_string_vec4
    %pushi/vec4 1177563204, 0, 32; draw_string_vec4
    %concat/vec4; draw_string_vec4
    %store/vec4 v0x104fa4bd0_0, 0, 320;
    %ix/load 4, 259, 0;
    %flag_set/imm 4, 0;
    %load/vec4a v0x7570b78e0, 4;
    %pushi/vec4 61453, 0, 16;
    %cmp/e;
    %flag_get/vec4 4;
    %store/vec4 v0x104fa4f90_0, 0, 1;
    %fork TD_sdram_arbiter_tb.check, S_0x104fa41b0;
    %join;
    %vpi_call 2 296 "$display", "\000" {0 0 0};
    %vpi_call 2 297 "$display", "--- Test 2: Block read ---" {0 0 0};
    %pushi/vec4 1, 0, 1;
    %assign/vec4 v0x7570b68a0_0, 0;
    %pushi/vec4 4, 0, 32;
T_16.0 %dup/vec4;
    %cmpi/s 0, 0, 32;
    %jmp/1xz T_16.1, 5;
    %jmp/1 T_16.1, 4;
    %subi 1, 0, 32;
    %wait E_0x7570368c0;
    %jmp T_16.0;
T_16.1 ;
    %pop/vec4 1;
    %pushi/vec4 0, 0, 16;
    %assign/vec4 v0x7570b7160_0, 0;
    %pushi/vec4 1, 0, 1;
    %assign/vec4 v0x7570b7200_0, 0;
    %pushi/vec4 20000, 0, 32;
T_16.2 %dup/vec4;
    %cmpi/s 0, 0, 32;
    %jmp/1xz T_16.3, 5;
    %jmp/1 T_16.3, 4;
    %subi 1, 0, 32;
    %wait E_0x7570368c0;
    %load/vec4 v0x7570b72a0_0;
    %flag_set/vec4 8;
    %jmp/0xz  T_16.4, 8;
    %disable S_0x104f9efa0;
T_16.4 ;
    %jmp T_16.2;
T_16.3 ;
    %pop/vec4 1;
    %pushi/vec4 0, 0, 32; draw_string_vec4
    %pushi/vec4 0, 0, 32; draw_string_vec4
    %concat/vec4; draw_string_vec4
    %pushi/vec4 0, 0, 32; draw_string_vec4
    %concat/vec4; draw_string_vec4
    %pushi/vec4 0, 0, 32; draw_string_vec4
    %concat/vec4; draw_string_vec4
    %pushi/vec4 0, 0, 32; draw_string_vec4
    %concat/vec4; draw_string_vec4
    %pushi/vec4 1651273571, 0, 32; draw_string_vec4
    %concat/vec4; draw_string_vec4
    %pushi/vec4 1797288549, 0, 32; draw_string_vec4
    %concat/vec4; draw_string_vec4
    %pushi/vec4 1633951843, 0, 32; draw_string_vec4
    %concat/vec4; draw_string_vec4
    %pushi/vec4 1869443180, 0, 32; draw_string_vec4
    %concat/vec4; draw_string_vec4
    %pushi/vec4 1702126948, 0, 32; draw_string_vec4
    %concat/vec4; draw_string_vec4
    %store/vec4 v0x104fa4bd0_0, 0, 320;
    %load/vec4 v0x7570b72a0_0;
    %pushi/vec4 1, 0, 1;
    %cmp/e;
    %flag_get/vec4 4;
    %store/vec4 v0x104fa4f90_0, 0, 1;
    %fork TD_sdram_arbiter_tb.check, S_0x104fa41b0;
    %join;
    %pushi/vec4 0, 0, 1;
    %assign/vec4 v0x7570b7200_0, 0;
    %pushi/vec4 10, 0, 32;
T_16.6 %dup/vec4;
    %cmpi/s 0, 0, 32;
    %jmp/1xz T_16.7, 5;
    %jmp/1 T_16.7, 4;
    %subi 1, 0, 32;
    %wait E_0x7570368c0;
    %jmp T_16.6;
T_16.7 ;
    %pop/vec4 1;
    %pushi/vec4 1, 0, 1;
    %store/vec4 v0x7570b7de0_0, 0, 1;
    %pushi/vec4 0, 0, 32;
    %store/vec4 v0x7570b7480_0, 0, 32;
T_16.8 ; Top of for-loop
    %load/vec4 v0x7570b7480_0;
    %cmpi/s 4, 0, 32;
	  %jmp/0xz T_16.9, 5;
    %load/vec4 v0x7570b7480_0;
    %muli 2, 0, 32;
    %pad/s 9;
    %store/vec4 v0x104fa44b0_0, 0, 9;
    %fork TD_sdram_arbiter_tb.read_buf_b, S_0x104fa4330;
    %join;
    %load/vec4 v0x7570b4000_0;
    %store/vec4 v0x7570b75c0_0, 0, 8;
    %load/vec4 v0x7570b75c0_0;
    %load/vec4 v0x7570b7480_0;
    %parti/s 8, 0, 2;
    %cmp/ne;
    %jmp/0xz  T_16.11, 6;
    %pushi/vec4 0, 0, 1;
    %store/vec4 v0x7570b7de0_0, 0, 1;
T_16.11 ;
    %load/vec4 v0x7570b7480_0;
    %muli 2, 0, 32;
    %addi 1, 0, 32;
    %pad/s 9;
    %store/vec4 v0x104fa44b0_0, 0, 9;
    %fork TD_sdram_arbiter_tb.read_buf_b, S_0x104fa4330;
    %join;
    %load/vec4 v0x7570b4000_0;
    %store/vec4 v0x7570b75c0_0, 0, 8;
    %load/vec4 v0x7570b75c0_0;
    %load/vec4 v0x7570b7480_0;
    %parti/s 8, 0, 2;
    %pushi/vec4 255, 0, 8;
    %xor;
    %cmp/ne;
    %jmp/0xz  T_16.13, 6;
    %pushi/vec4 0, 0, 1;
    %store/vec4 v0x7570b7de0_0, 0, 1;
T_16.13 ;
T_16.10 ; for-loop step statement
    %load/vec4 v0x7570b7480_0;
    %addi 1, 0, 32;
    %store/vec4 v0x7570b7480_0, 0, 32;
    %jmp T_16.8;
T_16.9 ; for-loop exit label
    %pushi/vec4 0, 0, 32; draw_string_vec4
    %pushi/vec4 98, 0, 32; draw_string_vec4
    %concat/vec4; draw_string_vec4
    %pushi/vec4 1819239275, 0, 32; draw_string_vec4
    %concat/vec4; draw_string_vec4
    %pushi/vec4 544367969, 0, 32; draw_string_vec4
    %concat/vec4; draw_string_vec4
    %pushi/vec4 1681530982, 0, 32; draw_string_vec4
    %concat/vec4; draw_string_vec4
    %pushi/vec4 1769108340, 0, 32; draw_string_vec4
    %concat/vec4; draw_string_vec4
    %pushi/vec4 540549218, 0, 32; draw_string_vec4
    %concat/vec4; draw_string_vec4
    %pushi/vec4 2037671283, 0, 32; draw_string_vec4
    %concat/vec4; draw_string_vec4
    %pushi/vec4 543387506, 0, 32; draw_string_vec4
    %concat/vec4; draw_string_vec4
    %pushi/vec4 1919247220, 0, 32; draw_string_vec4
    %concat/vec4; draw_string_vec4
    %store/vec4 v0x104fa4bd0_0, 0, 320;
    %load/vec4 v0x7570b7de0_0;
    %store/vec4 v0x104fa4f90_0, 0, 1;
    %fork TD_sdram_arbiter_tb.check, S_0x104fa41b0;
    %join;
    %pushi/vec4 510, 0, 9;
    %store/vec4 v0x104fa44b0_0, 0, 9;
    %fork TD_sdram_arbiter_tb.read_buf_b, S_0x104fa4330;
    %join;
    %load/vec4 v0x7570b4000_0;
    %store/vec4 v0x7570b75c0_0, 0, 8;
    %load/vec4 v0x7570b75c0_0;
    %pushi/vec4 255, 0, 8;
    %cmp/e;
    %flag_get/vec4 4;
    %store/vec4 v0x7570b7de0_0, 0, 1;
    %pushi/vec4 511, 0, 9;
    %store/vec4 v0x104fa44b0_0, 0, 9;
    %fork TD_sdram_arbiter_tb.read_buf_b, S_0x104fa4330;
    %join;
    %load/vec4 v0x7570b4000_0;
    %store/vec4 v0x7570b75c0_0, 0, 8;
    %load/vec4 v0x7570b7de0_0;
    %flag_set/vec4 8;
    %flag_get/vec4 8;
    %jmp/0 T_16.15, 8;
    %load/vec4 v0x7570b75c0_0;
    %pushi/vec4 0, 0, 8;
    %cmp/e;
    %flag_get/vec4 4;
    %and;
T_16.15;
    %store/vec4 v0x7570b7de0_0, 0, 1;
    %pushi/vec4 0, 0, 32; draw_string_vec4
    %pushi/vec4 0, 0, 32; draw_string_vec4
    %concat/vec4; draw_string_vec4
    %pushi/vec4 1651273571, 0, 32; draw_string_vec4
    %concat/vec4; draw_string_vec4
    %pushi/vec4 1797288549, 0, 32; draw_string_vec4
    %concat/vec4; draw_string_vec4
    %pushi/vec4 1633958432, 0, 32; draw_string_vec4
    %concat/vec4; draw_string_vec4
    %pushi/vec4 1818325876, 0, 32; draw_string_vec4
    %concat/vec4; draw_string_vec4
    %pushi/vec4 540156002, 0, 32; draw_string_vec4
    %concat/vec4; draw_string_vec4
    %pushi/vec4 2037671283, 0, 32; draw_string_vec4
    %concat/vec4; draw_string_vec4
    %pushi/vec4 543387506, 0, 32; draw_string_vec4
    %concat/vec4; draw_string_vec4
    %pushi/vec4 1919247220, 0, 32; draw_string_vec4
    %concat/vec4; draw_string_vec4
    %store/vec4 v0x104fa4bd0_0, 0, 320;
    %load/vec4 v0x7570b7de0_0;
    %store/vec4 v0x104fa4f90_0, 0, 1;
    %fork TD_sdram_arbiter_tb.check, S_0x104fa41b0;
    %join;
    %pushi/vec4 20, 0, 32;
T_16.16 %dup/vec4;
    %cmpi/s 0, 0, 32;
    %jmp/1xz T_16.17, 5;
    %jmp/1 T_16.17, 4;
    %subi 1, 0, 32;
    %wait E_0x7570368c0;
    %jmp T_16.16;
T_16.17 ;
    %pop/vec4 1;
    %pushi/vec4 0, 0, 32; draw_string_vec4
    %pushi/vec4 25196, 0, 32; draw_string_vec4
    %concat/vec4; draw_string_vec4
    %pushi/vec4 1868786527, 0, 32; draw_string_vec4
    %concat/vec4; draw_string_vec4
    %pushi/vec4 1919246692, 0, 32; draw_string_vec4
    %concat/vec4; draw_string_vec4
    %pushi/vec4 2032165740, 0, 32; draw_string_vec4
    %concat/vec4; draw_string_vec4
    %pushi/vec4 1700885093, 0, 32; draw_string_vec4
    %concat/vec4; draw_string_vec4
    %pushi/vec4 1679843686, 0, 32; draw_string_vec4
    %concat/vec4; draw_string_vec4
    %pushi/vec4 1952805408, 0, 32; draw_string_vec4
    %concat/vec4; draw_string_vec4
    %pushi/vec4 1684365683, 0, 32; draw_string_vec4
    %concat/vec4; draw_string_vec4
    %pushi/vec4 1936028276, 0, 32; draw_string_vec4
    %concat/vec4; draw_string_vec4
    %store/vec4 v0x104fa4bd0_0, 0, 320;
    %load/vec4 v0x7570b72a0_0;
    %pushi/vec4 0, 0, 1;
    %cmp/e;
    %flag_get/vec4 4;
    %store/vec4 v0x104fa4f90_0, 0, 1;
    %fork TD_sdram_arbiter_tb.check, S_0x104fa41b0;
    %join;
    %vpi_call 2 345 "$display", "\000" {0 0 0};
    %vpi_call 2 346 "$display", "--- Test 3: Block write ---" {0 0 0};
    %pushi/vec4 0, 0, 32;
    %store/vec4 v0x7570b7480_0, 0, 32;
T_16.18 ; Top of for-loop
    %load/vec4 v0x7570b7480_0;
    %cmpi/s 512, 0, 32;
	  %jmp/0xz T_16.19, 5;
    %load/vec4 v0x7570b7480_0;
    %parti/s 9, 0, 2;
    %store/vec4 v0x7570b66c0_0, 0, 9;
    %load/vec4 v0x7570b7480_0;
    %parti/s 8, 0, 2;
    %pushi/vec4 165, 0, 8;
    %xor;
    %store/vec4 v0x7570b6760_0, 0, 8;
    %fork TD_sdram_arbiter_tb.write_buf_b, S_0x7570b8180;
    %join;
T_16.20 ; for-loop step statement
    %load/vec4 v0x7570b7480_0;
    %addi 1, 0, 32;
    %store/vec4 v0x7570b7480_0, 0, 32;
    %jmp T_16.18;
T_16.19 ; for-loop exit label
    %pushi/vec4 4, 0, 32;
T_16.21 %dup/vec4;
    %cmpi/s 0, 0, 32;
    %jmp/1xz T_16.22, 5;
    %jmp/1 T_16.22, 4;
    %subi 1, 0, 32;
    %wait E_0x7570368c0;
    %jmp T_16.21;
T_16.22 ;
    %pop/vec4 1;
    %pushi/vec4 1, 0, 16;
    %assign/vec4 v0x7570b7160_0, 0;
    %pushi/vec4 1, 0, 1;
    %assign/vec4 v0x7570b7340_0, 0;
    %pushi/vec4 20000, 0, 32;
T_16.23 %dup/vec4;
    %cmpi/s 0, 0, 32;
    %jmp/1xz T_16.24, 5;
    %jmp/1 T_16.24, 4;
    %subi 1, 0, 32;
    %wait E_0x7570368c0;
    %load/vec4 v0x7570b72a0_0;
    %flag_set/vec4 8;
    %jmp/0xz  T_16.25, 8;
    %disable S_0x104f9f120;
T_16.25 ;
    %jmp T_16.23;
T_16.24 ;
    %pop/vec4 1;
    %pushi/vec4 0, 0, 32; draw_string_vec4
    %pushi/vec4 0, 0, 32; draw_string_vec4
    %concat/vec4; draw_string_vec4
    %pushi/vec4 0, 0, 32; draw_string_vec4
    %concat/vec4; draw_string_vec4
    %pushi/vec4 0, 0, 32; draw_string_vec4
    %concat/vec4; draw_string_vec4
    %pushi/vec4 98, 0, 32; draw_string_vec4
    %concat/vec4; draw_string_vec4
    %pushi/vec4 1819239275, 0, 32; draw_string_vec4
    %concat/vec4; draw_string_vec4
    %pushi/vec4 544698985, 0, 32; draw_string_vec4
    %concat/vec4; draw_string_vec4
    %pushi/vec4 1952784483, 0, 32; draw_string_vec4
    %concat/vec4; draw_string_vec4
    %pushi/vec4 1869443180, 0, 32; draw_string_vec4
    %concat/vec4; draw_string_vec4
    %pushi/vec4 1702126948, 0, 32; draw_string_vec4
    %concat/vec4; draw_string_vec4
    %store/vec4 v0x104fa4bd0_0, 0, 320;
    %load/vec4 v0x7570b72a0_0;
    %pushi/vec4 1, 0, 1;
    %cmp/e;
    %flag_get/vec4 4;
    %store/vec4 v0x104fa4f90_0, 0, 1;
    %fork TD_sdram_arbiter_tb.check, S_0x104fa41b0;
    %join;
    %pushi/vec4 0, 0, 1;
    %assign/vec4 v0x7570b7340_0, 0;
    %pushi/vec4 10, 0, 32;
T_16.27 %dup/vec4;
    %cmpi/s 0, 0, 32;
    %jmp/1xz T_16.28, 5;
    %jmp/1 T_16.28, 4;
    %subi 1, 0, 32;
    %wait E_0x7570368c0;
    %jmp T_16.27;
T_16.28 ;
    %pop/vec4 1;
    %pushi/vec4 1, 0, 1;
    %store/vec4 v0x7570b7de0_0, 0, 1;
    %fork t_1, S_0x104f92ba0;
    %jmp t_0;
    .scope S_0x104f92ba0;
t_1 ;
    %pushi/vec4 0, 0, 32;
    %store/vec4 v0x7570b7480_0, 0, 32;
T_16.29 ; Top of for-loop
    %load/vec4 v0x7570b7480_0;
    %cmpi/s 256, 0, 32;
	  %jmp/0xz T_16.30, 5;
    %load/vec4 v0x7570b7480_0;
    %parti/s 8, 0, 2;
    %muli 2, 0, 8;
    %pushi/vec4 165, 0, 8;
    %xor;
    %store/vec4 v0x104fa4950_0, 0, 8;
    %load/vec4 v0x7570b7480_0;
    %parti/s 8, 0, 2;
    %muli 2, 0, 8;
    %addi 1, 0, 8;
    %pushi/vec4 165, 0, 8;
    %xor;
    %store/vec4 v0x104fa5c10_0, 0, 8;
    %pushi/vec4 256, 0, 32;
    %load/vec4 v0x7570b7480_0;
    %add;
    %ix/vec4/s 4;
    %load/vec4a v0x7570b78e0, 4;
    %parti/s 8, 0, 2;
    %load/vec4 v0x104fa4950_0;
    %cmp/ne;
    %jmp/0xz  T_16.32, 6;
    %pushi/vec4 0, 0, 1;
    %store/vec4 v0x7570b7de0_0, 0, 1;
T_16.32 ;
    %pushi/vec4 256, 0, 32;
    %load/vec4 v0x7570b7480_0;
    %add;
    %ix/vec4/s 4;
    %load/vec4a v0x7570b78e0, 4;
    %parti/s 8, 8, 5;
    %load/vec4 v0x104fa5c10_0;
    %cmp/ne;
    %jmp/0xz  T_16.34, 6;
    %pushi/vec4 0, 0, 1;
    %store/vec4 v0x7570b7de0_0, 0, 1;
T_16.34 ;
T_16.31 ; for-loop step statement
    %load/vec4 v0x7570b7480_0;
    %addi 1, 0, 32;
    %store/vec4 v0x7570b7480_0, 0, 32;
    %jmp T_16.29;
T_16.30 ; for-loop exit label
    %end;
    .scope S_0x104f92a20;
t_0 %join;
    %pushi/vec4 0, 0, 32; draw_string_vec4
    %pushi/vec4 25196, 0, 32; draw_string_vec4
    %concat/vec4; draw_string_vec4
    %pushi/vec4 1868786464, 0, 32; draw_string_vec4
    %concat/vec4; draw_string_vec4
    %pushi/vec4 2003986804, 0, 32; draw_string_vec4
    %concat/vec4; draw_string_vec4
    %pushi/vec4 1698308193, 0, 32; draw_string_vec4
    %concat/vec4; draw_string_vec4
    %pushi/vec4 1819025458, 0, 32; draw_string_vec4
    %concat/vec4; draw_string_vec4
    %pushi/vec4 892739703, 0, 32; draw_string_vec4
    %concat/vec4; draw_string_vec4
    %pushi/vec4 1869767795, 0, 32; draw_string_vec4
    %concat/vec4; draw_string_vec4
    %pushi/vec4 543387506, 0, 32; draw_string_vec4
    %concat/vec4; draw_string_vec4
    %pushi/vec4 1919247220, 0, 32; draw_string_vec4
    %concat/vec4; draw_string_vec4
    %store/vec4 v0x104fa4bd0_0, 0, 320;
    %load/vec4 v0x7570b7de0_0;
    %store/vec4 v0x104fa4f90_0, 0, 1;
    %fork TD_sdram_arbiter_tb.check, S_0x104fa41b0;
    %join;
    %vpi_call 2 390 "$display", "\000" {0 0 0};
    %vpi_call 2 391 "$display", "--- Test 4: CDC timing ---" {0 0 0};
    %pushi/vec4 0, 0, 32;
    %store/vec4 v0x7570b7480_0, 0, 32;
T_16.36 ; Top of for-loop
    %load/vec4 v0x7570b7480_0;
    %cmpi/s 256, 0, 32;
	  %jmp/0xz T_16.37, 5;
    %pushi/vec4 170, 0, 8;
    %load/vec4 v0x7570b7480_0;
    %parti/s 8, 0, 2;
    %concat/vec4; draw_concat_vec4
    %ix/getv/s 4, v0x7570b7480_0;
    %store/vec4a v0x7570b78e0, 4, 0;
T_16.38 ; for-loop step statement
    %load/vec4 v0x7570b7480_0;
    %addi 1, 0, 32;
    %store/vec4 v0x7570b7480_0, 0, 32;
    %jmp T_16.36;
T_16.37 ; for-loop exit label
    %pushi/vec4 10, 0, 32;
T_16.39 %dup/vec4;
    %cmpi/s 0, 0, 32;
    %jmp/1xz T_16.40, 5;
    %jmp/1 T_16.40, 4;
    %subi 1, 0, 32;
    %wait E_0x7570368c0;
    %jmp T_16.39;
T_16.40 ;
    %pop/vec4 1;
    %pushi/vec4 0, 0, 16;
    %assign/vec4 v0x7570b7160_0, 0;
    %pushi/vec4 0, 0, 1;
    %assign/vec4 v0x7570b7200_0, 0;
    %pushi/vec4 2, 0, 32;
T_16.41 %dup/vec4;
    %cmpi/s 0, 0, 32;
    %jmp/1xz T_16.42, 5;
    %jmp/1 T_16.42, 4;
    %subi 1, 0, 32;
    %wait E_0x7570368c0;
    %jmp T_16.41;
T_16.42 ;
    %pop/vec4 1;
    %pushi/vec4 1, 0, 1;
    %assign/vec4 v0x7570b7200_0, 0;
    %pushi/vec4 6, 0, 32;
T_16.43 %dup/vec4;
    %cmpi/s 0, 0, 32;
    %jmp/1xz T_16.44, 5;
    %jmp/1 T_16.44, 4;
    %subi 1, 0, 32;
    %wait E_0x7570368c0;
    %jmp T_16.43;
T_16.44 ;
    %pop/vec4 1;
    %pushi/vec4 20000, 0, 32;
T_16.45 %dup/vec4;
    %cmpi/s 0, 0, 32;
    %jmp/1xz T_16.46, 5;
    %jmp/1 T_16.46, 4;
    %subi 1, 0, 32;
    %wait E_0x7570368c0;
    %load/vec4 v0x7570b72a0_0;
    %flag_set/vec4 8;
    %jmp/0xz  T_16.47, 8;
    %disable S_0x104fa02d0;
T_16.47 ;
    %jmp T_16.45;
T_16.46 ;
    %pop/vec4 1;
    %pushi/vec4 0, 0, 32; draw_string_vec4
    %pushi/vec4 0, 0, 32; draw_string_vec4
    %concat/vec4; draw_string_vec4
    %pushi/vec4 0, 0, 32; draw_string_vec4
    %concat/vec4; draw_string_vec4
    %pushi/vec4 0, 0, 32; draw_string_vec4
    %concat/vec4; draw_string_vec4
    %pushi/vec4 1128547104, 0, 32; draw_string_vec4
    %concat/vec4; draw_string_vec4
    %pushi/vec4 1651273571, 0, 32; draw_string_vec4
    %concat/vec4; draw_string_vec4
    %pushi/vec4 1797288549, 0, 32; draw_string_vec4
    %concat/vec4; draw_string_vec4
    %pushi/vec4 1633951843, 0, 32; draw_string_vec4
    %concat/vec4; draw_string_vec4
    %pushi/vec4 1869443180, 0, 32; draw_string_vec4
    %concat/vec4; draw_string_vec4
    %pushi/vec4 1702126948, 0, 32; draw_string_vec4
    %concat/vec4; draw_string_vec4
    %store/vec4 v0x104fa4bd0_0, 0, 320;
    %load/vec4 v0x7570b72a0_0;
    %pushi/vec4 1, 0, 1;
    %cmp/e;
    %flag_get/vec4 4;
    %store/vec4 v0x104fa4f90_0, 0, 1;
    %fork TD_sdram_arbiter_tb.check, S_0x104fa41b0;
    %join;
    %pushi/vec4 0, 0, 9;
    %store/vec4 v0x104fa44b0_0, 0, 9;
    %fork TD_sdram_arbiter_tb.read_buf_b, S_0x104fa4330;
    %join;
    %load/vec4 v0x7570b4000_0;
    %store/vec4 v0x7570b75c0_0, 0, 8;
    %pushi/vec4 0, 0, 32; draw_string_vec4
    %pushi/vec4 0, 0, 32; draw_string_vec4
    %concat/vec4; draw_string_vec4
    %pushi/vec4 0, 0, 32; draw_string_vec4
    %concat/vec4; draw_string_vec4
    %pushi/vec4 0, 0, 32; draw_string_vec4
    %concat/vec4; draw_string_vec4
    %pushi/vec4 4408387, 0, 32; draw_string_vec4
    %concat/vec4; draw_string_vec4
    %pushi/vec4 544367969, 0, 32; draw_string_vec4
    %concat/vec4; draw_string_vec4
    %pushi/vec4 1679843961, 0, 32; draw_string_vec4
    %concat/vec4; draw_string_vec4
    %pushi/vec4 1952784432, 0, 32; draw_string_vec4
    %concat/vec4; draw_string_vec4
    %pushi/vec4 543387506, 0, 32; draw_string_vec4
    %concat/vec4; draw_string_vec4
    %pushi/vec4 1919247220, 0, 32; draw_string_vec4
    %concat/vec4; draw_string_vec4
    %store/vec4 v0x104fa4bd0_0, 0, 320;
    %load/vec4 v0x7570b75c0_0;
    %pushi/vec4 0, 0, 8;
    %cmp/e;
    %flag_get/vec4 4;
    %store/vec4 v0x104fa4f90_0, 0, 1;
    %fork TD_sdram_arbiter_tb.check, S_0x104fa41b0;
    %join;
    %pushi/vec4 1, 0, 9;
    %store/vec4 v0x104fa44b0_0, 0, 9;
    %fork TD_sdram_arbiter_tb.read_buf_b, S_0x104fa4330;
    %join;
    %load/vec4 v0x7570b4000_0;
    %store/vec4 v0x7570b75c0_0, 0, 8;
    %pushi/vec4 0, 0, 32; draw_string_vec4
    %pushi/vec4 0, 0, 32; draw_string_vec4
    %concat/vec4; draw_string_vec4
    %pushi/vec4 0, 0, 32; draw_string_vec4
    %concat/vec4; draw_string_vec4
    %pushi/vec4 0, 0, 32; draw_string_vec4
    %concat/vec4; draw_string_vec4
    %pushi/vec4 4408387, 0, 32; draw_string_vec4
    %concat/vec4; draw_string_vec4
    %pushi/vec4 544367969, 0, 32; draw_string_vec4
    %concat/vec4; draw_string_vec4
    %pushi/vec4 1679843961, 0, 32; draw_string_vec4
    %concat/vec4; draw_string_vec4
    %pushi/vec4 1952784433, 0, 32; draw_string_vec4
    %concat/vec4; draw_string_vec4
    %pushi/vec4 543387506, 0, 32; draw_string_vec4
    %concat/vec4; draw_string_vec4
    %pushi/vec4 1919247220, 0, 32; draw_string_vec4
    %concat/vec4; draw_string_vec4
    %store/vec4 v0x104fa4bd0_0, 0, 320;
    %load/vec4 v0x7570b75c0_0;
    %pushi/vec4 170, 0, 8;
    %cmp/e;
    %flag_get/vec4 4;
    %store/vec4 v0x104fa4f90_0, 0, 1;
    %fork TD_sdram_arbiter_tb.check, S_0x104fa41b0;
    %join;
    %pushi/vec4 0, 0, 1;
    %assign/vec4 v0x7570b7200_0, 0;
    %pushi/vec4 20, 0, 32;
T_16.49 %dup/vec4;
    %cmpi/s 0, 0, 32;
    %jmp/1xz T_16.50, 5;
    %jmp/1 T_16.50, 4;
    %subi 1, 0, 32;
    %wait E_0x7570368c0;
    %jmp T_16.49;
T_16.50 ;
    %pop/vec4 1;
    %vpi_call 2 429 "$display", "\000" {0 0 0};
    %vpi_call 2 430 "$display", "==============================================" {0 0 0};
    %vpi_call 2 431 "$display", " Results: %0d PASS, %0d FAIL", v0x7570b7520_0, v0x7570b73e0_0 {0 0 0};
    %load/vec4 v0x7570b73e0_0;
    %cmpi/e 0, 0, 32;
    %jmp/0xz  T_16.51, 4;
    %vpi_call 2 433 "$display", " ALL TESTS PASSED" {0 0 0};
    %jmp T_16.52;
T_16.51 ;
    %vpi_call 2 435 "$display", " SOME TESTS FAILED" {0 0 0};
T_16.52 ;
    %vpi_call 2 436 "$display", "==============================================" {0 0 0};
    %vpi_call 2 437 "$display", "\000" {0 0 0};
    %vpi_call 2 439 "$finish" {0 0 0};
    %end;
    .thread T_16;
    .scope S_0x104f92a20;
T_17 ;
    %delay 705032704, 1;
    %vpi_call 2 447 "$display", "TIMEOUT: simulation exceeded 5 ms" {0 0 0};
    %vpi_call 2 448 "$finish" {0 0 0};
    %end;
    .thread T_17;
# The file index is used to find the file name in the following table.
:file_names 5;
    "N/A";
    "<interactive>";
    "sdram_arbiter_tb.v";
    "sdram_arbiter.v";
    "block_buffer.v";
